{"meta": {"format": 3, "version": "7.13.5", "timestamp": "2026-05-16T06:47:54.267091", "branch_coverage": false, "show_contexts": false}, "files": {"the_architect/__init__.py": {"executed_lines": [3, 5, 7], "summary": {"covered_lines": 3, "num_statements": 3, "percent_covered": 100.0, "percent_covered_display": "100", "missing_lines": 0, "excluded_lines": 0, "percent_statements_covered": 100.0, "percent_statements_covered_display": "100"}, "missing_lines": [], "excluded_lines": [], "functions": {"": {"executed_lines": [3, 5, 7], "summary": {"covered_lines": 3, "num_statements": 3, "percent_covered": 100.0, "percent_covered_display": "100", "missing_lines": 0, "excluded_lines": 0, "percent_statements_covered": 100.0, "percent_statements_covered_display": "100"}, "missing_lines": [], "excluded_lines": [], "start_line": 1}}, "classes": {"": {"executed_lines": [3, 5, 7], "summary": {"covered_lines": 3, "num_statements": 3, "percent_covered": 100.0, "percent_covered_display": "100", "missing_lines": 0, "excluded_lines": 0, "percent_statements_covered": 100.0, "percent_statements_covered_display": "100"}, "missing_lines": [], "excluded_lines": [], "start_line": 1}}}, "the_architect/cli.py": {"executed_lines": [8, 10, 11, 12, 13, 14, 15, 16, 17, 18, 19, 20, 21, 22, 28, 35, 37, 38, 39, 40, 41, 43, 44, 45, 46, 53, 61, 68, 69, 74, 81, 82, 90, 96, 98, 100, 101, 102, 103, 106, 107, 110, 111, 112, 115, 117, 118, 119, 120, 128, 129, 150, 151, 152, 160, 184, 185, 187, 188, 192, 193, 194, 195, 197, 207, 209, 210, 223, 231, 232, 234, 235, 236, 240, 243, 245, 246, 248, 249, 250, 253, 255, 261, 263, 264, 265, 271, 287, 288, 289, 290, 291, 292, 293, 297, 298, 299, 309, 312, 319, 320, 321, 322, 325, 334, 335, 336, 337, 339, 340, 341, 344, 356, 358, 359, 360, 362, 363, 364, 366, 367, 371, 373, 374, 375, 378, 379, 381, 382, 383, 387, 389, 390, 391, 396, 399, 407, 408, 409, 410, 411, 412, 413, 414, 415, 416, 420, 423, 426, 428, 434, 437, 452, 455, 461, 464, 470, 471, 472, 473, 476, 477, 479, 480, 481, 484, 486, 487, 488, 490, 491, 492, 494, 497, 498, 499, 500, 502, 503, 504, 505, 506, 507, 509, 511, 512, 514, 520, 526, 527, 532, 535, 537, 539, 540, 541, 542, 543, 544, 547, 553, 554, 555, 556, 560, 561, 567, 568, 569, 570, 571, 572, 573, 575, 576, 579, 580, 581, 583, 585, 586, 591, 598, 599, 601, 613, 614, 621, 626, 635, 637, 638, 639, 640, 641, 642, 643, 644, 645, 646, 647, 648, 649, 656, 661, 664, 665, 666, 669, 698, 700, 702, 713, 734, 740, 741, 742, 743, 744, 746, 747, 748, 751, 753, 754, 759, 760, 763, 766, 768, 777, 785, 792, 794, 796, 799, 817, 818, 820, 822, 843, 851, 986, 1081, 1098, 1099, 1101, 1102, 1103, 1104, 1105, 1106, 1107, 1108, 1109, 1110, 1111, 1112, 1113, 1115, 1116, 1118, 1119, 1120, 1122, 1124, 1125, 1136, 1137, 1138, 1139, 1143, 1146, 1148, 1149, 1150, 1152, 1153, 1154, 1155, 1160, 1162, 1163, 1169, 1170, 1171, 1172, 1173, 1182, 1233, 1314, 1316, 1319, 1329, 1332, 1354, 1355, 1356, 1357, 1359, 1360, 1361, 1364, 1365, 1366, 1367, 1368, 1371, 1612, 1914, 1942, 1987, 2102, 2169, 2205, 2206, 2212, 2213, 2214, 2215, 2216, 2276, 2277, 2278, 2279, 2281, 2282, 2284, 2285, 2286, 2288, 2289, 2290, 2292, 2305, 2306, 2307, 2311, 2312, 2317, 2326, 2327, 2328, 2329, 2342, 2344, 2345, 2346, 2351, 2353, 2354, 2358, 2362, 2363, 2368, 2370, 2374, 2375, 2376, 2379, 2382, 2383, 2384, 2385, 2388, 2389, 2392, 2397, 2398, 2399, 2402, 2406, 2411, 2414, 2415, 2418, 2419, 2420, 2421, 2422, 2424, 2427, 2428, 2429, 2430, 2435, 2437, 2438, 2456, 2470, 2471, 2475, 2486, 2487, 2506, 2509, 2510, 2511, 2515, 2516, 2517, 2518, 2519, 2520, 2528, 2579, 2580, 2582, 2585, 2586, 2816, 2830, 2831, 2832, 2833, 2834, 2835, 2836, 2848, 2876, 2877, 2889, 2890, 2891, 2893, 2895, 2896, 2902, 2904, 2906, 2907, 2908, 2910, 2911, 2912, 2913, 2915, 2920, 2924, 2925, 2926, 2947, 2948, 2966, 2973, 2974, 2975, 2976, 2979, 2980, 2981, 2982, 2983, 2987, 2988, 2989, 2990, 2991, 2992, 2996, 2997, 2998, 2999, 3011, 3012, 3013, 3014, 3015, 3016, 3017, 3031, 3032, 3033, 3034, 3035, 3038, 3039, 3045, 3047, 3048, 3049, 3053, 3055, 3056, 3060, 3061, 3067, 3068, 3069, 3076, 3077, 3081, 3087, 3089, 3091, 3092, 3093, 3100, 3101, 3105, 3106, 3107, 3108, 3109, 3110, 3119, 3120, 3121, 3122, 3130, 3132, 3137, 3139, 3142, 3148, 3149, 3150, 3151, 3153, 3162, 3163, 3172, 3173, 3175, 3176, 3178, 3179, 3180, 3182, 3183, 3184, 3185, 3186, 3192, 3193, 3194, 3195, 3199, 3200, 3203, 3235, 3263, 3294, 3348, 3365, 3420, 3421, 3422, 3423, 3424, 3425, 3426, 3431, 3433, 3434, 3435, 3437, 3438, 3439, 3440, 3441, 3451, 3452, 3453, 3461, 3469, 3470, 3472, 3473, 3474, 3475, 3476, 3477, 3478, 3479, 3480, 3481, 3483, 3484, 3485, 3486, 3487, 3488, 3490, 3508, 3510, 3511, 3514, 3516, 3517, 3518, 3519, 3520, 3521, 3524, 3526, 3527, 3528, 3529, 3530, 3534, 3535, 3536, 3537, 3540, 3551, 3552, 3553, 3555, 3556, 3557, 3558, 3559, 3562, 3564, 3569, 3570, 3575, 3576, 3577, 3578, 3579, 3582, 3584, 3585, 3586, 3587, 3619, 3621, 3624, 3626, 3627, 3628, 3631, 3657, 3663, 3665, 3666, 3674, 3682, 3683, 3689, 3690, 3697, 3698, 3704, 3711, 3718, 3723, 3729, 3734, 3741, 3749, 3757, 3764, 3771, 3783, 3801, 3803, 3804, 3809, 3810, 3814, 3817, 3818, 3820, 3823, 3824, 3827, 3828, 3831, 3832, 3835, 3836, 3837, 3838, 3841, 3842, 3845, 3846, 3853, 3855, 3862, 3863, 3864, 3865, 3867, 3868, 3870, 3871, 3874, 3875, 3876, 3879, 3880, 3884, 3885, 3887, 3897, 3898, 3900, 3901, 3903, 3904, 3906, 3909, 3910, 3911, 3912, 3922, 3923, 3924, 3925, 3926, 3929, 3930, 3932, 3934, 3935, 3936, 3941, 3942, 3943, 3944, 3945, 3948, 3949, 3950, 3954, 3957, 3958, 3959, 3960, 3961, 3962, 3963, 3994, 4000, 4001, 4002, 4003, 4006, 4007, 4008, 4009, 4010, 4011, 4012, 4013, 4014, 4015, 4016, 4017, 4018, 4019, 4020, 4021, 4023, 4024, 4025, 4030, 4031, 4032, 4038, 4042, 4043, 4044, 4046, 4058, 4059, 4067, 4075, 4077, 4079, 4081, 4119, 4120, 4121, 4122, 4126, 4128, 4129, 4133, 4134, 4137, 4162, 4164, 4172, 4181, 4182, 4184, 4185, 4193, 4194, 4195, 4210, 4219, 4238, 4248, 4250, 4254, 4270, 4271, 4272, 4273, 4282, 4283, 4300, 4301, 4303, 4308, 4311, 4312, 4318, 4329, 4330, 4332, 4333, 4335, 4338, 4353, 4354, 4355, 4359, 4360, 4364, 4365, 4369, 4370, 4391, 4392, 4396, 4401, 4410, 4432, 4436, 4440, 4441, 4442, 4446, 4513, 4515, 4525, 4526, 4533, 4534, 4536, 4546, 4547, 4553, 4554, 4555, 4556, 4571, 4574, 4643, 4644, 4646, 4648, 4649, 4657, 4683, 4684, 4685, 4686, 4687, 4691, 4692, 4693, 4696, 4712, 4713, 4715, 4716, 4719, 4735, 4737, 4738, 4739, 4740, 4743, 4746, 4747, 4748, 4749, 4750, 4751, 4755, 4756, 4757, 4758, 4759, 4760, 4761, 4770, 4771, 4773, 4774, 4775, 4776, 4780, 4781, 4796, 4797, 4798, 4799, 4800, 4801, 4802, 4803, 4806, 4807, 4813, 4814, 4822, 4829, 4830, 4831, 4832, 4834, 4835, 4838, 4851, 4853, 4861, 4862, 4863, 4864, 4865, 4866, 4867, 4871, 4883, 4884, 4885, 4886, 4887, 4904, 4905, 4921, 4922, 4923, 4926, 4927, 4934, 4935, 4937, 4938, 4939, 4940, 4943, 4944, 4946, 4949, 4951, 4964, 4965, 4968, 4969, 4970, 4979, 4980, 4984, 4985, 4986, 4990, 4991, 4993, 4995, 4998, 4999, 5001, 5002, 5006, 5007, 5008, 5010, 5012, 5019, 5020, 5021, 5028, 5031, 5032, 5033, 5038, 5039, 5046, 5047, 5048, 5055, 5056, 5057, 5063, 5064, 5065, 5068, 5069, 5071, 5072, 5085, 5086, 5087, 5088, 5092, 5093, 5094, 5096, 5101, 5102, 5104, 5105, 5106, 5107, 5108, 5113, 5115, 5123, 5124, 5125, 5127, 5128, 5129, 5130, 5132, 5135, 5140, 5141, 5142, 5155, 5156, 5161, 5162, 5163, 5164, 5165, 5166, 5167, 5170, 5180, 5181, 5182, 5183, 5184, 5185, 5188, 5189, 5190, 5194, 5195, 5197, 5198, 5199, 5203, 5206, 5208, 5209, 5216, 5217, 5218, 5220, 5221, 5234, 5235, 5236, 5240, 5244, 5245, 5251, 5252, 5277, 5279, 5282, 5283, 5284, 5285, 5286, 5287, 5288, 5289, 5293, 5294, 5306, 5315, 5316, 5317, 5321, 5322, 5323, 5324, 5325, 5326, 5327, 5337, 5338, 5339, 5340, 5341, 5342, 5343, 5344, 5349, 5350, 5351, 5352, 5354, 5355, 5373, 5375, 5385, 5392, 5394, 5395, 5397, 5398, 5400, 5408, 5409, 5415, 5421, 5423, 5424, 5426, 5435, 5436, 5438, 5439, 5440, 5442, 5443, 5445, 5446, 5447, 5449, 5450, 5452, 5453, 5454, 5455, 5457, 5458, 5459, 5460, 5461, 5463, 5466, 5467, 5469, 5470, 5473, 5474, 5475, 5481, 5490, 5491, 5492, 5493, 5495, 5496, 5500, 5501, 5502, 5503, 5504, 5506, 5507, 5508, 5510, 5511, 5512, 5514, 5516, 5517, 5521, 5522, 5523, 5526, 5527, 5528, 5534, 5536, 5537, 5538, 5539, 5541, 5542, 5543, 5544, 5546, 5547, 5548, 5549, 5550, 5551, 5552, 5554, 5555, 5558, 5559, 5565, 5567, 5568, 5570, 5571, 5572, 5574, 5575, 5576, 5577, 5579, 5580, 5587, 5588, 5590, 5593, 5594, 5600, 5611, 5612, 5614, 5615, 5617, 5618, 5619, 5620, 5623, 5624, 5625, 5626, 5627, 5630, 5631, 5632, 5635, 5636, 5637, 5640, 5643, 5644, 5645, 5646, 5648, 5649, 5655, 5656, 5660, 5663, 5664, 5665, 5667, 5670, 5671, 5672, 5673, 5674, 5675, 5676, 5679, 5686, 5699, 5700, 5701, 5702, 5703, 5704, 5707, 5709, 5710, 5711, 5712, 5715, 5716, 5718, 5719, 5720, 5721, 5722, 5723, 5724, 5727, 5728, 5729, 5730, 5731, 5732, 5733, 5735, 5736, 5737, 5740, 5741, 5742, 5743, 5744, 5745, 5746, 5747, 5755, 5756, 5757, 5760, 5761, 5767, 5768, 5769, 5770, 5771, 5776, 5777, 5778, 5779, 5780, 5781, 5785, 5788, 5789, 5795, 5801, 5807, 5817, 5819, 5822, 5823, 5824, 5825, 5827, 5836, 5838, 5839, 5842, 5845, 5846, 5847, 5848, 5849, 5852, 5853, 5854, 5857, 5860, 5861, 5863, 5865, 5868, 5869, 5871, 5872, 5876, 5877, 5878, 5880, 5881, 5883, 5884, 5885, 5886, 5888, 5889, 5890, 5891, 5892, 5893, 5894, 5896, 5899, 5900, 5902, 5903, 5905, 5908, 5909, 5910, 5911, 5912, 5917, 5918, 5919, 5920, 5921, 5922, 5923, 5927, 5928, 5929, 5932, 5933, 5937, 5940, 5941, 5942, 5943, 5944, 5945, 5946, 5947, 5948, 5949, 5950, 5958, 5967, 5970, 5981, 5982, 5984, 5986, 5987, 5991, 5993, 5994, 5995, 5996, 5999, 6000, 6001, 6002, 6003, 6004, 6005, 6007, 6009, 6010, 6011, 6013, 6014, 6015, 6016, 6017, 6019, 6020, 6022, 6025, 6026, 6027, 6029, 6030, 6038, 6039, 6041, 6043, 6044, 6045, 6046, 6049, 6050, 6051, 6053, 6054, 6055, 6056, 6058, 6059, 6062, 6066, 6069, 6078, 6080, 6090, 6091, 6092, 6093, 6094, 6095, 6104, 6105, 6107, 6110, 6111, 6118, 6124, 6130, 6137, 6148, 6150, 6152, 6155, 6156, 6158, 6159, 6160, 6162, 6165, 6166, 6173, 6178, 6187, 6188, 6189, 6191, 6192, 6195, 6196, 6197, 6199, 6213, 6216, 6217, 6218, 6220, 6232, 6234, 6235, 6236, 6237, 6238, 6239, 6240, 6244, 6245, 6246, 6252, 6253, 6256, 6257, 6263, 6270, 6278, 6284, 6290, 6309, 6310, 6312, 6324, 6325, 6327, 6328, 6329, 6331, 6333, 6334, 6335, 6338, 6339, 6340, 6341, 6342, 6343, 6344, 6345, 6346, 6347, 6349, 6350, 6351, 6352, 6353, 6354, 6356, 6357, 6358, 6359, 6360, 6362, 6363, 6365, 6366, 6367, 6368, 6369, 6370, 6371, 6372, 6373, 6374, 6375, 6376, 6378, 6380, 6381, 6383, 6384, 6385, 6386, 6387, 6390, 6391, 6393, 6394, 6395, 6396, 6397, 6399, 6401, 6402, 6403, 6404, 6405, 6407, 6408, 6409, 6412, 6413, 6419, 6426, 6432, 6476, 6477, 6478, 6479, 6481, 6483, 6484, 6485, 6486, 6487, 6488, 6489, 6490, 6493, 6494, 6495, 6496, 6499, 6502, 6503, 6504, 6505, 6506, 6507, 6508, 6510, 6511, 6512, 6514, 6515, 6516, 6517, 6519, 6520, 6521, 6522, 6523, 6525, 6526, 6527, 6528, 6531, 6535, 6544, 6545, 6549, 6552, 6569, 6570, 6572, 6573, 6574, 6576, 6577, 6578, 6581, 6582, 6588, 6595, 6601, 6617, 6618, 6620, 6621, 6623, 6625, 6626, 6628, 6630, 6632, 6633, 6634, 6635, 6637, 6646, 6649, 6650, 6651, 6652, 6653, 6655, 6656, 6657, 6658, 6659, 6661, 6662, 6663, 6664, 6665, 6666, 6667, 6669, 6670, 6672, 6674, 6682, 6684, 6685, 6686, 6687, 6689, 6691, 6692, 6693, 6695, 6696, 6697, 6698, 6699, 6700, 6701, 6702, 6703, 6704, 6705, 6708, 6709, 6710, 6711, 6713, 6715, 6716, 6720, 6721, 6722, 6725, 6728, 6729, 6731, 6734, 6735, 6737, 6739, 6741, 6742, 6744, 6745, 6746, 6747, 6750, 6751, 6752, 6753, 6760, 6761, 6762, 6764, 6765, 6766, 6774, 6776, 6777, 6778, 6781, 6782, 6789, 6790, 6797, 6799, 6800, 6801, 6806, 6808, 6809, 6810, 6812, 6813, 6814, 6815, 6816, 6818, 6819, 6820, 6821, 6822, 6823, 6825, 6826, 6827, 6828, 6829, 6830, 6831, 6832, 6833, 6834, 6835, 6836, 6837, 6838, 6840, 6841, 6842, 6846, 6847, 6848, 6851, 6852, 6868, 6869, 6875, 6885, 6886, 6888, 6889, 6891, 6892, 6893, 6894, 6895, 6896, 6904], "summary": {"covered_lines": 1847, "num_statements": 3103, "percent_covered": 59.52304221720915, "percent_covered_display": "60", "missing_lines": 1256, "excluded_lines": 6, "percent_statements_covered": 59.52304221720915, "percent_statements_covered_display": "60"}, "missing_lines": [29, 161, 162, 163, 165, 166, 167, 168, 169, 170, 171, 172, 173, 174, 180, 181, 198, 199, 338, 368, 369, 392, 393, 394, 421, 422, 474, 493, 495, 508, 510, 515, 521, 538, 557, 558, 577, 587, 588, 600, 622, 623, 681, 682, 684, 686, 687, 689, 690, 691, 692, 693, 695, 724, 725, 727, 728, 729, 731, 749, 756, 757, 761, 795, 867, 868, 869, 874, 882, 883, 885, 886, 887, 888, 889, 890, 892, 893, 894, 895, 897, 898, 899, 908, 910, 912, 913, 915, 917, 918, 920, 922, 923, 924, 926, 927, 929, 930, 932, 933, 934, 935, 936, 937, 939, 940, 941, 942, 944, 945, 950, 951, 952, 953, 955, 956, 957, 959, 960, 962, 971, 978, 980, 981, 983, 1007, 1008, 1009, 1011, 1012, 1013, 1015, 1016, 1017, 1018, 1020, 1021, 1023, 1024, 1025, 1026, 1028, 1029, 1031, 1032, 1033, 1035, 1036, 1038, 1039, 1040, 1041, 1042, 1044, 1045, 1047, 1048, 1059, 1060, 1062, 1070, 1077, 1078, 1140, 1141, 1151, 1156, 1157, 1164, 1165, 1166, 1167, 1175, 1178, 1179, 1184, 1185, 1186, 1187, 1188, 1189, 1190, 1192, 1193, 1194, 1195, 1197, 1199, 1200, 1201, 1202, 1203, 1205, 1206, 1217, 1230, 1248, 1249, 1250, 1252, 1253, 1254, 1256, 1257, 1258, 1259, 1261, 1262, 1264, 1265, 1266, 1267, 1269, 1270, 1272, 1273, 1274, 1276, 1277, 1279, 1280, 1292, 1293, 1295, 1303, 1310, 1311, 1362, 1363, 1403, 1404, 1405, 1406, 1408, 1409, 1410, 1411, 1412, 1413, 1414, 1415, 1417, 1418, 1419, 1420, 1425, 1430, 1431, 1432, 1433, 1434, 1437, 1438, 1439, 1440, 1441, 1442, 1443, 1446, 1448, 1449, 1451, 1453, 1454, 1456, 1458, 1459, 1461, 1463, 1464, 1466, 1467, 1468, 1469, 1470, 1471, 1473, 1474, 1475, 1477, 1478, 1480, 1481, 1484, 1486, 1487, 1489, 1490, 1492, 1494, 1496, 1497, 1499, 1500, 1502, 1503, 1505, 1506, 1509, 1510, 1513, 1514, 1516, 1518, 1519, 1520, 1521, 1523, 1524, 1525, 1526, 1529, 1530, 1531, 1532, 1534, 1535, 1536, 1537, 1539, 1540, 1541, 1542, 1544, 1545, 1546, 1547, 1550, 1551, 1552, 1553, 1554, 1555, 1557, 1558, 1559, 1560, 1563, 1564, 1565, 1569, 1571, 1573, 1574, 1576, 1586, 1593, 1595, 1596, 1599, 1600, 1601, 1602, 1604, 1642, 1643, 1644, 1645, 1647, 1652, 1653, 1654, 1655, 1657, 1658, 1659, 1660, 1665, 1670, 1671, 1672, 1673, 1674, 1675, 1676, 1679, 1680, 1681, 1682, 1683, 1684, 1685, 1686, 1689, 1691, 1692, 1694, 1696, 1697, 1699, 1701, 1702, 1704, 1706, 1707, 1709, 1710, 1711, 1712, 1713, 1714, 1715, 1716, 1717, 1718, 1719, 1720, 1722, 1723, 1725, 1726, 1728, 1729, 1731, 1732, 1734, 1735, 1738, 1740, 1741, 1743, 1744, 1746, 1748, 1750, 1751, 1753, 1754, 1756, 1757, 1759, 1760, 1763, 1764, 1767, 1768, 1771, 1772, 1773, 1774, 1775, 1776, 1777, 1778, 1779, 1780, 1783, 1785, 1787, 1788, 1789, 1790, 1792, 1793, 1794, 1795, 1798, 1799, 1800, 1801, 1803, 1804, 1805, 1806, 1808, 1809, 1810, 1811, 1813, 1814, 1815, 1816, 1819, 1820, 1821, 1822, 1823, 1824, 1826, 1827, 1828, 1829, 1832, 1835, 1836, 1837, 1839, 1840, 1841, 1843, 1844, 1845, 1847, 1848, 1849, 1852, 1853, 1854, 1857, 1858, 1859, 1860, 1862, 1864, 1866, 1867, 1869, 1882, 1889, 1891, 1892, 1895, 1896, 1897, 1898, 1900, 1920, 1921, 1925, 1927, 1932, 1933, 1934, 1935, 1936, 1937, 1939, 1956, 1958, 1980, 1981, 1982, 1984, 2003, 2005, 2006, 2008, 2013, 2014, 2015, 2019, 2021, 2023, 2025, 2029, 2034, 2035, 2036, 2038, 2043, 2044, 2046, 2047, 2048, 2049, 2050, 2051, 2052, 2060, 2062, 2064, 2065, 2066, 2067, 2068, 2069, 2071, 2072, 2073, 2074, 2075, 2076, 2077, 2080, 2081, 2083, 2090, 2091, 2092, 2096, 2097, 2099, 2118, 2120, 2121, 2124, 2125, 2128, 2130, 2131, 2135, 2136, 2137, 2139, 2143, 2144, 2145, 2146, 2147, 2148, 2149, 2151, 2152, 2153, 2155, 2162, 2163, 2164, 2166, 2217, 2219, 2227, 2228, 2229, 2233, 2234, 2235, 2236, 2237, 2238, 2241, 2243, 2244, 2245, 2248, 2249, 2250, 2251, 2255, 2259, 2260, 2262, 2267, 2268, 2272, 2283, 2293, 2295, 2296, 2297, 2298, 2300, 2303, 2309, 2331, 2332, 2334, 2335, 2349, 2350, 2356, 2364, 2365, 2369, 2386, 2387, 2393, 2439, 2441, 2442, 2443, 2444, 2466, 2467, 2488, 2490, 2491, 2492, 2493, 2588, 2589, 2592, 2593, 2594, 2595, 2597, 2598, 2599, 2603, 2604, 2605, 2606, 2607, 2608, 2610, 2612, 2613, 2614, 2615, 2616, 2617, 2618, 2621, 2625, 2626, 2628, 2633, 2634, 2637, 2646, 2647, 2648, 2651, 2652, 2653, 2655, 2666, 2667, 2668, 2669, 2670, 2671, 2678, 2679, 2680, 2681, 2682, 2683, 2684, 2685, 2686, 2691, 2697, 2700, 2701, 2711, 2712, 2714, 2715, 2716, 2717, 2718, 2726, 2727, 2728, 2729, 2730, 2732, 2733, 2734, 2735, 2736, 2737, 2738, 2740, 2741, 2748, 2750, 2751, 2752, 2753, 2754, 2755, 2756, 2758, 2759, 2760, 2761, 2762, 2763, 2765, 2766, 2767, 2768, 2769, 2770, 2772, 2773, 2774, 2775, 2776, 2777, 2779, 2780, 2781, 2782, 2783, 2785, 2786, 2787, 2788, 2789, 2790, 2791, 2796, 2797, 2805, 2806, 2808, 2878, 2881, 2887, 2941, 2942, 2943, 2962, 2963, 2964, 2967, 2968, 2984, 2985, 3008, 3009, 3018, 3019, 3028, 3029, 3040, 3041, 3042, 3043, 3062, 3063, 3064, 3065, 3082, 3083, 3084, 3085, 3090, 3111, 3112, 3123, 3133, 3134, 3135, 3181, 3189, 3190, 3196, 3197, 3201, 3236, 3237, 3238, 3245, 3247, 3248, 3249, 3250, 3251, 3252, 3255, 3256, 3257, 3258, 3259, 3260, 3261, 3264, 3269, 3273, 3274, 3275, 3278, 3279, 3280, 3285, 3286, 3287, 3290, 3291, 3292, 3295, 3296, 3297, 3298, 3299, 3300, 3301, 3302, 3303, 3304, 3305, 3306, 3307, 3308, 3312, 3313, 3314, 3317, 3318, 3319, 3323, 3324, 3325, 3329, 3330, 3332, 3333, 3334, 3335, 3336, 3337, 3338, 3339, 3340, 3343, 3344, 3345, 3346, 3349, 3353, 3354, 3355, 3366, 3367, 3368, 3372, 3373, 3374, 3377, 3378, 3379, 3381, 3382, 3383, 3385, 3386, 3387, 3388, 3389, 3390, 3397, 3398, 3399, 3400, 3401, 3402, 3409, 3417, 3418, 3429, 3430, 3442, 3449, 3450, 3454, 3531, 3532, 3589, 3590, 3591, 3592, 3596, 3601, 3602, 3604, 3606, 3613, 3614, 3615, 3616, 3650, 3652, 3653, 3654, 3667, 3668, 3670, 3815, 3856, 3872, 3873, 3913, 3914, 3915, 3920, 3964, 3965, 3969, 3970, 3971, 3972, 3973, 3974, 3978, 3979, 3980, 3981, 3982, 3983, 3985, 3989, 3990, 3991, 3992, 3993, 4047, 4048, 4076, 4078, 4102, 4103, 4123, 4124, 4125, 4127, 4131, 4132, 4138, 4139, 4140, 4141, 4145, 4146, 4147, 4150, 4151, 4152, 4153, 4155, 4158, 4211, 4212, 4220, 4221, 4226, 4227, 4228, 4229, 4230, 4231, 4232, 4233, 4234, 4235, 4239, 4240, 4242, 4243, 4244, 4245, 4251, 4252, 4290, 4291, 4292, 4293, 4294, 4304, 4305, 4319, 4320, 4321, 4322, 4323, 4324, 4325, 4326, 4327, 4339, 4341, 4361, 4362, 4405, 4416, 4419, 4420, 4426, 4430, 4438, 4448, 4449, 4451, 4452, 4453, 4454, 4458, 4459, 4463, 4464, 4466, 4471, 4472, 4475, 4478, 4479, 4480, 4484, 4485, 4487, 4488, 4489, 4493, 4496, 4497, 4498, 4499, 4501, 4502, 4505, 4509, 4516, 4520, 4523, 4537, 4538, 4565, 4566, 4658, 4660, 4661, 4664, 4667, 4668, 4672, 4676, 4677, 4697, 4702, 4703, 4704, 4705, 4706, 4707, 4708, 4709, 4710, 4720, 4722, 4752, 4762, 4763, 4808, 4815, 4816, 4836, 4852, 4872, 4873, 4875, 4876, 4877, 4878, 4879, 4888, 4889, 4890, 4891, 4892, 4897, 4903, 4924, 4925, 4928, 4929, 5036, 5037, 5151, 5152, 5204, 5205, 5222, 5225, 5229, 5230, 5237, 5238, 5242, 5265, 5266, 5267, 5268, 5269, 5270, 5273, 5274, 5275, 5280, 5296, 5297, 5298, 5302, 5303, 5304, 5318, 5319, 5356, 5363, 5364, 5366, 5386, 5387, 5388, 5389, 5391, 5427, 5428, 5430, 5431, 5432, 5433, 5462, 5464, 5518, 5519, 5520, 5657, 5658, 5705, 5706, 5782, 5783, 5828, 5829, 5831, 5832, 5833, 5834, 5895, 5897, 6012, 6060, 6061, 6313, 6314, 6318, 6319, 6320, 6321, 6322, 6536, 6537, 6539, 6540, 6541, 6542, 6638, 6639, 6641, 6642, 6643, 6644, 6706, 6748, 6767, 6768, 6769, 6770, 6771, 6772, 6783, 6784, 6785, 6786, 6787, 6802, 6803, 6804, 6811, 6860, 6861, 6865, 6905], "excluded_lines": [31, 32, 33, 6862, 6863, 6864], "functions": {"_truncate_goal_for_display": {"executed_lines": [117, 118, 119, 120], "summary": {"covered_lines": 4, "num_statements": 4, "percent_covered": 100.0, "percent_covered_display": "100", "missing_lines": 0, "excluded_lines": 0, "percent_statements_covered": 100.0, "percent_statements_covered_display": "100"}, "missing_lines": [], "excluded_lines": [], "start_line": 115}, "alternate_screen": {"executed_lines": [150, 151, 152, 160, 184, 185, 187, 188, 192, 193, 194, 195, 197], "summary": {"covered_lines": 13, "num_statements": 30, "percent_covered": 43.333333333333336, "percent_covered_display": "43", "missing_lines": 17, "excluded_lines": 0, "percent_statements_covered": 43.333333333333336, "percent_statements_covered_display": "43"}, "missing_lines": [161, 162, 163, 165, 166, 167, 168, 169, 170, 171, 172, 173, 174, 180, 181, 198, 199], "excluded_lines": [], "start_line": 129}, "_setup_loguru": {"executed_lines": [209, 210], "summary": {"covered_lines": 2, "num_statements": 2, "percent_covered": 100.0, "percent_covered_display": "100", "missing_lines": 0, "excluded_lines": 0, "percent_statements_covered": 100.0, "percent_statements_covered_display": "100"}, "missing_lines": [], "excluded_lines": [], "start_line": 207}, "_provider_has_any_models": {"executed_lines": [231, 232, 234, 235, 236], "summary": {"covered_lines": 5, "num_statements": 5, "percent_covered": 100.0, "percent_covered_display": "100", "missing_lines": 0, "excluded_lines": 0, "percent_statements_covered": 100.0, "percent_statements_covered_display": "100"}, "missing_lines": [], "excluded_lines": [], "start_line": 223}, "_apply_persistent_mode": {"executed_lines": [245, 246, 248, 249, 250], "summary": {"covered_lines": 5, "num_statements": 5, "percent_covered": 100.0, "percent_covered_display": "100", "missing_lines": 0, "excluded_lines": 0, "percent_statements_covered": 100.0, "percent_statements_covered_display": "100"}, "missing_lines": [], "excluded_lines": [], "start_line": 243}, "_infinite_loop_active": {"executed_lines": [255], "summary": {"covered_lines": 1, "num_statements": 1, "percent_covered": 100.0, "percent_covered_display": "100", "missing_lines": 0, "excluded_lines": 0, "percent_statements_covered": 100.0, "percent_statements_covered_display": "100"}, "missing_lines": [], "excluded_lines": [], "start_line": 253}, "_apply_infinite_loop_mode": {"executed_lines": [263, 264, 265], "summary": {"covered_lines": 3, "num_statements": 3, "percent_covered": 100.0, "percent_covered_display": "100", "missing_lines": 0, "excluded_lines": 0, "percent_statements_covered": 100.0, "percent_statements_covered_display": "100"}, "missing_lines": [], "excluded_lines": [], "start_line": 261}, "_filter_and_set_status": {"executed_lines": [287, 288, 289, 290, 291, 292, 293, 297, 298, 299, 309], "summary": {"covered_lines": 11, "num_statements": 11, "percent_covered": 100.0, "percent_covered_display": "100", "missing_lines": 0, "excluded_lines": 0, "percent_statements_covered": 100.0, "percent_statements_covered_display": "100"}, "missing_lines": [], "excluded_lines": [], "start_line": 271}, "_infinite_loop_should_continue_after_exit": {"executed_lines": [319, 320, 321, 322], "summary": {"covered_lines": 4, "num_statements": 4, "percent_covered": 100.0, "percent_covered_display": "100", "missing_lines": 0, "excluded_lines": 0, "percent_statements_covered": 100.0, "percent_statements_covered_display": "100"}, "missing_lines": [], "excluded_lines": [], "start_line": 312}, "_infinite_loop_has_clean_exit_state": {"executed_lines": [334, 335, 336, 337, 339, 340, 341], "summary": {"covered_lines": 7, "num_statements": 8, "percent_covered": 87.5, "percent_covered_display": "88", "missing_lines": 1, "excluded_lines": 0, "percent_statements_covered": 87.5, "percent_statements_covered_display": "88"}, "missing_lines": [338], "excluded_lines": [], "start_line": 325}, "_infinite_loop_reset_sleep_interrupted_tasks": {"executed_lines": [356, 358, 359, 360, 362, 363, 364, 366, 367, 371, 373, 374, 375, 378, 379, 381, 382, 383, 387, 389, 390, 391, 396], "summary": {"covered_lines": 23, "num_statements": 28, "percent_covered": 82.14285714285714, "percent_covered_display": "82", "missing_lines": 5, "excluded_lines": 0, "percent_statements_covered": 82.14285714285714, "percent_statements_covered_display": "82"}, "missing_lines": [368, 369, 392, 393, 394], "excluded_lines": [], "start_line": 344}, "_infinite_loop_success_after_clean_failure": {"executed_lines": [407, 408, 409, 410, 411, 412, 413, 414, 415, 416, 420, 423], "summary": {"covered_lines": 12, "num_statements": 14, "percent_covered": 85.71428571428571, "percent_covered_display": "86", "missing_lines": 2, "excluded_lines": 0, "percent_statements_covered": 85.71428571428571, "percent_statements_covered_display": "86"}, "missing_lines": [421, 422], "excluded_lines": [], "start_line": 399}, "_monitor_state_needs_killed_finalizer": {"executed_lines": [428, 434], "summary": {"covered_lines": 2, "num_statements": 2, "percent_covered": 100.0, "percent_covered_display": "100", "missing_lines": 0, "excluded_lines": 0, "percent_statements_covered": 100.0, "percent_statements_covered_display": "100"}, "missing_lines": [], "excluded_lines": [], "start_line": 426}, "_task_is_terminal": {"executed_lines": [452], "summary": {"covered_lines": 1, "num_statements": 1, "percent_covered": 100.0, "percent_covered_display": "100", "missing_lines": 0, "excluded_lines": 0, "percent_statements_covered": 100.0, "percent_statements_covered_display": "100"}, "missing_lines": [], "excluded_lines": [], "start_line": 437}, "_task_needs_work": {"executed_lines": [461], "summary": {"covered_lines": 1, "num_statements": 1, "percent_covered": 100.0, "percent_covered_display": "100", "missing_lines": 0, "excluded_lines": 0, "percent_statements_covered": 100.0, "percent_statements_covered_display": "100"}, "missing_lines": [], "excluded_lines": [], "start_line": 455}, "_resolve_infinite_loop_goal": {"executed_lines": [470, 471, 472, 473, 476, 477, 479, 480, 481], "summary": {"covered_lines": 9, "num_statements": 10, "percent_covered": 90.0, "percent_covered_display": "90", "missing_lines": 1, "excluded_lines": 0, "percent_statements_covered": 90.0, "percent_statements_covered_display": "90"}, "missing_lines": [474], "excluded_lines": [], "start_line": 464}, "_validate_cycle": {"executed_lines": [486, 487, 488, 490, 491, 492, 494, 497, 498, 499, 500, 502, 503, 504, 505, 506, 507, 509, 511, 512, 514, 520, 526, 527, 532], "summary": {"covered_lines": 25, "num_statements": 31, "percent_covered": 80.64516129032258, "percent_covered_display": "81", "missing_lines": 6, "excluded_lines": 0, "percent_statements_covered": 80.64516129032258, "percent_statements_covered_display": "81"}, "missing_lines": [493, 495, 508, 510, 515, 521], "excluded_lines": [], "start_line": 484}, "_format_cycle_validation_feedback": {"executed_lines": [537, 539, 540, 541, 542, 543, 544], "summary": {"covered_lines": 7, "num_statements": 8, "percent_covered": 87.5, "percent_covered_display": "88", "missing_lines": 1, "excluded_lines": 0, "percent_statements_covered": 87.5, "percent_statements_covered_display": "88"}, "missing_lines": [538], "excluded_lines": [], "start_line": 535}, "_write_cycle_validation_to_progress": {"executed_lines": [553, 554, 555, 556, 560, 561, 567, 568, 569, 570, 571, 572, 573, 575, 576, 579, 580, 581, 583, 585, 586], "summary": {"covered_lines": 21, "num_statements": 26, "percent_covered": 80.76923076923077, "percent_covered_display": "81", "missing_lines": 5, "excluded_lines": 0, "percent_statements_covered": 80.76923076923077, "percent_statements_covered_display": "81"}, "missing_lines": [557, 558, 577, 587, 588], "excluded_lines": [], "start_line": 547}, "_recover_missing_summary_for_terminal_tasks": {"executed_lines": [598, 599, 601, 613, 614, 621], "summary": {"covered_lines": 6, "num_statements": 9, "percent_covered": 66.66666666666667, "percent_covered_display": "67", "missing_lines": 3, "excluded_lines": 0, "percent_statements_covered": 66.66666666666667, "percent_statements_covered_display": "67"}, "missing_lines": [600, 622, 623], "excluded_lines": [], "start_line": 591}, "_unsafe_retrospective_tasks": {"executed_lines": [637, 638, 639, 640, 641, 642, 643, 644, 645, 646, 647, 648, 649], "summary": {"covered_lines": 13, "num_statements": 13, "percent_covered": 100.0, "percent_covered_display": "100", "missing_lines": 0, "excluded_lines": 0, "percent_statements_covered": 100.0, "percent_statements_covered_display": "100"}, "missing_lines": [], "excluded_lines": [], "start_line": 635}, "_wait_for_keypress": {"executed_lines": [], "summary": {"covered_lines": 0, "num_statements": 11, "percent_covered": 0.0, "percent_covered_display": "0", "missing_lines": 11, "excluded_lines": 0, "percent_statements_covered": 0.0, "percent_statements_covered_display": "0"}, "missing_lines": [681, 682, 684, 686, 687, 689, 690, 691, 692, 693, 695], "excluded_lines": [], "start_line": 669}, "_padded_window": {"executed_lines": [700, 702], "summary": {"covered_lines": 2, "num_statements": 2, "percent_covered": 100.0, "percent_covered_display": "100", "missing_lines": 0, "excluded_lines": 0, "percent_statements_covered": 100.0, "percent_statements_covered_display": "100"}, "missing_lines": [], "excluded_lines": [], "start_line": 698}, "_get_prompt_toolkit_output": {"executed_lines": [], "summary": {"covered_lines": 0, "num_statements": 6, "percent_covered": 0.0, "percent_covered_display": "0", "missing_lines": 6, "excluded_lines": 0, "percent_statements_covered": 0.0, "percent_statements_covered_display": "0"}, "missing_lines": [724, 725, 727, 728, 729, 731], "excluded_lines": [], "start_line": 713}, "_prompt_text_input": {"executed_lines": [740, 741, 742, 743, 744, 746, 747, 748, 751, 753, 754, 759, 760, 763, 766, 768, 777, 785, 792, 794, 796], "summary": {"covered_lines": 21, "num_statements": 23, "percent_covered": 91.30434782608695, "percent_covered_display": "91", "missing_lines": 2, "excluded_lines": 0, "percent_statements_covered": 91.30434782608695, "percent_statements_covered_display": "91"}, "missing_lines": [749, 795], "excluded_lines": [], "start_line": 734}, "_prompt_text_input._": {"executed_lines": [], "summary": {"covered_lines": 0, "num_statements": 1, "percent_covered": 0.0, "percent_covered_display": "0", "missing_lines": 1, "excluded_lines": 0, "percent_statements_covered": 0.0, "percent_statements_covered_display": "0"}, "missing_lines": [761], "excluded_lines": [], "start_line": 760}, "_questionary_style": {"executed_lines": [817, 818, 820, 822, 843], "summary": {"covered_lines": 5, "num_statements": 5, "percent_covered": 100.0, "percent_covered_display": "100", "missing_lines": 0, "excluded_lines": 0, "percent_statements_covered": 100.0, "percent_statements_covered_display": "100"}, "missing_lines": [], "excluded_lines": [], "start_line": 799}, "_prompt_provider_selection": {"executed_lines": [], "summary": {"covered_lines": 0, "num_statements": 38, "percent_covered": 0.0, "percent_covered_display": "0", "missing_lines": 38, "excluded_lines": 0, "percent_statements_covered": 0.0, "percent_statements_covered_display": "0"}, "missing_lines": [867, 868, 869, 874, 882, 883, 885, 886, 887, 888, 889, 890, 892, 893, 894, 895, 897, 898, 899, 908, 910, 912, 913, 917, 918, 922, 923, 926, 927, 932, 959, 960, 962, 971, 978, 980, 981, 983], "excluded_lines": [], "start_line": 851}, "_prompt_provider_selection._": {"executed_lines": [], "summary": {"covered_lines": 0, "num_statements": 2, "percent_covered": 0.0, "percent_covered_display": "0", "missing_lines": 2, "excluded_lines": 0, "percent_statements_covered": 0.0, "percent_statements_covered_display": "0"}, "missing_lines": [929, 930], "excluded_lines": [], "start_line": 927}, "_prompt_provider_selection._render": {"executed_lines": [], "summary": {"covered_lines": 0, "num_statements": 18, "percent_covered": 0.0, "percent_covered_display": "0", "missing_lines": 18, "excluded_lines": 0, "percent_statements_covered": 0.0, "percent_statements_covered_display": "0"}, "missing_lines": [933, 934, 935, 936, 937, 939, 940, 941, 942, 944, 945, 950, 951, 952, 953, 955, 956, 957], "excluded_lines": [], "start_line": 932}, "_prompt_update_action": {"executed_lines": [], "summary": {"covered_lines": 0, "num_statements": 31, "percent_covered": 0.0, "percent_covered_display": "0", "missing_lines": 31, "excluded_lines": 0, "percent_statements_covered": 0.0, "percent_statements_covered_display": "0"}, "missing_lines": [1007, 1008, 1009, 1011, 1012, 1013, 1015, 1016, 1017, 1018, 1020, 1021, 1023, 1024, 1025, 1026, 1031, 1032, 1033, 1038, 1039, 1040, 1041, 1042, 1047, 1059, 1060, 1062, 1070, 1077, 1078], "excluded_lines": [], "start_line": 986}, "_prompt_update_action._": {"executed_lines": [], "summary": {"covered_lines": 0, "num_statements": 2, "percent_covered": 0.0, "percent_covered_display": "0", "missing_lines": 2, "excluded_lines": 0, "percent_statements_covered": 0.0, "percent_statements_covered_display": "0"}, "missing_lines": [1044, 1045], "excluded_lines": [], "start_line": 1042}, "_prompt_update_action._render": {"executed_lines": [], "summary": {"covered_lines": 0, "num_statements": 1, "percent_covered": 0.0, "percent_covered_display": "0", "missing_lines": 1, "excluded_lines": 0, "percent_statements_covered": 0.0, "percent_statements_covered_display": "0"}, "missing_lines": [1048], "excluded_lines": [], "start_line": 1047}, "_check_provider_update_before_model_work": {"executed_lines": [1098, 1099, 1101, 1102, 1103, 1104, 1105, 1106, 1107, 1108, 1109, 1110, 1111, 1112, 1113, 1115, 1116, 1118, 1119, 1120, 1122, 1124, 1125, 1136, 1137, 1138, 1139, 1143], "summary": {"covered_lines": 28, "num_statements": 30, "percent_covered": 93.33333333333333, "percent_covered_display": "93", "missing_lines": 2, "excluded_lines": 0, "percent_statements_covered": 93.33333333333333, "percent_statements_covered_display": "93"}, "missing_lines": [1140, 1141], "excluded_lines": [], "start_line": 1081}, "_provider_update_command": {"executed_lines": [1148, 1149, 1150, 1152, 1153, 1154, 1155], "summary": {"covered_lines": 7, "num_statements": 10, "percent_covered": 70.0, "percent_covered_display": "70", "missing_lines": 3, "excluded_lines": 0, "percent_statements_covered": 70.0, "percent_statements_covered_display": "70"}, "missing_lines": [1151, 1156, 1157], "excluded_lines": [], "start_line": 1146}, "_run_provider_update": {"executed_lines": [1162, 1163, 1169, 1170, 1171, 1172, 1173], "summary": {"covered_lines": 7, "num_statements": 14, "percent_covered": 50.0, "percent_covered_display": "50", "missing_lines": 7, "excluded_lines": 0, "percent_statements_covered": 50.0, "percent_statements_covered_display": "50"}, "missing_lines": [1164, 1165, 1166, 1167, 1175, 1178, 1179], "excluded_lines": [], "start_line": 1160}, "_prompt_provider_issue_warning": {"executed_lines": [], "summary": {"covered_lines": 0, "num_statements": 19, "percent_covered": 0.0, "percent_covered_display": "0", "missing_lines": 19, "excluded_lines": 0, "percent_statements_covered": 0.0, "percent_statements_covered_display": "0"}, "missing_lines": [1184, 1185, 1186, 1187, 1188, 1189, 1190, 1192, 1193, 1194, 1195, 1197, 1199, 1200, 1201, 1202, 1205, 1217, 1230], "excluded_lines": [], "start_line": 1182}, "_prompt_provider_issue_warning._": {"executed_lines": [], "summary": {"covered_lines": 0, "num_statements": 1, "percent_covered": 0.0, "percent_covered_display": "0", "missing_lines": 1, "excluded_lines": 0, "percent_statements_covered": 0.0, "percent_statements_covered_display": "0"}, "missing_lines": [1203], "excluded_lines": [], "start_line": 1202}, "_prompt_provider_issue_warning._render": {"executed_lines": [], "summary": {"covered_lines": 0, "num_statements": 1, "percent_covered": 0.0, "percent_covered_display": "0", "missing_lines": 1, "excluded_lines": 0, "percent_statements_covered": 0.0, "percent_statements_covered_display": "0"}, "missing_lines": [1206], "excluded_lines": [], "start_line": 1205}, "_prompt_self_update_action": {"executed_lines": [], "summary": {"covered_lines": 0, "num_statements": 26, "percent_covered": 0.0, "percent_covered_display": "0", "missing_lines": 26, "excluded_lines": 0, "percent_statements_covered": 0.0, "percent_statements_covered_display": "0"}, "missing_lines": [1248, 1249, 1250, 1252, 1253, 1254, 1256, 1257, 1258, 1259, 1261, 1262, 1264, 1265, 1266, 1267, 1272, 1273, 1274, 1279, 1292, 1293, 1295, 1303, 1310, 1311], "excluded_lines": [], "start_line": 1233}, "_prompt_self_update_action._": {"executed_lines": [], "summary": {"covered_lines": 0, "num_statements": 2, "percent_covered": 0.0, "percent_covered_display": "0", "missing_lines": 2, "excluded_lines": 0, "percent_statements_covered": 0.0, "percent_statements_covered_display": "0"}, "missing_lines": [1276, 1277], "excluded_lines": [], "start_line": 1274}, "_prompt_self_update_action._render": {"executed_lines": [], "summary": {"covered_lines": 0, "num_statements": 1, "percent_covered": 0.0, "percent_covered_display": "0", "missing_lines": 1, "excluded_lines": 0, "percent_statements_covered": 0.0, "percent_statements_covered_display": "0"}, "missing_lines": [1280], "excluded_lines": [], "start_line": 1279}, "_tui_mode_enabled": {"executed_lines": [1316], "summary": {"covered_lines": 1, "num_statements": 1, "percent_covered": 100.0, "percent_covered_display": "100", "missing_lines": 0, "excluded_lines": 0, "percent_statements_covered": 100.0, "percent_statements_covered_display": "100"}, "missing_lines": [], "excluded_lines": [], "start_line": 1314}, "_is_dumb_terminal": {"executed_lines": [1329], "summary": {"covered_lines": 1, "num_statements": 1, "percent_covered": 100.0, "percent_covered_display": "100", "missing_lines": 0, "excluded_lines": 0, "percent_statements_covered": 100.0, "percent_statements_covered_display": "100"}, "missing_lines": [], "excluded_lines": [], "start_line": 1319}, "_resolve_tui_default": {"executed_lines": [1354, 1355, 1356, 1357, 1359, 1360, 1361, 1364, 1365, 1366, 1367, 1368], "summary": {"covered_lines": 12, "num_statements": 14, "percent_covered": 85.71428571428571, "percent_covered_display": "86", "missing_lines": 2, "excluded_lines": 0, "percent_statements_covered": 85.71428571428571, "percent_statements_covered_display": "86"}, "missing_lines": [1362, 1363], "excluded_lines": [], "start_line": 1332}, "_prompt_mode_selection": {"executed_lines": [], "summary": {"covered_lines": 0, "num_statements": 62, "percent_covered": 0.0, "percent_covered_display": "0", "missing_lines": 62, "excluded_lines": 0, "percent_statements_covered": 0.0, "percent_statements_covered_display": "0"}, "missing_lines": [1403, 1404, 1405, 1406, 1408, 1409, 1410, 1411, 1412, 1413, 1414, 1415, 1417, 1418, 1419, 1420, 1425, 1430, 1431, 1432, 1433, 1434, 1437, 1438, 1439, 1440, 1441, 1442, 1443, 1446, 1448, 1449, 1453, 1454, 1458, 1459, 1463, 1464, 1473, 1474, 1477, 1478, 1484, 1486, 1494, 1496, 1497, 1502, 1503, 1509, 1573, 1574, 1576, 1586, 1593, 1595, 1596, 1599, 1600, 1601, 1602, 1604], "excluded_lines": [], "start_line": 1371}, "_prompt_mode_selection._": {"executed_lines": [], "summary": {"covered_lines": 0, "num_statements": 2, "percent_covered": 0.0, "percent_covered_display": "0", "missing_lines": 2, "excluded_lines": 0, "percent_statements_covered": 0.0, "percent_statements_covered_display": "0"}, "missing_lines": [1505, 1506], "excluded_lines": [], "start_line": 1503}, "_prompt_mode_selection._make_handler": {"executed_lines": [], "summary": {"covered_lines": 0, "num_statements": 2, "percent_covered": 0.0, "percent_covered_display": "0", "missing_lines": 2, "excluded_lines": 0, "percent_statements_covered": 0.0, "percent_statements_covered_display": "0"}, "missing_lines": [1487, 1492], "excluded_lines": [], "start_line": 1486}, "_prompt_mode_selection._make_handler.handler": {"executed_lines": [], "summary": {"covered_lines": 0, "num_statements": 2, "percent_covered": 0.0, "percent_covered_display": "0", "missing_lines": 2, "excluded_lines": 0, "percent_statements_covered": 0.0, "percent_statements_covered_display": "0"}, "missing_lines": [1489, 1490], "excluded_lines": [], "start_line": 1487}, "_prompt_mode_selection._render": {"executed_lines": [], "summary": {"covered_lines": 0, "num_statements": 43, "percent_covered": 0.0, "percent_covered_display": "0", "missing_lines": 43, "excluded_lines": 0, "percent_statements_covered": 0.0, "percent_statements_covered_display": "0"}, "missing_lines": [1510, 1513, 1514, 1516, 1518, 1519, 1520, 1521, 1523, 1524, 1525, 1526, 1529, 1530, 1531, 1532, 1534, 1535, 1536, 1537, 1539, 1540, 1541, 1542, 1544, 1545, 1546, 1547, 1550, 1551, 1552, 1553, 1554, 1555, 1557, 1558, 1559, 1560, 1563, 1564, 1565, 1569, 1571], "excluded_lines": [], "start_line": 1509}, "_prompt_resume_screen": {"executed_lines": [], "summary": {"covered_lines": 0, "num_statements": 62, "percent_covered": 0.0, "percent_covered_display": "0", "missing_lines": 62, "excluded_lines": 0, "percent_statements_covered": 0.0, "percent_statements_covered_display": "0"}, "missing_lines": [1642, 1643, 1644, 1645, 1647, 1652, 1653, 1654, 1655, 1657, 1658, 1659, 1660, 1665, 1670, 1671, 1672, 1673, 1674, 1675, 1676, 1679, 1680, 1681, 1682, 1683, 1684, 1685, 1686, 1689, 1691, 1692, 1696, 1697, 1701, 1702, 1706, 1707, 1722, 1723, 1731, 1732, 1738, 1740, 1748, 1750, 1751, 1756, 1757, 1763, 1866, 1867, 1869, 1882, 1889, 1891, 1892, 1895, 1896, 1897, 1898, 1900], "excluded_lines": [], "start_line": 1612}, "_prompt_resume_screen._": {"executed_lines": [], "summary": {"covered_lines": 0, "num_statements": 2, "percent_covered": 0.0, "percent_covered_display": "0", "missing_lines": 2, "excluded_lines": 0, "percent_statements_covered": 0.0, "percent_statements_covered_display": "0"}, "missing_lines": [1759, 1760], "excluded_lines": [], "start_line": 1757}, "_prompt_resume_screen._make_handler": {"executed_lines": [], "summary": {"covered_lines": 0, "num_statements": 2, "percent_covered": 0.0, "percent_covered_display": "0", "missing_lines": 2, "excluded_lines": 0, "percent_statements_covered": 0.0, "percent_statements_covered_display": "0"}, "missing_lines": [1741, 1746], "excluded_lines": [], "start_line": 1740}, "_prompt_resume_screen._make_handler.handler": {"executed_lines": [], "summary": {"covered_lines": 0, "num_statements": 2, "percent_covered": 0.0, "percent_covered_display": "0", "missing_lines": 2, "excluded_lines": 0, "percent_statements_covered": 0.0, "percent_statements_covered_display": "0"}, "missing_lines": [1743, 1744], "excluded_lines": [], "start_line": 1741}, "_prompt_resume_screen._render": {"executed_lines": [], "summary": {"covered_lines": 0, "num_statements": 71, "percent_covered": 0.0, "percent_covered_display": "0", "missing_lines": 71, "excluded_lines": 0, "percent_statements_covered": 0.0, "percent_statements_covered_display": "0"}, "missing_lines": [1764, 1767, 1768, 1771, 1772, 1773, 1774, 1775, 1776, 1777, 1778, 1779, 1780, 1783, 1785, 1787, 1788, 1789, 1790, 1792, 1793, 1794, 1795, 1798, 1799, 1800, 1801, 1803, 1804, 1805, 1806, 1808, 1809, 1810, 1811, 1813, 1814, 1815, 1816, 1819, 1820, 1821, 1822, 1823, 1824, 1826, 1827, 1828, 1829, 1832, 1835, 1836, 1837, 1839, 1840, 1841, 1843, 1844, 1845, 1847, 1848, 1849, 1852, 1853, 1854, 1857, 1858, 1859, 1860, 1862, 1864], "excluded_lines": [], "start_line": 1763}, "_prompt_goal": {"executed_lines": [], "summary": {"covered_lines": 0, "num_statements": 11, "percent_covered": 0.0, "percent_covered_display": "0", "missing_lines": 11, "excluded_lines": 0, "percent_statements_covered": 0.0, "percent_statements_covered_display": "0"}, "missing_lines": [1920, 1921, 1925, 1927, 1932, 1933, 1934, 1935, 1936, 1937, 1939], "excluded_lines": [], "start_line": 1914}, "_prompt_scope": {"executed_lines": [], "summary": {"covered_lines": 0, "num_statements": 6, "percent_covered": 0.0, "percent_covered_display": "0", "missing_lines": 6, "excluded_lines": 0, "percent_statements_covered": 0.0, "percent_statements_covered_display": "0"}, "missing_lines": [1956, 1958, 1980, 1981, 1982, 1984], "excluded_lines": [], "start_line": 1942}, "_prompt_architect_model": {"executed_lines": [], "summary": {"covered_lines": 0, "num_statements": 46, "percent_covered": 0.0, "percent_covered_display": "0", "missing_lines": 46, "excluded_lines": 0, "percent_statements_covered": 0.0, "percent_statements_covered_display": "0"}, "missing_lines": [2003, 2005, 2006, 2008, 2013, 2021, 2023, 2025, 2029, 2034, 2035, 2036, 2038, 2043, 2044, 2046, 2047, 2048, 2049, 2050, 2051, 2052, 2060, 2062, 2064, 2065, 2066, 2067, 2068, 2069, 2071, 2072, 2073, 2074, 2075, 2076, 2077, 2080, 2081, 2083, 2090, 2091, 2092, 2096, 2097, 2099], "excluded_lines": [], "start_line": 1987}, "_prompt_architect_model._fetch": {"executed_lines": [], "summary": {"covered_lines": 0, "num_statements": 3, "percent_covered": 0.0, "percent_covered_display": "0", "missing_lines": 3, "excluded_lines": 0, "percent_statements_covered": 0.0, "percent_statements_covered_display": "0"}, "missing_lines": [2014, 2015, 2019], "excluded_lines": [], "start_line": 2013}, "_prompt_exec_agent": {"executed_lines": [], "summary": {"covered_lines": 0, "num_statements": 27, "percent_covered": 0.0, "percent_covered_display": "0", "missing_lines": 27, "excluded_lines": 0, "percent_statements_covered": 0.0, "percent_statements_covered_display": "0"}, "missing_lines": [2118, 2120, 2121, 2124, 2125, 2128, 2130, 2131, 2135, 2136, 2137, 2139, 2143, 2144, 2145, 2146, 2147, 2148, 2149, 2151, 2152, 2153, 2155, 2162, 2163, 2164, 2166], "excluded_lines": [], "start_line": 2102}, "run_planning_mode": {"executed_lines": [2205, 2206, 2212, 2213, 2214, 2215, 2216, 2276, 2277, 2278, 2279, 2281, 2282, 2284, 2285, 2286, 2288, 2289, 2290, 2292, 2305, 2306, 2307, 2311, 2312, 2317, 2326, 2327, 2328, 2329, 2342, 2344, 2345, 2346, 2351, 2353, 2354, 2358, 2362, 2363, 2368, 2370, 2374, 2375, 2376, 2379, 2382, 2383, 2384, 2385, 2388, 2389, 2392, 2397, 2398, 2399, 2402, 2406, 2411, 2414, 2415, 2418, 2419, 2420, 2421, 2422, 2424, 2427, 2428, 2429, 2430, 2435, 2437, 2438, 2456, 2470, 2471, 2475, 2486, 2487, 2506, 2509, 2510, 2511, 2515, 2516, 2517, 2518, 2519, 2520], "summary": {"covered_lines": 90, "num_statements": 150, "percent_covered": 60.0, "percent_covered_display": "60", "missing_lines": 60, "excluded_lines": 0, "percent_statements_covered": 60.0, "percent_statements_covered_display": "60"}, "missing_lines": [2217, 2219, 2227, 2228, 2229, 2233, 2234, 2235, 2236, 2237, 2238, 2241, 2243, 2244, 2245, 2248, 2249, 2250, 2251, 2255, 2259, 2260, 2262, 2267, 2268, 2272, 2283, 2293, 2295, 2296, 2297, 2298, 2300, 2303, 2309, 2331, 2332, 2334, 2335, 2349, 2350, 2356, 2364, 2365, 2369, 2386, 2387, 2393, 2439, 2441, 2442, 2443, 2444, 2466, 2467, 2488, 2490, 2491, 2492, 2493], "excluded_lines": [], "start_line": 2169}, "_collect_planning_prompts": {"executed_lines": [2579, 2580, 2582, 2585, 2586], "summary": {"covered_lines": 5, "num_statements": 125, "percent_covered": 4.0, "percent_covered_display": "4", "missing_lines": 120, "excluded_lines": 0, "percent_statements_covered": 4.0, "percent_statements_covered_display": "4"}, "missing_lines": [2588, 2589, 2592, 2593, 2594, 2595, 2597, 2598, 2599, 2603, 2604, 2605, 2606, 2607, 2608, 2610, 2612, 2613, 2614, 2615, 2616, 2617, 2618, 2621, 2625, 2626, 2628, 2633, 2634, 2637, 2646, 2647, 2648, 2651, 2652, 2653, 2655, 2666, 2667, 2668, 2669, 2670, 2671, 2678, 2679, 2680, 2681, 2682, 2683, 2684, 2685, 2686, 2691, 2697, 2700, 2701, 2711, 2712, 2714, 2715, 2716, 2717, 2718, 2726, 2727, 2728, 2729, 2730, 2732, 2733, 2734, 2735, 2736, 2737, 2738, 2740, 2741, 2748, 2750, 2751, 2752, 2753, 2754, 2755, 2756, 2758, 2759, 2760, 2761, 2762, 2763, 2765, 2766, 2767, 2768, 2769, 2770, 2772, 2773, 2774, 2775, 2776, 2777, 2779, 2780, 2781, 2782, 2783, 2785, 2786, 2787, 2788, 2789, 2790, 2791, 2796, 2797, 2805, 2806, 2808], "excluded_lines": [], "start_line": 2528}, "_ansi_supported": {"executed_lines": [2830, 2831, 2832, 2833, 2834, 2835, 2836], "summary": {"covered_lines": 7, "num_statements": 7, "percent_covered": 100.0, "percent_covered_display": "100", "missing_lines": 0, "excluded_lines": 0, "percent_statements_covered": 100.0, "percent_statements_covered_display": "100"}, "missing_lines": [], "excluded_lines": [], "start_line": 2816}, "_run_tasks_raw": {"executed_lines": [2876, 2877, 2889, 2890, 2891, 2893, 2895, 2896, 2902, 2904, 2973, 2987, 3011, 3031, 3045, 3067, 3087, 3119, 3120, 3121, 3122, 3130, 3132, 3137, 3139, 3142, 3148, 3149, 3150, 3151, 3153, 3162, 3172, 3175, 3178, 3235, 3263, 3294, 3348, 3365, 3420, 3472, 3473, 3474, 3475, 3476, 3477, 3478, 3479, 3480, 3481, 3483, 3484, 3485, 3486, 3487, 3488, 3490, 3508, 3510, 3511], "summary": {"covered_lines": 61, "num_statements": 65, "percent_covered": 93.84615384615384, "percent_covered_display": "94", "missing_lines": 4, "excluded_lines": 0, "percent_statements_covered": 93.84615384615384, "percent_statements_covered_display": "94"}, "missing_lines": [2878, 2881, 2887, 3123], "excluded_lines": [], "start_line": 2848}, "_run_tasks_raw.run_reassessment_if_needed": {"executed_lines": [2906, 2907, 2908, 2910, 2911, 2912, 2913, 2915, 2920, 2924, 2925, 2926, 2947, 2948, 2966], "summary": {"covered_lines": 15, "num_statements": 23, "percent_covered": 65.21739130434783, "percent_covered_display": "65", "missing_lines": 8, "excluded_lines": 0, "percent_statements_covered": 65.21739130434783, "percent_statements_covered_display": "65"}, "missing_lines": [2941, 2942, 2943, 2962, 2963, 2964, 2967, 2968], "excluded_lines": [], "start_line": 2904}, "_run_tasks_raw.on_task_start": {"executed_lines": [2974, 2975, 2976, 2979, 2980, 2981, 2982, 2983], "summary": {"covered_lines": 8, "num_statements": 10, "percent_covered": 80.0, "percent_covered_display": "80", "missing_lines": 2, "excluded_lines": 0, "percent_statements_covered": 80.0, "percent_statements_covered_display": "80"}, "missing_lines": [2984, 2985], "excluded_lines": [], "start_line": 2973}, "_run_tasks_raw.on_task_done": {"executed_lines": [2988, 2989, 2990, 2991, 2992, 2996, 2997, 2998, 2999], "summary": {"covered_lines": 9, "num_statements": 11, "percent_covered": 81.81818181818181, "percent_covered_display": "82", "missing_lines": 2, "excluded_lines": 0, "percent_statements_covered": 81.81818181818181, "percent_statements_covered_display": "82"}, "missing_lines": [3008, 3009], "excluded_lines": [], "start_line": 2987}, "_run_tasks_raw.on_task_failed": {"executed_lines": [3012, 3013, 3014, 3015, 3016, 3017], "summary": {"covered_lines": 6, "num_statements": 10, "percent_covered": 60.0, "percent_covered_display": "60", "missing_lines": 4, "excluded_lines": 0, "percent_statements_covered": 60.0, "percent_statements_covered_display": "60"}, "missing_lines": [3018, 3019, 3028, 3029], "excluded_lines": [], "start_line": 3011}, "_run_tasks_raw.on_attempt_start": {"executed_lines": [3032, 3033, 3034, 3035, 3038, 3039], "summary": {"covered_lines": 6, "num_statements": 10, "percent_covered": 60.0, "percent_covered_display": "60", "missing_lines": 4, "excluded_lines": 0, "percent_statements_covered": 60.0, "percent_statements_covered_display": "60"}, "missing_lines": [3040, 3041, 3042, 3043], "excluded_lines": [], "start_line": 3031}, "_run_tasks_raw.on_model_switched": {"executed_lines": [3047, 3048, 3049, 3053, 3055, 3056, 3060, 3061], "summary": {"covered_lines": 8, "num_statements": 12, "percent_covered": 66.66666666666667, "percent_covered_display": "67", "missing_lines": 4, "excluded_lines": 0, "percent_statements_covered": 66.66666666666667, "percent_statements_covered_display": "67"}, "missing_lines": [3062, 3063, 3064, 3065], "excluded_lines": [], "start_line": 3045}, "_run_tasks_raw.on_attempt_done": {"executed_lines": [3068, 3069, 3076, 3077, 3081], "summary": {"covered_lines": 5, "num_statements": 9, "percent_covered": 55.55555555555556, "percent_covered_display": "56", "missing_lines": 4, "excluded_lines": 0, "percent_statements_covered": 55.55555555555556, "percent_statements_covered_display": "56"}, "missing_lines": [3082, 3083, 3084, 3085], "excluded_lines": [], "start_line": 3067}, "_run_tasks_raw.on_circuit_event": {"executed_lines": [3089, 3091, 3092, 3093, 3100, 3101, 3105, 3106, 3107, 3108, 3109, 3110], "summary": {"covered_lines": 12, "num_statements": 15, "percent_covered": 80.0, "percent_covered_display": "80", "missing_lines": 3, "excluded_lines": 0, "percent_statements_covered": 80.0, "percent_statements_covered_display": "80"}, "missing_lines": [3090, 3111, 3112], "excluded_lines": [], "start_line": 3087}, "_run_tasks_raw._on_pause": {"executed_lines": [], "summary": {"covered_lines": 0, "num_statements": 3, "percent_covered": 0.0, "percent_covered_display": "0", "missing_lines": 3, "excluded_lines": 0, "percent_statements_covered": 0.0, "percent_statements_covered_display": "0"}, "missing_lines": [3133, 3134, 3135], "excluded_lines": [], "start_line": 3132}, "_run_tasks_raw._tui_progress_rows": {"executed_lines": [3163], "summary": {"covered_lines": 1, "num_statements": 1, "percent_covered": 100.0, "percent_covered_display": "100", "missing_lines": 0, "excluded_lines": 0, "percent_statements_covered": 100.0, "percent_statements_covered_display": "100"}, "missing_lines": [], "excluded_lines": [], "start_line": 3162}, "_run_tasks_raw._tui_publish_progress": {"executed_lines": [3173], "summary": {"covered_lines": 1, "num_statements": 1, "percent_covered": 100.0, "percent_covered_display": "100", "missing_lines": 0, "excluded_lines": 0, "percent_statements_covered": 100.0, "percent_statements_covered_display": "100"}, "missing_lines": [], "excluded_lines": [], "start_line": 3172}, "_run_tasks_raw._enabled": {"executed_lines": [3176], "summary": {"covered_lines": 1, "num_statements": 1, "percent_covered": 100.0, "percent_covered_display": "100", "missing_lines": 0, "excluded_lines": 0, "percent_statements_covered": 100.0, "percent_statements_covered_display": "100"}, "missing_lines": [], "excluded_lines": [], "start_line": 3175}, "_run_tasks_raw._tui_execution_settings": {"executed_lines": [3179, 3180, 3182, 3183, 3184, 3185, 3186, 3192, 3193, 3194, 3195, 3199, 3200, 3203], "summary": {"covered_lines": 14, "num_statements": 20, "percent_covered": 70.0, "percent_covered_display": "70", "missing_lines": 6, "excluded_lines": 0, "percent_statements_covered": 70.0, "percent_statements_covered_display": "70"}, "missing_lines": [3181, 3189, 3190, 3196, 3197, 3201], "excluded_lines": [], "start_line": 3178}, "_run_tasks_raw._tui_on_task_start": {"executed_lines": [], "summary": {"covered_lines": 0, "num_statements": 17, "percent_covered": 0.0, "percent_covered_display": "0", "missing_lines": 17, "excluded_lines": 0, "percent_statements_covered": 0.0, "percent_statements_covered_display": "0"}, "missing_lines": [3236, 3237, 3238, 3245, 3247, 3248, 3249, 3250, 3251, 3252, 3255, 3256, 3257, 3258, 3259, 3260, 3261], "excluded_lines": [], "start_line": 3235}, "_run_tasks_raw._tui_on_attempt_start": {"executed_lines": [], "summary": {"covered_lines": 0, "num_statements": 14, "percent_covered": 0.0, "percent_covered_display": "0", "missing_lines": 14, "excluded_lines": 0, "percent_statements_covered": 0.0, "percent_statements_covered_display": "0"}, "missing_lines": [3264, 3269, 3273, 3274, 3275, 3278, 3279, 3280, 3285, 3286, 3287, 3290, 3291, 3292], "excluded_lines": [], "start_line": 3263}, "_run_tasks_raw._tui_on_circuit_event": {"executed_lines": [], "summary": {"covered_lines": 0, "num_statements": 38, "percent_covered": 0.0, "percent_covered_display": "0", "missing_lines": 38, "excluded_lines": 0, "percent_statements_covered": 0.0, "percent_statements_covered_display": "0"}, "missing_lines": [3295, 3296, 3297, 3298, 3299, 3300, 3301, 3302, 3303, 3304, 3305, 3306, 3307, 3308, 3312, 3313, 3314, 3317, 3318, 3319, 3323, 3324, 3325, 3329, 3330, 3332, 3333, 3334, 3335, 3336, 3337, 3338, 3339, 3340, 3343, 3344, 3345, 3346], "excluded_lines": [], "start_line": 3294}, "_run_tasks_raw._tui_on_model_switched": {"executed_lines": [], "summary": {"covered_lines": 0, "num_statements": 4, "percent_covered": 0.0, "percent_covered_display": "0", "missing_lines": 4, "excluded_lines": 0, "percent_statements_covered": 0.0, "percent_statements_covered_display": "0"}, "missing_lines": [3349, 3353, 3354, 3355], "excluded_lines": [], "start_line": 3348}, "_run_tasks_raw._tui_on_task_done": {"executed_lines": [], "summary": {"covered_lines": 0, "num_statements": 27, "percent_covered": 0.0, "percent_covered_display": "0", "missing_lines": 27, "excluded_lines": 0, "percent_statements_covered": 0.0, "percent_statements_covered_display": "0"}, "missing_lines": [3366, 3367, 3368, 3372, 3373, 3374, 3377, 3378, 3379, 3381, 3382, 3383, 3385, 3386, 3387, 3388, 3389, 3390, 3397, 3398, 3399, 3400, 3401, 3402, 3409, 3417, 3418], "excluded_lines": [], "start_line": 3365}, "_run_tasks_raw._tui_on_task_failed": {"executed_lines": [3421, 3422, 3423, 3424, 3425, 3426, 3431, 3433, 3434, 3435, 3437, 3438, 3439, 3440, 3441, 3451, 3452, 3453, 3461, 3469, 3470], "summary": {"covered_lines": 21, "num_statements": 27, "percent_covered": 77.77777777777777, "percent_covered_display": "78", "missing_lines": 6, "excluded_lines": 0, "percent_statements_covered": 77.77777777777777, "percent_statements_covered_display": "78"}, "missing_lines": [3429, 3430, 3442, 3449, 3450, 3454], "excluded_lines": [], "start_line": 3420}, "_fmt_duration": {"executed_lines": [3516, 3517, 3518, 3519, 3520, 3521], "summary": {"covered_lines": 6, "num_statements": 6, "percent_covered": 100.0, "percent_covered_display": "100", "missing_lines": 0, "excluded_lines": 0, "percent_statements_covered": 100.0, "percent_statements_covered_display": "100"}, "missing_lines": [], "excluded_lines": [], "start_line": 3514}, "_read_goal_md": {"executed_lines": [3526, 3527, 3528, 3529, 3530, 3534, 3535, 3536, 3537], "summary": {"covered_lines": 9, "num_statements": 11, "percent_covered": 81.81818181818181, "percent_covered_display": "82", "missing_lines": 2, "excluded_lines": 0, "percent_statements_covered": 81.81818181818181, "percent_statements_covered_display": "82"}, "missing_lines": [3531, 3532], "excluded_lines": [], "start_line": 3524}, "_read_goal_from_instructions": {"executed_lines": [3551, 3552, 3553, 3555, 3556, 3557, 3558, 3559, 3562, 3564, 3569, 3570, 3575, 3576, 3577, 3578, 3579], "summary": {"covered_lines": 17, "num_statements": 17, "percent_covered": 100.0, "percent_covered_display": "100", "missing_lines": 0, "excluded_lines": 0, "percent_statements_covered": 100.0, "percent_statements_covered_display": "100"}, "missing_lines": [], "excluded_lines": [], "start_line": 3540}, "_record_task_outcome": {"executed_lines": [3584, 3585, 3586, 3587], "summary": {"covered_lines": 4, "num_statements": 17, "percent_covered": 23.529411764705884, "percent_covered_display": "24", "missing_lines": 13, "excluded_lines": 0, "percent_statements_covered": 23.529411764705884, "percent_statements_covered_display": "24"}, "missing_lines": [3589, 3590, 3591, 3592, 3596, 3601, 3602, 3604, 3606, 3613, 3614, 3615, 3616], "excluded_lines": [], "start_line": 3582}, "_task_results_needing_reassessment": {"executed_lines": [3621], "summary": {"covered_lines": 1, "num_statements": 1, "percent_covered": 100.0, "percent_covered_display": "100", "missing_lines": 0, "excluded_lines": 0, "percent_statements_covered": 100.0, "percent_statements_covered_display": "100"}, "missing_lines": [], "excluded_lines": [], "start_line": 3619}, "_result_needs_reassessment": {"executed_lines": [3626, 3627, 3628], "summary": {"covered_lines": 3, "num_statements": 3, "percent_covered": 100.0, "percent_covered_display": "100", "missing_lines": 0, "excluded_lines": 0, "percent_statements_covered": 100.0, "percent_statements_covered_display": "100"}, "missing_lines": [], "excluded_lines": [], "start_line": 3624}, "_run_reassessment_in_thread": {"executed_lines": [], "summary": {"covered_lines": 0, "num_statements": 4, "percent_covered": 0.0, "percent_covered_display": "0", "missing_lines": 4, "excluded_lines": 0, "percent_statements_covered": 0.0, "percent_statements_covered_display": "0"}, "missing_lines": [3650, 3652, 3653, 3654], "excluded_lines": [], "start_line": 3631}, "_provider_install_hint": {"executed_lines": [3663, 3665, 3666], "summary": {"covered_lines": 3, "num_statements": 6, "percent_covered": 50.0, "percent_covered_display": "50", "missing_lines": 3, "excluded_lines": 0, "percent_statements_covered": 50.0, "percent_statements_covered_display": "50"}, "missing_lines": [3667, 3668, 3670], "excluded_lines": [], "start_line": 3657}, "main": {"executed_lines": [3801, 3803, 3804, 3809, 3810, 3814, 3817, 3818, 3820, 3823, 3824, 3827, 3828, 3831, 3832, 3835, 3836, 3837, 3838, 3841, 3842, 3845, 3846, 3853, 3855, 3862, 3863, 3864, 3865, 3867, 3868, 3870, 3871, 3874, 3875, 3876, 3879, 3880, 3884, 3885, 3887, 3897, 3898, 3900, 3901, 3903, 3904, 3906, 3909, 3910, 3911, 3912, 3922, 3923, 3924, 3925, 3926, 3929, 3930, 3932, 3934, 3935, 3936, 3941, 3942, 3943, 3944, 3945, 3948, 3949, 3950, 3954, 3957, 3958, 3959, 3960, 3961, 3962, 3963, 3994, 4000, 4001, 4002, 4003, 4006, 4007, 4008, 4009, 4010, 4011, 4012, 4013, 4014, 4015, 4016, 4017, 4018, 4019, 4020, 4021, 4023, 4024, 4025, 4030, 4031, 4032, 4038, 4042, 4043, 4044, 4046, 4058, 4059, 4067, 4075, 4077, 4079, 4081, 4119, 4120, 4121, 4122, 4126, 4128, 4129, 4133, 4134, 4137, 4162, 4164, 4172, 4513, 4515, 4525, 4526, 4533, 4534, 4536, 4546, 4547, 4553, 4554, 4555, 4556, 4571], "summary": {"covered_lines": 145, "num_statements": 205, "percent_covered": 70.73170731707317, "percent_covered_display": "71", "missing_lines": 60, "excluded_lines": 0, "percent_statements_covered": 70.73170731707317, "percent_statements_covered_display": "71"}, "missing_lines": [3815, 3856, 3872, 3873, 3913, 3914, 3915, 3920, 3964, 3965, 3969, 3970, 3971, 3972, 3973, 3974, 3978, 3979, 3980, 3981, 3982, 3983, 3985, 3989, 3990, 3991, 3992, 3993, 4047, 4048, 4076, 4078, 4102, 4103, 4123, 4124, 4125, 4127, 4131, 4132, 4138, 4139, 4140, 4141, 4145, 4146, 4147, 4150, 4151, 4152, 4153, 4155, 4158, 4516, 4520, 4523, 4537, 4538, 4565, 4566], "excluded_lines": [], "start_line": 3783}, "main._tui_flow": {"executed_lines": [4181, 4182, 4184, 4185, 4193, 4194, 4195, 4210, 4219, 4238, 4248, 4250, 4254, 4270, 4271, 4272, 4273, 4282, 4283, 4300, 4301, 4303, 4308, 4311, 4312, 4318, 4329, 4330, 4332, 4333, 4335, 4338, 4353, 4354, 4355, 4359, 4360, 4364, 4365, 4369, 4370, 4391, 4392, 4396, 4401, 4410, 4432, 4436, 4440, 4441, 4442, 4446], "summary": {"covered_lines": 52, "num_statements": 132, "percent_covered": 39.39393939393939, "percent_covered_display": "39", "missing_lines": 80, "excluded_lines": 0, "percent_statements_covered": 39.39393939393939, "percent_statements_covered_display": "39"}, "missing_lines": [4211, 4212, 4220, 4221, 4226, 4227, 4228, 4229, 4230, 4231, 4232, 4233, 4234, 4235, 4239, 4240, 4242, 4243, 4244, 4245, 4251, 4252, 4290, 4291, 4292, 4293, 4294, 4304, 4305, 4319, 4320, 4321, 4322, 4323, 4324, 4325, 4326, 4327, 4339, 4341, 4361, 4362, 4405, 4416, 4419, 4420, 4426, 4430, 4438, 4448, 4449, 4451, 4452, 4453, 4454, 4458, 4459, 4463, 4464, 4466, 4471, 4472, 4475, 4478, 4479, 4480, 4484, 4485, 4487, 4488, 4489, 4493, 4496, 4497, 4498, 4499, 4501, 4502, 4505, 4509], "excluded_lines": [], "start_line": 4172}, "_run_main": {"executed_lines": [4643, 4644, 4646, 4648, 4649, 4657, 4683, 4684, 4685, 4686, 4687, 4691, 4692, 4693, 4696, 4712, 4713, 4715, 4716, 4719, 4735, 4737, 4738, 4739, 4740, 4743, 4746, 4747, 4748, 4749, 4750, 4751, 4755, 4756, 4757, 4758, 4759, 4760, 4761, 4770, 4771, 4773, 4774, 4775, 4776, 4780, 4781, 4796, 4797, 4798, 4799, 4800, 4801, 4802, 4803, 4806, 4807, 4813, 4814, 4822, 4829, 4830, 4831, 4832, 4834, 4835, 4838, 4851, 4853, 4861, 4862, 4863, 4864, 4865, 4866, 4867, 4871, 4883, 4884, 4885, 4886, 4887, 4904, 4905, 4921, 4922, 4923, 4926, 4927, 4934, 4935, 4937, 4938, 4939, 4940, 4943, 4944, 4946, 4949, 4951, 4964, 4965, 4968, 4969, 4970, 4979, 4980, 4984, 4985, 4986, 4990, 4991, 4993, 4995, 4998, 4999, 5001, 5002, 5006, 5007, 5008, 5010, 5012, 5019, 5020, 5021, 5028, 5031, 5032, 5033, 5038, 5039, 5046, 5047, 5048, 5055, 5056, 5057, 5063, 5064, 5065, 5068, 5069, 5071, 5072, 5085, 5086, 5087, 5088, 5092, 5093, 5094, 5096, 5101, 5102, 5104, 5105, 5106, 5107, 5108, 5113, 5115, 5123, 5124, 5125, 5127, 5128, 5129, 5130, 5132, 5135, 5140, 5141, 5142, 5155, 5156, 5161, 5162, 5163, 5164, 5165, 5166, 5167, 5170, 5180, 5181, 5182, 5183, 5184, 5185, 5188, 5189, 5190, 5194, 5195, 5197, 5198, 5199, 5203, 5206, 5208, 5209, 5216, 5217, 5218, 5220, 5221, 5234, 5235, 5236, 5240, 5244, 5245, 5251, 5252, 5277, 5279, 5282, 5283, 5284, 5285, 5286, 5287, 5288, 5289, 5293, 5294, 5306, 5315, 5316, 5317, 5321, 5322, 5323, 5324, 5325, 5326, 5327, 5337, 5338, 5339, 5340, 5341, 5342, 5343, 5344, 5349, 5350, 5351, 5352, 5354, 5355, 5373, 5375, 5385, 5392, 5394, 5395, 5397, 5398, 5400], "summary": {"covered_lines": 261, "num_statements": 348, "percent_covered": 75.0, "percent_covered_display": "75", "missing_lines": 87, "excluded_lines": 0, "percent_statements_covered": 75.0, "percent_statements_covered_display": "75"}, "missing_lines": [4658, 4660, 4661, 4664, 4667, 4668, 4672, 4676, 4677, 4697, 4702, 4703, 4704, 4705, 4706, 4707, 4708, 4709, 4710, 4720, 4722, 4752, 4762, 4763, 4808, 4815, 4816, 4836, 4852, 4872, 4873, 4875, 4876, 4877, 4878, 4879, 4888, 4889, 4890, 4891, 4892, 4897, 4903, 4924, 4925, 4928, 4929, 5036, 5037, 5151, 5152, 5204, 5205, 5222, 5225, 5229, 5230, 5237, 5238, 5242, 5265, 5266, 5267, 5268, 5269, 5270, 5273, 5274, 5275, 5280, 5296, 5297, 5298, 5302, 5303, 5304, 5318, 5319, 5356, 5363, 5364, 5366, 5386, 5387, 5388, 5389, 5391], "excluded_lines": [], "start_line": 4574}, "list_cmd": {"executed_lines": [5423, 5424, 5426, 5435, 5436, 5438, 5439, 5440, 5442, 5443, 5445, 5446, 5447, 5449, 5450, 5452, 5453, 5454, 5455, 5457, 5458, 5459, 5460, 5461, 5463, 5466, 5467, 5469, 5470], "summary": {"covered_lines": 29, "num_statements": 37, "percent_covered": 78.37837837837837, "percent_covered_display": "78", "missing_lines": 8, "excluded_lines": 0, "percent_statements_covered": 78.37837837837837, "percent_statements_covered_display": "78"}, "missing_lines": [5427, 5428, 5430, 5431, 5432, 5433, 5462, 5464], "excluded_lines": [], "start_line": 5421}, "retry": {"executed_lines": [5490, 5491, 5492, 5493, 5495, 5496, 5500, 5501, 5502, 5503, 5504, 5506, 5507, 5508, 5510, 5511, 5512, 5514, 5516, 5517, 5521, 5522, 5523], "summary": {"covered_lines": 23, "num_statements": 26, "percent_covered": 88.46153846153847, "percent_covered_display": "88", "missing_lines": 3, "excluded_lines": 0, "percent_statements_covered": 88.46153846153847, "percent_statements_covered_display": "88"}, "missing_lines": [5518, 5519, 5520], "excluded_lines": [], "start_line": 5481}, "skip": {"executed_lines": [5536, 5537, 5538, 5539, 5541, 5542, 5543, 5544, 5546, 5547, 5548, 5549, 5550, 5551, 5552, 5554, 5555], "summary": {"covered_lines": 17, "num_statements": 17, "percent_covered": 100.0, "percent_covered_display": "100", "missing_lines": 0, "excluded_lines": 0, "percent_statements_covered": 100.0, "percent_statements_covered_display": "100"}, "missing_lines": [], "excluded_lines": [], "start_line": 5534}, "reset": {"executed_lines": [5567, 5568, 5570, 5571, 5572, 5574, 5575, 5576, 5577, 5579, 5580, 5587, 5588, 5590], "summary": {"covered_lines": 14, "num_statements": 14, "percent_covered": 100.0, "percent_covered_display": "100", "missing_lines": 0, "excluded_lines": 0, "percent_statements_covered": 100.0, "percent_statements_covered_display": "100"}, "missing_lines": [], "excluded_lines": [], "start_line": 5565}, "cancel": {"executed_lines": [5611, 5612, 5614, 5615, 5617, 5618, 5619, 5620, 5623, 5624, 5625, 5626, 5627, 5630, 5631, 5632, 5635, 5636, 5637, 5640, 5643, 5644, 5645, 5646, 5648, 5649, 5655, 5656, 5660, 5663, 5664, 5665, 5667, 5670, 5671, 5672, 5673, 5674, 5675, 5676], "summary": {"covered_lines": 40, "num_statements": 42, "percent_covered": 95.23809523809524, "percent_covered_display": "95", "missing_lines": 2, "excluded_lines": 0, "percent_statements_covered": 95.23809523809524, "percent_statements_covered_display": "95"}, "missing_lines": [5657, 5658], "excluded_lines": [], "start_line": 5600}, "_format_status_json": {"executed_lines": [5686, 5699, 5700, 5701, 5702, 5703, 5704, 5707, 5709, 5710, 5711, 5712, 5715, 5716, 5718, 5719, 5720, 5721, 5722, 5723, 5724, 5727, 5728, 5729, 5730, 5731, 5732, 5733, 5735, 5736, 5737, 5740, 5741, 5742, 5743, 5744, 5745, 5746, 5747, 5755, 5756, 5757, 5760, 5761, 5767, 5768, 5769, 5770, 5771, 5776, 5777, 5778, 5779, 5780, 5781, 5785], "summary": {"covered_lines": 56, "num_statements": 60, "percent_covered": 93.33333333333333, "percent_covered_display": "93", "missing_lines": 4, "excluded_lines": 0, "percent_statements_covered": 93.33333333333333, "percent_statements_covered_display": "93"}, "missing_lines": [5705, 5706, 5782, 5783], "excluded_lines": [], "start_line": 5679}, "status_cmd": {"executed_lines": [5817, 5819, 5822, 5823, 5824, 5825, 5827, 5836, 5838, 5839, 5842, 5845, 5846, 5847, 5848, 5849, 5852, 5853, 5854, 5857, 5860, 5861, 5863, 5865, 5868, 5869, 5871, 5872, 5876, 5877, 5878, 5880, 5881, 5883, 5884, 5885, 5886, 5888, 5889, 5890, 5891, 5892, 5893, 5894, 5896, 5899, 5900, 5902, 5903, 5905, 5908, 5909, 5910, 5911, 5912, 5917, 5918, 5919, 5920, 5921, 5922, 5923, 5927, 5928, 5929, 5932, 5933, 5937, 5940, 5941, 5942, 5943, 5944, 5945, 5946, 5947, 5948, 5949, 5950], "summary": {"covered_lines": 79, "num_statements": 87, "percent_covered": 90.80459770114942, "percent_covered_display": "91", "missing_lines": 8, "excluded_lines": 0, "percent_statements_covered": 90.80459770114942, "percent_statements_covered_display": "91"}, "missing_lines": [5828, 5829, 5831, 5832, 5833, 5834, 5895, 5897], "excluded_lines": [], "start_line": 5807}, "_fmt_cost": {"executed_lines": [5967], "summary": {"covered_lines": 1, "num_statements": 1, "percent_covered": 100.0, "percent_covered_display": "100", "missing_lines": 0, "excluded_lines": 0, "percent_statements_covered": 100.0, "percent_statements_covered_display": "100"}, "missing_lines": [], "excluded_lines": [], "start_line": 5958}, "_render_token_report_table": {"executed_lines": [5981, 5982, 5984, 5986, 5987, 5991, 5993, 5994, 5995, 5996, 5999, 6000, 6001, 6002, 6003, 6004, 6005, 6007, 6009, 6010, 6011, 6013, 6014, 6015, 6016, 6017, 6019, 6020, 6022, 6025, 6026, 6027, 6029, 6030, 6038, 6039, 6041, 6043, 6044, 6045, 6046, 6049, 6050, 6051, 6053, 6054, 6055, 6056, 6058, 6059, 6062, 6066], "summary": {"covered_lines": 52, "num_statements": 55, "percent_covered": 94.54545454545455, "percent_covered_display": "95", "missing_lines": 3, "excluded_lines": 0, "percent_statements_covered": 94.54545454545455, "percent_statements_covered_display": "95"}, "missing_lines": [6012, 6060, 6061], "excluded_lines": [], "start_line": 5970}, "_format_token_report_json": {"executed_lines": [6078, 6080, 6090, 6091, 6092, 6093, 6094, 6095, 6104, 6105, 6107], "summary": {"covered_lines": 11, "num_statements": 11, "percent_covered": 100.0, "percent_covered_display": "100", "missing_lines": 0, "excluded_lines": 0, "percent_statements_covered": 100.0, "percent_statements_covered_display": "100"}, "missing_lines": [], "excluded_lines": [], "start_line": 6069}, "token_report_cmd": {"executed_lines": [6148, 6150, 6152, 6155, 6156, 6158, 6159, 6160, 6162], "summary": {"covered_lines": 9, "num_statements": 9, "percent_covered": 100.0, "percent_covered_display": "100", "missing_lines": 0, "excluded_lines": 0, "percent_statements_covered": 100.0, "percent_statements_covered_display": "100"}, "missing_lines": [], "excluded_lines": [], "start_line": 6137}, "init_cmd": {"executed_lines": [6187, 6188, 6189, 6191, 6192, 6195, 6196, 6197, 6199, 6213, 6216, 6217, 6218, 6220, 6232, 6234, 6235, 6236, 6237, 6238, 6239, 6240, 6244, 6245, 6246, 6252, 6253], "summary": {"covered_lines": 27, "num_statements": 27, "percent_covered": 100.0, "percent_covered_display": "100", "missing_lines": 0, "excluded_lines": 0, "percent_statements_covered": 100.0, "percent_statements_covered_display": "100"}, "missing_lines": [], "excluded_lines": [], "start_line": 6178}, "logs_cmd": {"executed_lines": [6309, 6310, 6312, 6324, 6325, 6327, 6328, 6329, 6331, 6333, 6334, 6335, 6338, 6339, 6340, 6341, 6342, 6343, 6344, 6345, 6346, 6347, 6349, 6350, 6351, 6352, 6353, 6354, 6356, 6357, 6358, 6359, 6360, 6362, 6363, 6365, 6366, 6367, 6368, 6369, 6370, 6371, 6372, 6373, 6374, 6375, 6376, 6378, 6380, 6381, 6383, 6384, 6385, 6386, 6387, 6390, 6391, 6393, 6394, 6395, 6396, 6397, 6399, 6401, 6402, 6403, 6404, 6405, 6407, 6408, 6409], "summary": {"covered_lines": 71, "num_statements": 78, "percent_covered": 91.02564102564102, "percent_covered_display": "91", "missing_lines": 7, "excluded_lines": 0, "percent_statements_covered": 91.02564102564102, "percent_statements_covered_display": "91"}, "missing_lines": [6313, 6314, 6318, 6319, 6320, 6321, 6322], "excluded_lines": [], "start_line": 6290}, "config_cmd": {"executed_lines": [6476, 6477, 6478, 6479, 6481, 6483, 6484, 6485, 6486, 6487, 6488, 6489, 6490, 6493, 6494, 6495, 6496, 6499, 6502, 6503, 6504, 6505, 6506, 6507, 6508, 6510, 6511, 6512, 6514, 6515, 6516, 6517, 6519, 6520, 6521, 6522, 6523, 6525, 6526, 6527, 6528, 6531, 6535, 6544, 6545, 6549, 6552, 6569, 6570, 6572, 6573, 6574, 6576, 6577, 6578], "summary": {"covered_lines": 55, "num_statements": 61, "percent_covered": 90.1639344262295, "percent_covered_display": "90", "missing_lines": 6, "excluded_lines": 0, "percent_statements_covered": 90.1639344262295, "percent_statements_covered_display": "90"}, "missing_lines": [6536, 6537, 6539, 6540, 6541, 6542], "excluded_lines": [], "start_line": 6432}, "circuit_cmd": {"executed_lines": [6617, 6618, 6620, 6621, 6623, 6625, 6626, 6628, 6630, 6632, 6633, 6634, 6635, 6637, 6646, 6649, 6650, 6651, 6652, 6653, 6655, 6656, 6657, 6658, 6659, 6661, 6662, 6663, 6664, 6665, 6666, 6667, 6669, 6670, 6672, 6674, 6682, 6684, 6685, 6686, 6687, 6689, 6691, 6692, 6693, 6695, 6696, 6697, 6698, 6699, 6700, 6701, 6702, 6703, 6704, 6705, 6708, 6709, 6710, 6711, 6713, 6715, 6716, 6720, 6721, 6722, 6725], "summary": {"covered_lines": 67, "num_statements": 74, "percent_covered": 90.54054054054055, "percent_covered_display": "91", "missing_lines": 7, "excluded_lines": 0, "percent_statements_covered": 90.54054054054055, "percent_statements_covered_display": "91"}, "missing_lines": [6638, 6639, 6641, 6642, 6643, 6644, 6706], "excluded_lines": [], "start_line": 6601}, "version": {"executed_lines": [6731], "summary": {"covered_lines": 1, "num_statements": 1, "percent_covered": 100.0, "percent_covered_display": "100", "missing_lines": 0, "excluded_lines": 0, "percent_statements_covered": 100.0, "percent_statements_covered_display": "100"}, "missing_lines": [], "excluded_lines": [], "start_line": 6729}, "doctor_cmd": {"executed_lines": [6737, 6739, 6741, 6742, 6744, 6745, 6746, 6747, 6750, 6751, 6752, 6753, 6760, 6761, 6762, 6764, 6765, 6766, 6774, 6776, 6777, 6778, 6781, 6782, 6789, 6790, 6797, 6799, 6800, 6801, 6806, 6808, 6809, 6810, 6812, 6813, 6814, 6815, 6816, 6818, 6819, 6820, 6821, 6822, 6823, 6825, 6826, 6827, 6828, 6829, 6830, 6831, 6832, 6833, 6834, 6835, 6836, 6837, 6838, 6840, 6841, 6842, 6846, 6847, 6848], "summary": {"covered_lines": 65, "num_statements": 81, "percent_covered": 80.24691358024691, "percent_covered_display": "80", "missing_lines": 16, "excluded_lines": 0, "percent_statements_covered": 80.24691358024691, "percent_statements_covered_display": "80"}, "missing_lines": [6748, 6767, 6768, 6769, 6770, 6771, 6772, 6783, 6784, 6785, 6786, 6787, 6802, 6803, 6804, 6811], "excluded_lines": [], "start_line": 6735}, "tui_cmd": {"executed_lines": [], "summary": {"covered_lines": 0, "num_statements": 3, "percent_covered": 0.0, "percent_covered_display": "0", "missing_lines": 3, "excluded_lines": 3, "percent_statements_covered": 0.0, "percent_statements_covered_display": "0"}, "missing_lines": [6860, 6861, 6865], "excluded_lines": [6862, 6863, 6864], "start_line": 6852}, "monitor_cmd": {"executed_lines": [6885, 6886, 6888, 6889, 6891, 6892, 6893, 6894, 6895, 6896], "summary": {"covered_lines": 10, "num_statements": 10, "percent_covered": 100.0, "percent_covered_display": "100", "missing_lines": 0, "excluded_lines": 0, "percent_statements_covered": 100.0, "percent_statements_covered_display": "100"}, "missing_lines": [], "excluded_lines": [], "start_line": 6875}, "": {"executed_lines": [8, 10, 11, 12, 13, 14, 15, 16, 17, 18, 19, 20, 21, 22, 28, 35, 37, 38, 39, 40, 41, 43, 44, 45, 46, 53, 61, 68, 69, 74, 81, 82, 90, 96, 98, 100, 101, 102, 103, 106, 107, 110, 111, 112, 115, 128, 129, 207, 223, 240, 243, 253, 261, 271, 312, 325, 344, 399, 426, 437, 455, 464, 484, 535, 547, 591, 626, 635, 656, 661, 664, 665, 666, 669, 698, 713, 734, 799, 851, 986, 1081, 1146, 1160, 1182, 1233, 1314, 1319, 1332, 1371, 1612, 1914, 1942, 1987, 2102, 2169, 2528, 2816, 2848, 3514, 3524, 3540, 3582, 3619, 3624, 3631, 3657, 3674, 3682, 3683, 3689, 3690, 3697, 3698, 3704, 3711, 3718, 3723, 3729, 3734, 3741, 3749, 3757, 3764, 3771, 3783, 4574, 5408, 5409, 5415, 5421, 5473, 5474, 5475, 5481, 5526, 5527, 5528, 5534, 5558, 5559, 5565, 5593, 5594, 5600, 5679, 5788, 5789, 5795, 5801, 5807, 5958, 5970, 6069, 6110, 6111, 6118, 6124, 6130, 6137, 6165, 6166, 6173, 6178, 6256, 6257, 6263, 6270, 6278, 6284, 6290, 6412, 6413, 6419, 6426, 6432, 6581, 6582, 6588, 6595, 6601, 6728, 6729, 6734, 6735, 6851, 6852, 6868, 6869, 6875, 6904], "summary": {"covered_lines": 190, "num_statements": 192, "percent_covered": 98.95833333333333, "percent_covered_display": "99", "missing_lines": 2, "excluded_lines": 3, "percent_statements_covered": 98.95833333333333, "percent_statements_covered_display": "99"}, "missing_lines": [29, 6905], "excluded_lines": [31, 32, 33], "start_line": 1}}, "classes": {"CycleValidationResult": {"executed_lines": [], "summary": {"covered_lines": 0, "num_statements": 0, "percent_covered": 100.0, "percent_covered_display": "100", "missing_lines": 0, "excluded_lines": 0, "percent_statements_covered": 100.0, "percent_statements_covered_display": "100"}, "missing_lines": [], "excluded_lines": [], "start_line": 107}, "": {"executed_lines": [8, 10, 11, 12, 13, 14, 15, 16, 17, 18, 19, 20, 21, 22, 28, 35, 37, 38, 39, 40, 41, 43, 44, 45, 46, 53, 61, 68, 69, 74, 81, 82, 90, 96, 98, 100, 101, 102, 103, 106, 107, 110, 111, 112, 115, 117, 118, 119, 120, 128, 129, 150, 151, 152, 160, 184, 185, 187, 188, 192, 193, 194, 195, 197, 207, 209, 210, 223, 231, 232, 234, 235, 236, 240, 243, 245, 246, 248, 249, 250, 253, 255, 261, 263, 264, 265, 271, 287, 288, 289, 290, 291, 292, 293, 297, 298, 299, 309, 312, 319, 320, 321, 322, 325, 334, 335, 336, 337, 339, 340, 341, 344, 356, 358, 359, 360, 362, 363, 364, 366, 367, 371, 373, 374, 375, 378, 379, 381, 382, 383, 387, 389, 390, 391, 396, 399, 407, 408, 409, 410, 411, 412, 413, 414, 415, 416, 420, 423, 426, 428, 434, 437, 452, 455, 461, 464, 470, 471, 472, 473, 476, 477, 479, 480, 481, 484, 486, 487, 488, 490, 491, 492, 494, 497, 498, 499, 500, 502, 503, 504, 505, 506, 507, 509, 511, 512, 514, 520, 526, 527, 532, 535, 537, 539, 540, 541, 542, 543, 544, 547, 553, 554, 555, 556, 560, 561, 567, 568, 569, 570, 571, 572, 573, 575, 576, 579, 580, 581, 583, 585, 586, 591, 598, 599, 601, 613, 614, 621, 626, 635, 637, 638, 639, 640, 641, 642, 643, 644, 645, 646, 647, 648, 649, 656, 661, 664, 665, 666, 669, 698, 700, 702, 713, 734, 740, 741, 742, 743, 744, 746, 747, 748, 751, 753, 754, 759, 760, 763, 766, 768, 777, 785, 792, 794, 796, 799, 817, 818, 820, 822, 843, 851, 986, 1081, 1098, 1099, 1101, 1102, 1103, 1104, 1105, 1106, 1107, 1108, 1109, 1110, 1111, 1112, 1113, 1115, 1116, 1118, 1119, 1120, 1122, 1124, 1125, 1136, 1137, 1138, 1139, 1143, 1146, 1148, 1149, 1150, 1152, 1153, 1154, 1155, 1160, 1162, 1163, 1169, 1170, 1171, 1172, 1173, 1182, 1233, 1314, 1316, 1319, 1329, 1332, 1354, 1355, 1356, 1357, 1359, 1360, 1361, 1364, 1365, 1366, 1367, 1368, 1371, 1612, 1914, 1942, 1987, 
[...]
, 78, 87, 101, 111, 112, 131, 132, 133, 135, 136, 140, 141, 142, 146, 147, 151, 153, 154, 155, 157, 158, 161, 162, 163, 167, 174, 178, 180, 181, 182, 184, 185, 186, 187, 189, 193, 194, 196, 200, 201, 202, 203, 204, 205, 207, 208, 211, 212, 213, 214, 216, 221, 231, 241, 255, 269, 299, 300, 318, 319, 320, 322, 323, 327, 328, 329, 337, 338, 339, 343, 344, 345, 348, 349, 350, 351, 352, 353, 354, 356, 357, 358, 359, 360, 367, 369, 373, 375, 376, 378, 379, 380, 381, 383, 387, 388, 390, 394, 395, 396, 397, 398, 399, 401, 402, 405, 406, 407, 408, 410], "summary": {"covered_lines": 121, "num_statements": 151, "percent_covered": 80.13245033112582, "percent_covered_display": "80", "missing_lines": 30, "excluded_lines": 4, "percent_statements_covered": 80.13245033112582, "percent_statements_covered_display": "80"}, "missing_lines": [137, 138, 148, 149, 159, 160, 175, 176, 190, 191, 197, 198, 209, 210, 217, 218, 324, 325, 340, 341, 370, 371, 384, 385, 391, 392, 403, 404, 411, 412], "excluded_lines": [26, 27, 29, 30], "start_line": 1}}}, "the_architect/tui/terminal.py": {"executed_lines": [3, 5, 6, 7, 9, 27, 30, 32, 33, 34, 35, 38, 40, 41, 42, 43, 44, 45, 46, 49, 67, 68, 69, 70, 73, 74, 75, 76, 77, 78], "summary": {"covered_lines": 30, "num_statements": 30, "percent_covered": 100.0, "percent_covered_display": "100", "missing_lines": 0, "excluded_lines": 0, "percent_statements_covered": 100.0, "percent_statements_covered_display": "100"}, "missing_lines": [], "excluded_lines": [], "functions": {"_stream_is_tty": {"executed_lines": [32, 33, 34, 35], "summary": {"covered_lines": 4, "num_statements": 4, "percent_covered": 100.0, "percent_covered_display": "100", "missing_lines": 0, "excluded_lines": 0, "percent_statements_covered": 100.0, "percent_statements_covered_display": "100"}, "missing_lines": [], "excluded_lines": [], "start_line": 30}, "_write_restore_sequence": {"executed_lines": [40, 41, 42, 43, 44, 45, 46], "summary": {"covered_lines": 7, "num_statements": 7, "percent_covered": 100.0, "percent_covered_display": "100", "missing_lines": 0, "excluded_lines": 0, "percent_statements_covered": 100.0, "percent_statements_covered_display": "100"}, "missing_lines": [], "excluded_lines": [], "start_line": 38}, "restore_terminal_input_modes": {"executed_lines": [67, 68, 69, 70, 73, 74, 75, 76, 77, 78], "summary": {"covered_lines": 10, "num_statements": 10, "percent_covered": 100.0, "percent_covered_display": "100", "missing_lines": 0, "excluded_lines": 0, "percent_statements_covered": 100.0, "percent_statements_covered_display": "100"}, "missing_lines": [], "excluded_lines": [], "start_line": 49}, "": {"executed_lines": [3, 5, 6, 7, 9, 27, 30, 38, 49], "summary": {"covered_lines": 9, "num_statements": 9, "percent_covered": 100.0, "percent_covered_display": "100", "missing_lines": 0, "excluded_lines": 0, "percent_statements_covered": 100.0, "percent_statements_covered_display": "100"}, "missing_lines": [], "excluded_lines": [], "start_line": 1}}, "classes": {"": {"executed_lines": [3, 5, 6, 7, 9, 27, 30, 32, 33, 34, 35, 38, 40, 41, 42, 43, 44, 45, 46, 49, 67, 68, 69, 70, 73, 74, 75, 76, 77, 78], "summary": {"covered_lines": 30, "num_statements": 30, "percent_covered": 100.0, "percent_covered_display": "100", "missing_lines": 0, "excluded_lines": 0, "percent_statements_covered": 100.0, "percent_statements_covered_display": "100"}, "missing_lines": [], "excluded_lines": [], "start_line": 1}}}, "the_architect/tui/widgets.py": {"executed_lines": [25, 27, 28, 30, 31, 32, 33, 34, 35, 36, 39, 48, 49, 55, 56, 60, 61, 68, 75, 76, 78, 79, 83, 84, 98, 166, 180, 181, 187, 209, 213, 214, 216, 229, 231, 232, 235, 236, 239, 241, 244, 245, 247, 250, 251, 252, 255, 256, 257, 258, 262, 263, 265, 279, 280, 281, 282, 283, 284, 285, 288, 300, 301, 302, 303, 305, 306, 308, 309, 310, 311, 315, 317, 318, 319, 320, 322, 348, 352, 353, 354, 355, 356, 359, 365, 394, 429, 434, 437, 438, 439, 441, 442, 447, 475, 476, 477, 478, 482, 484, 488, 489, 496, 498, 514, 526, 527, 528, 530, 532, 534, 535, 539, 541, 543, 545], "summary": {"covered_lines": 116, "num_statements": 130, "percent_covered": 89.23076923076923, "percent_covered_display": "89", "missing_lines": 14, "excluded_lines": 0, "percent_statements_covered": 89.23076923076923, "percent_statements_covered_display": "89"}, "missing_lines": [357, 358, 445, 483, 505, 506, 507, 509, 510, 542, 547, 548, 550, 551], "excluded_lines": [], "functions": {"BlankOffCheckbox._button": {"executed_lines": [55, 56, 60, 61], "summary": {"covered_lines": 4, "num_statements": 4, "percent_covered": 100.0, "percent_covered_display": "100", "missing_lines": 0, "excluded_lines": 0, "percent_statements_covered": 100.0, "percent_statements_covered_display": "100"}, "missing_lines": [], "excluded_lines": [], "start_line": 49}, "BlankOffRadioButton._button": {"executed_lines": [78, 79, 83, 84], "summary": {"covered_lines": 4, "num_statements": 4, "percent_covered": 100.0, "percent_covered_display": "100", "missing_lines": 0, "excluded_lines": 0, "percent_statements_covered": 100.0, "percent_statements_covered_display": "100"}, "missing_lines": [], "excluded_lines": [], "start_line": 76}, "next_matrix_frame": {"executed_lines": [180, 181], "summary": {"covered_lines": 2, "num_statements": 2, "percent_covered": 100.0, "percent_covered_display": "100", "missing_lines": 0, "excluded_lines": 0, "percent_statements_covered": 100.0, "percent_statements_covered_display": "100"}, "missing_lines": [], "excluded_lines": [], "start_line": 166}, "MatrixRain.__init__": {"executed_lines": [232, 235, 236, 239], "summary": {"covered_lines": 4, "num_statements": 4, "percent_covered": 100.0, "percent_covered_display": "100", "missing_lines": 0, "excluded_lines": 0, "percent_statements_covered": 100.0, "percent_statements_covered_display": "100"}, "missing_lines": [], "excluded_lines": [], "start_line": 231}, "MatrixRain.on_mount": {"executed_lines": [244, 245], "summary": {"covered_lines": 2, "num_statements": 2, "percent_covered": 100.0, "percent_covered_display": "100", "missing_lines": 0, "excluded_lines": 0, "percent_statements_covered": 100.0, "percent_statements_covered_display": "100"}, "missing_lines": [], "excluded_lines": [], "start_line": 241}, "MatrixRain._tick": {"executed_lines": [250, 251, 252, 255, 256, 257, 258], "summary": {"covered_lines": 7, "num_statements": 7, "percent_covered": 100.0, "percent_covered_display": "100", "missing_lines": 0, "excluded_lines": 0, "percent_statements_covered": 100.0, "percent_statements_covered_display": "100"}, "missing_lines": [], "excluded_lines": [], "start_line": 247}, "MatrixRain.render": {"executed_lines": [263], "summary": {"covered_lines": 1, "num_statements": 1, "percent_covered": 100.0, "percent_covered_display": "100", "missing_lines": 0, "excluded_lines": 0, "percent_statements_covered": 100.0, "percent_statements_covered_display": "100"}, "missing_lines": [], "excluded_lines": [], "start_line": 262}, "MatrixRain._build_frame": {"executed_lines": [279, 280, 281, 282, 283, 284, 285, 288, 300, 301, 302, 303, 305, 306, 308, 309, 310, 311, 315, 317, 318, 319, 320], "summary": {"covered_lines": 23, "num_statements": 23, "percent_covered": 100.0, "percent_covered_display": "100", "missing_lines": 0, "excluded_lines": 0, "percent_statements_covered": 100.0, "percent_statements_covered_display": "100"}, "missing_lines": [], "excluded_lines": [], "start_line": 265}, "MatrixRain._resolve_style": {"executed_lines": [348, 352, 353, 354, 355, 356, 359], "summary": {"covered_lines": 7, "num_statements": 9, "percent_covered": 77.77777777777777, "percent_covered_display": "78", "missing_lines": 2, "excluded_lines": 0, "percent_statements_covered": 77.77777777777777, "percent_statements_covered_display": "78"}, "missing_lines": [357, 358], "excluded_lines": [], "start_line": 322}, "MatrixButton.Pressed.__init__": {"executed_lines": [438, 439], "summary": {"covered_lines": 2, "num_statements": 2, "percent_covered": 100.0, "percent_covered_display": "100", "missing_lines": 0, "excluded_lines": 0, "percent_statements_covered": 100.0, "percent_statements_covered_display": "100"}, "missing_lines": [], "excluded_lines": [], "start_line": 437}, "MatrixButton.Pressed.control": {"executed_lines": [], "summary": {"covered_lines": 0, "num_statements": 1, "percent_covered": 0.0, "percent_covered_display": "0", "missing_lines": 1, "excluded_lines": 0, "percent_statements_covered": 0.0, "percent_statements_covered_display": "0"}, "missing_lines": [445], "excluded_lines": [], "start_line": 442}, "MatrixButton.__init__": {"executed_lines": [475, 476, 477, 478, 482, 484], "summary": {"covered_lines": 6, "num_statements": 7, "percent_covered": 85.71428571428571, "percent_covered_display": "86", "missing_lines": 1, "excluded_lines": 0, "percent_statements_covered": 85.71428571428571, "percent_statements_covered_display": "86"}, "missing_lines": [483], "excluded_lines": [], "start_line": 447}, "MatrixButton.is_disabled": {"executed_lines": [496], "summary": {"covered_lines": 1, "num_statements": 1, "percent_covered": 100.0, "percent_covered_display": "100", "missing_lines": 0, "excluded_lines": 0, "percent_statements_covered": 100.0, "percent_statements_covered_display": "100"}, "missing_lines": [], "excluded_lines": [], "start_line": 489}, "MatrixButton.set_disabled": {"executed_lines": [], "summary": {"covered_lines": 0, "num_statements": 5, "percent_covered": 0.0, "percent_covered_display": "0", "missing_lines": 5, "excluded_lines": 0, "percent_statements_covered": 0.0, "percent_statements_covered_display": "0"}, "missing_lines": [505, 506, 507, 509, 510], "excluded_lines": [], "start_line": 498}, "MatrixButton._refresh_content": {"executed_lines": [526, 527, 528], "summary": {"covered_lines": 3, "num_statements": 3, "percent_covered": 100.0, "percent_covered_display": "100", "missing_lines": 0, "excluded_lines": 0, "percent_statements_covered": 100.0, "percent_statements_covered_display": "100"}, "missing_lines": [], "excluded_lines": [], "start_line": 514}, "MatrixButton.on_focus": {"executed_lines": [532], "summary": {"covered_lines": 1, "num_statements": 1, "percent_covered": 100.0, "percent_covered_display": "100", "missing_lines": 0, "excluded_lines": 0, "percent_statements_covered": 100.0, "percent_statements_covered_display": "100"}, "missing_lines": [], "excluded_lines": [], "start_line": 530}, "MatrixButton.on_blur": {"executed_lines": [535], "summary": {"covered_lines": 1, "num_statements": 1, "percent_covered": 100.0, "percent_covered_display": "100", "missing_lines": 0, "excluded_lines": 0, "percent_statements_covered": 100.0, "percent_statements_covered_display": "100"}, "missing_lines": [], "excluded_lines": [], "start_line": 534}, "MatrixButton.action_press": {"executed_lines": [541, 543], "summary": {"covered_lines": 2, "num_statements": 3, "percent_covered": 66.66666666666667, "percent_covered_display": "67", "missing_lines": 1, "excluded_lines": 0, "percent_statements_covered": 66.66666666666667, "percent_statements_covered_display": "67"}, "missing_lines": [542], "excluded_lines": [], "start_line": 539}, "MatrixButton.on_click": {"executed_lines": [], "summary": {"covered_lines": 0, "num_statements": 4, "percent_covered": 0.0, "percent_covered_display": "0", "missing_lines": 4, "excluded_lines": 0, "percent_statements_covered": 0.0, "percent_statements_covered_display": "0"}, "missing_lines": [547, 548, 550, 551], "excluded_lines": [], "start_line": 545}, "": {"executed_lines": [25, 27, 28, 30, 31, 32, 33, 34, 35, 36, 39, 48, 49, 68, 75, 76, 98, 166, 187, 209, 213, 214, 216, 229, 231, 241, 247, 262, 265, 322, 365, 394, 429, 434, 437, 441, 442, 447, 488, 489, 498, 514, 530, 534, 539, 545], "summary": {"covered_lines": 46, "num_statements": 46, "percent_covered": 100.0, "percent_covered_display": "100", "missing_lines": 0, "excluded_lines": 0, "percent_statements_covered": 100.0, "percent_statements_covered_display": "100"}, "missing_lines": [], "excluded_lines": [], "start_line": 1}}, "classes": {"BlankOffCheckbox": {"executed_lines": [55, 56, 60, 61], "summary": {"covered_lines": 4, "num_statements": 4, "percent_covered": 100.0, "percent_covered_display": "100", "missing_lines": 0, "excluded_lines": 0, "percent_statements_covered": 100.0, "percent_statements_covered_display": "100"}, "missing_lines": [], "excluded_lines": [], "start_line": 39}, "BlankOffRadioButton": {"executed_lines": [78, 79, 83, 84], "summary": {"covered_lines": 4, "num_statements": 4, "percent_covered": 100.0, "percent_covered_display": "100", "missing_lines": 0, "excluded_lines": 0, "percent_statements_covered": 100.0, "percent_statements_covered_display": "100"}, "missing_lines": [], "excluded_lines": [], "start_line": 68}, "MatrixRain": {"executed_lines": [232, 235, 236, 239, 244, 245, 250, 251, 252, 255, 256, 257, 258, 263, 279, 280, 281, 282, 283, 284, 285, 288, 300, 301, 302, 303, 305, 306, 308, 309, 310, 311, 315, 317, 318, 319, 320, 348, 352, 353, 354, 355, 356, 359], "summary": {"covered_lines": 44, "num_statements": 46, "percent_covered": 95.65217391304348, "percent_covered_display": "96", "missing_lines": 2, "excluded_lines": 0, "percent_statements_covered": 95.65217391304348, "percent_statements_covered_display": "96"}, "missing_lines": [357, 358], "excluded_lines": [], "start_line": 187}, "MatrixButton": {"executed_lines": [475, 476, 477, 478, 482, 484, 496, 526, 527, 528, 532, 535, 541, 543], "summary": {"covered_lines": 14, "num_statements": 25, "percent_covered": 56.0, "percent_covered_display": "56", "missing_lines": 11, "excluded_lines": 0, "percent_statements_covered": 56.0, "percent_statements_covered_display": "56"}, "missing_lines": [483, 505, 506, 507, 509, 510, 542, 547, 548, 550, 551], "excluded_lines": [], "start_line": 365}, "MatrixButton.Pressed": {"executed_lines": [438, 439], "summary": {"covered_lines": 2, "num_statements": 3, "percent_covered": 66.66666666666667, "percent_covered_display": "67", "missing_lines": 1, "excluded_lines": 0, "percent_statements_covered": 66.66666666666667, "percent_statements_covered_display": "67"}, "missing_lines": [445], "excluded_lines": [], "start_line": 434}, "": {"executed_lines": [25, 27, 28, 30, 31, 32, 33, 34, 35, 36, 39, 48, 49, 68, 75, 76, 98, 166, 180, 181, 187, 209, 213, 214, 216, 229, 231, 241, 247, 262, 265, 322, 365, 394, 429, 434, 437, 441, 442, 447, 488, 489, 498, 514, 530, 534, 539, 545], "summary": {"covered_lines": 48, "num_statements": 48, "percent_covered": 100.0, "percent_covered_display": "100", "missing_lines": 0, "excluded_lines": 0, "percent_statements_covered": 100.0, "percent_statements_covered_display": "100"}, "missing_lines": [], "excluded_lines": [], "start_line": 1}}}, "the_architect/version.py": {"executed_lines": [7, 9, 10, 11, 14, 27, 28, 29, 32, 33, 34, 35, 38, 41, 51, 52, 54, 55, 56, 58, 59, 60, 61, 64, 67, 73, 74, 75, 79, 81, 82, 83, 84, 87, 88, 93, 104, 116, 117, 118, 119, 120, 121, 123, 124, 125, 126, 128, 129, 130, 131, 132, 135, 137, 138, 139, 140, 141, 142, 144, 145, 146, 147, 148, 152, 154, 156, 159, 160, 161, 162], "summary": {"covered_lines": 71, "num_statements": 84, "percent_covered": 84.52380952380952, "percent_covered_display": "85", "missing_lines": 13, "excluded_lines": 0, "percent_statements_covered": 84.52380952380952, "percent_statements_covered_display": "85"}, "missing_lines": [76, 85, 89, 90, 95, 96, 97, 98, 100, 101, 143, 149, 155], "excluded_lines": [], "functions": {"get_version": {"executed_lines": [27, 28, 29, 32, 33, 34, 35, 38], "summary": {"covered_lines": 8, "num_statements": 8, "percent_covered": 100.0, "percent_covered_display": "100", "missing_lines": 0, "excluded_lines": 0, "percent_statements_covered": 100.0, "percent_statements_covered_display": "100"}, "missing_lines": [], "excluded_lines": [], "start_line": 14}, "_read_version_from_pyproject": {"executed_lines": [51, 52, 54, 55, 56, 58, 59, 60, 61, 64], "summary": {"covered_lines": 10, "num_statements": 10, "percent_covered": 100.0, "percent_covered_display": "100", "missing_lines": 0, "excluded_lines": 0, "percent_statements_covered": 100.0, "percent_statements_covered_display": "100"}, "missing_lines": [], "excluded_lines": [], "start_line": 41}, "get_build": {"executed_lines": [73, 74, 75], "summary": {"covered_lines": 3, "num_statements": 4, "percent_covered": 75.0, "percent_covered_display": "75", "missing_lines": 1, "excluded_lines": 0, "percent_statements_covered": 75.0, "percent_statements_covered_display": "75"}, "missing_lines": [76], "excluded_lines": [], "start_line": 67}, "_read_build_from_root_version": {"executed_lines": [81, 82, 83, 84, 87, 88], "summary": {"covered_lines": 6, "num_statements": 9, "percent_covered": 66.66666666666667, "percent_covered_display": "67", "missing_lines": 3, "excluded_lines": 0, "percent_statements_covered": 66.66666666666667, "percent_statements_covered_display": "67"}, "missing_lines": [85, 89, 90], "excluded_lines": [], "start_line": 79}, "_read_build_from_packaged_snapshot": {"executed_lines": [], "summary": {"covered_lines": 0, "num_statements": 6, "percent_covered": 0.0, "percent_covered_display": "0", "missing_lines": 6, "excluded_lines": 0, "percent_statements_covered": 0.0, "percent_statements_covered_display": "0"}, "missing_lines": [95, 96, 97, 98, 100, 101], "excluded_lines": [], "start_line": 93}, "_extract_version_from_toml": {"executed_lines": [116, 117, 118, 119, 120, 121, 123, 124, 125, 126, 128, 129, 130, 131, 132], "summary": {"covered_lines": 15, "num_statements": 15, "percent_covered": 100.0, "percent_covered_display": "100", "missing_lines": 0, "excluded_lines": 0, "percent_statements_covered": 100.0, "percent_statements_covered_display": "100"}, "missing_lines": [], "excluded_lines": [], "start_line": 104}, "_extract_build_from_python": {"executed_lines": [137, 138, 139, 140, 141, 142, 144, 145, 146, 147, 148], "summary": {"covered_lines": 11, "num_statements": 13, "percent_covered": 84.61538461538461, "percent_covered_display": "85", "missing_lines": 2, "excluded_lines": 0, "percent_statements_covered": 84.61538461538461, "percent_statements_covered_display": "85"}, "missing_lines": [143, 149], "excluded_lines": [], "start_line": 135}, "get_full_version": {"executed_lines": [154, 156], "summary": {"covered_lines": 2, "num_statements": 3, "percent_covered": 66.66666666666667, "percent_covered_display": "67", "missing_lines": 1, "excluded_lines": 0, "percent_statements_covered": 66.66666666666667, "percent_statements_covered_display": "67"}, "missing_lines": [155], "excluded_lines": [], "start_line": 152}, "": {"executed_lines": [7, 9, 10, 11, 14, 41, 67, 79, 93, 104, 135, 152, 159, 160, 161, 162], "summary": {"covered_lines": 16, "num_statements": 16, "percent_covered": 100.0, "percent_covered_display": "100", "missing_lines": 0, "excluded_lines": 0, "percent_statements_covered": 100.0, "percent_statements_covered_display": "100"}, "missing_lines": [], "excluded_lines": [], "start_line": 1}}, "classes": {"": {"executed_lines": [7, 9, 10, 11, 14, 27, 28, 29, 32, 33, 34, 35, 38, 41, 51, 52, 54, 55, 56, 58, 59, 60, 61, 64, 67, 73, 74, 75, 79, 81, 82, 83, 84, 87, 88, 93, 104, 116, 117, 118, 119, 120, 121, 123, 124, 125, 126, 128, 129, 130, 131, 132, 135, 137, 138, 139, 140, 141, 142, 144, 145, 146, 147, 148, 152, 154, 156, 159, 160, 161, 162], "summary": {"covered_lines": 71, "num_statements": 84, "percent_covered": 84.52380952380952, "percent_covered_display": "85", "missing_lines": 13, "excluded_lines": 0, "percent_statements_covered": 84.52380952380952, "percent_statements_covered_display": "85"}, "missing_lines": [76, 85, 89, 90, 95, 96, 97, 98, 100, 101, 143, 149, 155], "excluded_lines": [], "start_line": 1}}}}, "totals": {"covered_lines": 11965, "num_statements": 13915, "percent_covered": 85.98634567014014, "percent_covered_display": "86", "missing_lines": 1950, "excluded_lines": 107, "percent_statements_covered": 85.98634567014014, "percent_statements_covered_display": "86"}}