{"meta": {"format": 3, "version": "7.13.5", "timestamp": "2026-05-15T09:23:37.968687", "branch_coverage": false, "show_contexts": false}, "files": {"the_architect/__init__.py": {"executed_lines": [3, 5, 7], "summary": {"covered_lines": 3, "num_statements": 3, "percent_covered": 100.0, "percent_covered_display": "100", "missing_lines": 0, "excluded_lines": 0, "percent_statements_covered": 100.0, "percent_statements_covered_display": "100"}, "missing_lines": [], "excluded_lines": [], "functions": {"": {"executed_lines": [3, 5, 7], "summary": {"covered_lines": 3, "num_statements": 3, "percent_covered": 100.0, "percent_covered_display": "100", "missing_lines": 0, "excluded_lines": 0, "percent_statements_covered": 100.0, "percent_statements_covered_display": "100"}, "missing_lines": [], "excluded_lines": [], "start_line": 1}}, "classes": {"": {"executed_lines": [3, 5, 7], "summary": {"covered_lines": 3, "num_statements": 3, "percent_covered": 100.0, "percent_covered_display": "100", "missing_lines": 0, "excluded_lines": 0, "percent_statements_covered": 100.0, "percent_statements_covered_display": "100"}, "missing_lines": [], "excluded_lines": [], "start_line": 1}}}, "the_architect/cli.py": {"executed_lines": [8, 10, 11, 12, 13, 14, 15, 16, 17, 18, 19, 20, 21, 22, 28, 30, 31, 32, 33, 35, 36, 37, 38, 45, 53, 60, 61, 66, 73, 74, 82, 83, 89, 91, 93, 94, 95, 96, 99, 100, 103, 104, 105, 108, 110, 111, 112, 113, 121, 122, 143, 144, 145, 153, 177, 178, 180, 181, 185, 186, 187, 188, 190, 200, 202, 203, 216, 224, 225, 227, 228, 229, 233, 236, 238, 239, 241, 242, 243, 246, 248, 254, 256, 257, 258, 264, 280, 281, 282, 283, 284, 285, 286, 290, 291, 292, 302, 305, 312, 313, 314, 315, 318, 327, 328, 329, 330, 332, 333, 334, 337, 345, 346, 347, 348, 349, 350, 351, 352, 353, 354, 358, 361, 364, 366, 372, 375, 390, 393, 399, 402, 408, 409, 410, 411, 414, 415, 417, 418, 419, 422, 424, 425, 426, 428, 429, 430, 432, 435, 436, 437, 438, 440, 441, 442, 443, 444, 445, 447, 449, 450, 452, 458, 464, 465, 470, 473, 475, 477, 478, 479, 480, 481, 482, 485, 491, 492, 493, 494, 498, 499, 505, 506, 507, 508, 509, 510, 511, 513, 514, 517, 518, 519, 521, 523, 524, 529, 536, 537, 539, 551, 552, 559, 564, 573, 575, 576, 577, 578, 579, 580, 581, 582, 583, 584, 585, 586, 587, 594, 599, 602, 603, 604, 607, 636, 638, 640, 651, 662, 663, 665, 672, 678, 679, 680, 681, 682, 684, 685, 686, 689, 691, 692, 697, 698, 701, 704, 706, 715, 723, 730, 732, 734, 737, 755, 756, 758, 760, 781, 789, 926, 1021, 1038, 1039, 1041, 1042, 1043, 1044, 1045, 1046, 1047, 1048, 1049, 1050, 1051, 1052, 1053, 1055, 1056, 1058, 1059, 1060, 1062, 1064, 1065, 1076, 1077, 1078, 1079, 1083, 1086, 1088, 1089, 1090, 1092, 1093, 1094, 1095, 1100, 1102, 1103, 1109, 1110, 1111, 1112, 1113, 1122, 1173, 1254, 1256, 1259, 1269, 1272, 1294, 1295, 1296, 1297, 1299, 1300, 1301, 1304, 1305, 1306, 1307, 1308, 1311, 1552, 1582, 1583, 1597, 1598, 1599, 1600, 1605, 1610, 1611, 1612, 1613, 1614, 1615, 1616, 1619, 1620, 1621, 1622, 1623, 1624, 1625, 1626, 1629, 1631, 1632, 1636, 1637, 1641, 1642, 1646, 1647, 1662, 1663, 1671, 1672, 1678, 1680, 1681, 1686, 1688, 1690, 1691, 1696, 1697, 1703, 1704, 1707, 1708, 1711, 1712, 1713, 1714, 1715, 1716, 1717, 1718, 1720, 1723, 1725, 1727, 1728, 1729, 1730, 1734, 1735, 1738, 1739, 1743, 1744, 1745, 1746, 1748, 1749, 1753, 1754, 1755, 1756, 1759, 1760, 1766, 1767, 1768, 1769, 1772, 1775, 1779, 1780, 1781, 1783, 1787, 1788, 1789, 1792, 1793, 1797, 1799, 1802, 1804, 1806, 1807, 1809, 1822, 1829, 1854, 1882, 1938, 2053, 2120, 2156, 2157, 2163, 2164, 2165, 2166, 2167, 2227, 2228, 2229, 2230, 2232, 2233, 2235, 2236, 2237, 2239, 2240, 2241, 2243, 2256, 2257, 2258, 2262, 2263, 2268, 2277, 2278, 2279, 2280, 2293, 2295, 2296, 2297, 2302, 2304, 2305, 2309, 2313, 2314, 2319, 2321, 2325, 2326, 2327, 2330, 2333, 2334, 2335, 2336, 2339, 2340, 2343, 2348, 2349, 2350, 2353, 2357, 2362, 2365, 2366, 2369, 2370, 2371, 2372, 2373, 2375, 2378, 2379, 2380, 2381, 2386, 2388, 2389, 2407, 2421, 2422, 2426, 2437, 2438, 2457, 2460, 2461, 2462, 2466, 2467, 2468, 2469, 2470, 2471, 2479, 2530, 2531, 2533, 2536, 2537, 2763, 2777, 2778, 2779, 2780, 2781, 2782, 2783, 2795, 2823, 2824, 2836, 2837, 2838, 2840, 2842, 2843, 2849, 2851, 2853, 2854, 2855, 2857, 2858, 2859, 2860, 2862, 2867, 2871, 2872, 2873, 2894, 2895, 2913, 2920, 2921, 2922, 2923, 2926, 2927, 2928, 2929, 2930, 2934, 2935, 2936, 2937, 2938, 2939, 2943, 2944, 2945, 2946, 2958, 2959, 2960, 2961, 2962, 2963, 2964, 2978, 2979, 2980, 2981, 2982, 2985, 2986, 2992, 2994, 2995, 2996, 3000, 3002, 3003, 3007, 3008, 3014, 3015, 3016, 3023, 3024, 3028, 3034, 3036, 3038, 3039, 3040, 3047, 3048, 3052, 3053, 3054, 3055, 3056, 3057, 3066, 3067, 3068, 3069, 3077, 3079, 3084, 3086, 3089, 3095, 3096, 3097, 3098, 3100, 3109, 3110, 3119, 3120, 3122, 3123, 3125, 3126, 3127, 3129, 3130, 3131, 3132, 3133, 3139, 3140, 3141, 3142, 3146, 3147, 3150, 3182, 3210, 3241, 3257, 3274, 3329, 3330, 3331, 3332, 3333, 3334, 3335, 3340, 3342, 3343, 3344, 3346, 3347, 3348, 3349, 3350, 3360, 3361, 3362, 3370, 3378, 3379, 3381, 3382, 3383, 3384, 3385, 3386, 3387, 3388, 3389, 3390, 3392, 3393, 3394, 3395, 3396, 3397, 3399, 3417, 3419, 3420, 3423, 3425, 3426, 3427, 3428, 3429, 3430, 3433, 3435, 3436, 3437, 3438, 3439, 3443, 3444, 3445, 3446, 3449, 3460, 3461, 3462, 3464, 3465, 3466, 3467, 3468, 3471, 3473, 3478, 3479, 3484, 3485, 3486, 3487, 3488, 3491, 3493, 3494, 3495, 3496, 3528, 3530, 3533, 3535, 3536, 3537, 3540, 3571, 3590, 3593, 3594, 3596, 3597, 3599, 3601, 3604, 3610, 3611, 3613, 3616, 3617, 3619, 3620, 3622, 3624, 3627, 3633, 3635, 3636, 3644, 3652, 3653, 3659, 3660, 3667, 3668, 3674, 3681, 3688, 3693, 3699, 3705, 3710, 3717, 3725, 3733, 3740, 3747, 3759, 3778, 3780, 3781, 3786, 3787, 3791, 3794, 3795, 3797, 3800, 3801, 3804, 3805, 3808, 3809, 3812, 3813, 3814, 3815, 3818, 3819, 3822, 3823, 3830, 3832, 3839, 3840, 3841, 3842, 3844, 3845, 3847, 3848, 3851, 3852, 3853, 3856, 3857, 3861, 3862, 3864, 3874, 3875, 3877, 3878, 3880, 3881, 3883, 3886, 3887, 3888, 3889, 3899, 3900, 3901, 3902, 3903, 3906, 3907, 3909, 3911, 3912, 3913, 3918, 3919, 3920, 3921, 3922, 3925, 3926, 3927, 3931, 3934, 3935, 3936, 3937, 3938, 3939, 3940, 3971, 3977, 3978, 3979, 3980, 3983, 3984, 3985, 3986, 3987, 3988, 3989, 3990, 3991, 3992, 3993, 3994, 3995, 3996, 3997, 3998, 4000, 4001, 4002, 4007, 4008, 4009, 4015, 4019, 4020, 4021, 4023, 4035, 4036, 4044, 4052, 4054, 4056, 4058, 4086, 4100, 4106, 4128, 4129, 4130, 4131, 4135, 4137, 4138, 4142, 4143, 4146, 4171, 4173, 4181, 4190, 4191, 4193, 4194, 4202, 4203, 4204, 4219, 4228, 4229, 4230, 4235, 4236, 4247, 4257, 4259, 4263, 4279, 4280, 4281, 4282, 4291, 4292, 4309, 4310, 4312, 4317, 4320, 4321, 4327, 4342, 4343, 4345, 4346, 4348, 4351, 4366, 4367, 4368, 4372, 4373, 4377, 4378, 4382, 4383, 4405, 4406, 4410, 4415, 4425, 4429, 4433, 4434, 4435, 4439, 4506, 4508, 4513, 4514, 4521, 4522, 4524, 4534, 4535, 4541, 4542, 4543, 4544, 4569, 4572, 4643, 4644, 4646, 4648, 4649, 4657, 4683, 4684, 4685, 4686, 4687, 4691, 4692, 4693, 4696, 4712, 4713, 4715, 4716, 4719, 4735, 4737, 4738, 4739, 4740, 4743, 4746, 4747, 4748, 4749, 4750, 4751, 4755, 4756, 4757, 4758, 4759, 4760, 4761, 4770, 4771, 4773, 4774, 4775, 4776, 4780, 4781, 4796, 4797, 4798, 4799, 4800, 4801, 4802, 4803, 4806, 4807, 4813, 4814, 4822, 4829, 4830, 4831, 4832, 4834, 4835, 4838, 4851, 4853, 4861, 4862, 4863, 4864, 4865, 4866, 4867, 4871, 4872, 4873, 4874, 4875, 4885, 4892, 4893, 4909, 4910, 4911, 4914, 4915, 4922, 4923, 4925, 4926, 4927, 4928, 4931, 4932, 4934, 4937, 4939, 4952, 4953, 4956, 4957, 4958, 4967, 4968, 4972, 4973, 4974, 4978, 4979, 4981, 4983, 4986, 4987, 4989, 4990, 4994, 4995, 4996, 4998, 5000, 5007, 5008, 5009, 5016, 5019, 5020, 5021, 5026, 5027, 5034, 5035, 5036, 5043, 5044, 5045, 5051, 5052, 5053, 5056, 5057, 5059, 5060, 5073, 5074, 5075, 5076, 5080, 5081, 5082, 5084, 5089, 5090, 5092, 5093, 5094, 5095, 5096, 5101, 5103, 5111, 5112, 5113, 5115, 5116, 5117, 5118, 5120, 5123, 5128, 5129, 5130, 5143, 5144, 5149, 5150, 5151, 5152, 5153, 5154, 5155, 5158, 5168, 5169, 5170, 5171, 5172, 5173, 5176, 5177, 5178, 5182, 5183, 5185, 5186, 5187, 5191, 5194, 5196, 5197, 5204, 5205, 5206, 5208, 5209, 5222, 5223, 5224, 5228, 5232, 5233, 5239, 5240, 5265, 5267, 5270, 5271, 5272, 5273, 5274, 5275, 5276, 5277, 5281, 5282, 5294, 5303, 5304, 5305, 5309, 5310, 5311, 5312, 5313, 5314, 5315, 5325, 5326, 5327, 5328, 5329, 5330, 5331, 5332, 5337, 5338, 5339, 5340, 5342, 5343, 5361, 5363, 5373, 5380, 5382, 5383, 5385, 5386, 5388, 5396, 5397, 5403, 5409, 5411, 5412, 5414, 5423, 5424, 5426, 5427, 5428, 5430, 5431, 5433, 5434, 5435, 5437, 5438, 5440, 5441, 5442, 5443, 5445, 5446, 5447, 5448, 5449, 5451, 5454, 5455, 5457, 5458, 5461, 5462, 5463, 5469, 5478, 5479, 5480, 5481, 5483, 5484, 5488, 5489, 5490, 5491, 5492, 5494, 5495, 5496, 5498, 5499, 5500, 5502, 5504, 5505, 5509, 5510, 5511, 5514, 5515, 5516, 5522, 5524, 5525, 5526, 5527, 5529, 5530, 5531, 5532, 5534, 5535, 5536, 5537, 5538, 5539, 5540, 5542, 5543, 5546, 5547, 5553, 5555, 5556, 5558, 5559, 5560, 5562, 5563, 5564, 5565, 5567, 5568, 5575, 5576, 5578, 5581, 5582, 5588, 5599, 5600, 5602, 5603, 5605, 5606, 5607, 5608, 5611, 5612, 5613, 5614, 5615, 5618, 5619, 5620, 5623, 5624, 5625, 5628, 5631, 5632, 5633, 5634, 5636, 5637, 5643, 5644, 5648, 5651, 5652, 5653, 5655, 5658, 5659, 5660, 5661, 5662, 5663, 5664, 5667, 5674, 5687, 5688, 5689, 5690, 5691, 5692, 5695, 5697, 5698, 5699, 5700, 5703, 5704, 5706, 5707, 5708, 5709, 5710, 5711, 5712, 5715, 5716, 5717, 5718, 5719, 5720, 5721, 5723, 5724, 5725, 5728, 5729, 5730, 5731, 5732, 5733, 5734, 5735, 5743, 5744, 5745, 5748, 5749, 5755, 5756, 5757, 5758, 5759, 5764, 5765, 5766, 5767, 5768, 5769, 5773, 5776, 5777, 5783, 5789, 5795, 5805, 5807, 5810, 5811, 5812, 5813, 5815, 5824, 5826, 5827, 5830, 5833, 5834, 5835, 5836, 5837, 5840, 5841, 5842, 5845, 5848, 5849, 5851, 5853, 5856, 5857, 5859, 5860, 5864, 5865, 5866, 5868, 5869, 5871, 5872, 5873, 5874, 5876, 5877, 5878, 5879, 5880, 5881, 5882, 5884, 5887, 5888, 5890, 5891, 5893, 5896, 5897, 5898, 5899, 5900, 5905, 5906, 5907, 5908, 5909, 5910, 5911, 5915, 5916, 5917, 5920, 5921, 5925, 5928, 5929, 5930, 5931, 5932, 5933, 5934, 5935, 5936, 5937, 5938, 5946, 5955, 5958, 5969, 5970, 5972, 5974, 5975, 5979, 5981, 5982, 5983, 5984, 5987, 5988, 5989, 5990, 5991, 5992, 5993, 5995, 5997, 5998, 5999, 6001, 6002, 6003, 6004, 6005, 6007, 6008, 6010, 6013, 6014, 6015, 6017, 6018, 6026, 6027, 6029, 6031, 6032, 6033, 6034, 6037, 6038, 6039, 6041, 6042, 6043, 6044, 6046, 6047, 6050, 6054, 6057, 6066, 6068, 6078, 6079, 6080, 6081, 6082, 6083, 6092, 6093, 6095, 6098, 6099, 6106, 6112, 6118, 6125, 6136, 6138, 6140, 6143, 6144, 6146, 6147, 6148, 6150, 6153, 6154, 6161, 6166, 6175, 6176, 6177, 6179, 6180, 6183, 6184, 6185, 6187, 6201, 6204, 6205, 6206, 6208, 6220, 6222, 6223, 6224, 6225, 6226, 6227, 6228, 6232, 6233, 6234, 6240, 6241, 6244, 6245, 6251, 6258, 6266, 6272, 6278, 6297, 6298, 6300, 6312, 6313, 6315, 6316, 6317, 6319, 6321, 6322, 6323, 6326, 6327, 6328, 6329, 6330, 6331, 6332, 6333, 6334, 6335, 6337, 6338, 6339, 6340, 6341, 6342, 6344, 6345, 6346, 6347, 6348, 6350, 6351, 6353, 6354, 6355, 6356, 6357, 6358, 6359, 6360, 6361, 6362, 6363, 6364, 6366, 6368, 6369, 6371, 6372, 6373, 6374, 6375, 6378, 6379, 6381, 6382, 6383, 6384, 6385, 6387, 6389, 6390, 6391, 6392, 6393, 6395, 6396, 6397, 6400, 6401, 6407, 6414, 6420, 6464, 6465, 6466, 6467, 6469, 6471, 6472, 6473, 6474, 6475, 6476, 6477, 6478, 6481, 6482, 6483, 6484, 6487, 6490, 6491, 6492, 6493, 6494, 6495, 6496, 6498, 6499, 6500, 6502, 6503, 6504, 6505, 6507, 6508, 6509, 6510, 6511, 6513, 6514, 6515, 6516, 6519, 6523, 6532, 6533, 6537, 6540, 6557, 6558, 6560, 6561, 6562, 6564, 6565, 6566, 6569, 6570, 6576, 6583, 6589, 6605, 6606, 6608, 6609, 6611, 6613, 6614, 6616, 6618, 6620, 6621, 6622, 6623, 6625, 6634, 6637, 6638, 6639, 6640, 6641, 6643, 6644, 6645, 6646, 6647, 6649, 6650, 6651, 6652, 6653, 6654, 6655, 6657, 6658, 6660, 6662, 6670, 6672, 6673, 6674, 6675, 6677, 6679, 6680, 6681, 6683, 6684, 6685, 6686, 6687, 6688, 6689, 6690, 6691, 6692, 6693, 6696, 6697, 6698, 6699, 6701, 6703, 6704, 6708, 6709, 6710, 6713, 6716, 6717, 6719, 6722, 6723, 6725, 6727, 6729, 6730, 6732, 6733, 6734, 6735, 6738, 6739, 6740, 6741, 6748, 6749, 6750, 6752, 6753, 6754, 6762, 6764, 6765, 6766, 6769, 6770, 6777, 6778, 6785, 6787, 6788, 6789, 6794, 6796, 6797, 6798, 6800, 6801, 6802, 6803, 6804, 6806, 6807, 6808, 6809, 6810, 6811, 6813, 6814, 6815, 6816, 6817, 6818, 6819, 6820, 6821, 6822, 6823, 6824, 6825, 6826, 6828, 6829, 6830, 6834, 6835, 6836, 6839, 6840, 6856, 6857, 6863, 6869, 6879, 6880, 6882, 6891, 6899, 6901, 6902, 6903, 6904, 6906, 6907, 6908, 6912, 6913, 6918, 6919, 6921, 6922, 6925, 6926, 6927, 6928, 6929, 6930, 6931, 6933, 6936, 6944], "summary": {"covered_lines": 1971, "num_statements": 3092, "percent_covered": 63.745148771021995, "percent_covered_display": "64", "missing_lines": 1121, "excluded_lines": 9, "percent_statements_covered": 63.745148771021995, "percent_statements_covered_display": "64"}, "missing_lines": [154, 155, 156, 158, 159, 160, 161, 162, 163, 164, 165, 166, 167, 173, 174, 191, 192, 331, 359, 360, 412, 431, 433, 446, 448, 453, 459, 476, 495, 496, 515, 525, 526, 538, 560, 561, 619, 620, 622, 624, 625, 627, 628, 629, 630, 631, 633, 666, 667, 669, 687, 694, 695, 699, 733, 805, 806, 807, 812, 820, 821, 825, 826, 827, 828, 829, 830, 832, 833, 834, 835, 837, 838, 839, 848, 850, 852, 853, 855, 857, 858, 860, 862, 863, 864, 866, 867, 869, 870, 872, 873, 874, 875, 876, 877, 879, 880, 881, 882, 884, 885, 890, 891, 892, 893, 895, 896, 897, 899, 900, 902, 911, 918, 920, 921, 923, 947, 948, 949, 951, 952, 953, 955, 956, 957, 958, 960, 961, 963, 964, 965, 966, 968, 969, 971, 972, 973, 975, 976, 978, 979, 980, 981, 982, 984, 985, 987, 988, 999, 1000, 1002, 1010, 1017, 1018, 1080, 1081, 1091, 1096, 1097, 1104, 1105, 1106, 1107, 1115, 1118, 1119, 1124, 1125, 1126, 1127, 1128, 1129, 1130, 1132, 1133, 1134, 1135, 1137, 1139, 1140, 1141, 1142, 1143, 1145, 1146, 1157, 1170, 1188, 1189, 1190, 1192, 1193, 1194, 1196, 1197, 1198, 1199, 1201, 1202, 1204, 1205, 1206, 1207, 1209, 1210, 1212, 1213, 1214, 1216, 1217, 1219, 1220, 1232, 1233, 1235, 1243, 1250, 1251, 1302, 1303, 1343, 1344, 1345, 1346, 1348, 1349, 1350, 1351, 1352, 1353, 1354, 1355, 1357, 1358, 1359, 1360, 1365, 1370, 1371, 1372, 1373, 1374, 1377, 1378, 1379, 1380, 1381, 1382, 1383, 1386, 1388, 1389, 1391, 1393, 1394, 1396, 1398, 1399, 1401, 1403, 1404, 1406, 1407, 1408, 1409, 1410, 1411, 1413, 1414, 1415, 1417, 1418, 1420, 1421, 1424, 1426, 1427, 1429, 1430, 1432, 1434, 1436, 1437, 1439, 1440, 1442, 1443, 1445, 1446, 1449, 1450, 1453, 1454, 1456, 1458, 1459, 1460, 1461, 1463, 1464, 1465, 1466, 1469, 1470, 1471, 1472, 1474, 1475, 1476, 1477, 1479, 1480, 1481, 1482, 1484, 1485, 1486, 1487, 1490, 1491, 1492, 1493, 1494, 1495, 1497, 1498, 1499, 1500, 1503, 1504, 1505, 1509, 1511, 1513, 1514, 1516, 1526, 1533, 1535, 1536, 1539, 1540, 1541, 1542, 1544, 1584, 1585, 1587, 1592, 1593, 1594, 1595, 1634, 1639, 1644, 1649, 1650, 1651, 1652, 1653, 1654, 1655, 1656, 1657, 1658, 1659, 1660, 1665, 1666, 1668, 1669, 1674, 1675, 1683, 1684, 1693, 1694, 1699, 1700, 1719, 1732, 1733, 1740, 1741, 1750, 1751, 1761, 1762, 1763, 1764, 1776, 1777, 1784, 1785, 1794, 1798, 1800, 1831, 1832, 1835, 1836, 1837, 1838, 1840, 1860, 1861, 1865, 1867, 1872, 1873, 1874, 1875, 1876, 1877, 1879, 1894, 1895, 1896, 1898, 1899, 1900, 1901, 1902, 1903, 1904, 1905, 1907, 1909, 1931, 1932, 1933, 1935, 1954, 1956, 1957, 1959, 1964, 1965, 1966, 1970, 1972, 1974, 1976, 1980, 1985, 1986, 1987, 1989, 1994, 1995, 1997, 1998, 1999, 2000, 2001, 2002, 2003, 2011, 2013, 2015, 2016, 2017, 2018, 2019, 2020, 2022, 2023, 2024, 2025, 2026, 2027, 2028, 2031, 2032, 2034, 2041, 2042, 2043, 2047, 2048, 2050, 2069, 2071, 2072, 2075, 2076, 2079, 2081, 2082, 2086, 2087, 2088, 2090, 2094, 2095, 2096, 2097, 2098, 2099, 2100, 2102, 2103, 2104, 2106, 2113, 2114, 2115, 2117, 2168, 2170, 2178, 2179, 2180, 2184, 2185, 2186, 2187, 2188, 2189, 2192, 2194, 2195, 2196, 2199, 2200, 2201, 2202, 2206, 2210, 2211, 2213, 2218, 2219, 2223, 2234, 2244, 2246, 2247, 2248, 2249, 2251, 2254, 2260, 2282, 2283, 2285, 2286, 2300, 2301, 2307, 2315, 2316, 2320, 2337, 2338, 2344, 2390, 2392, 2393, 2394, 2395, 2417, 2418, 2439, 2441, 2442, 2443, 2444, 2539, 2540, 2543, 2544, 2545, 2546, 2548, 2549, 2550, 2554, 2555, 2556, 2557, 2558, 2559, 2561, 2563, 2564, 2565, 2566, 2567, 2568, 2569, 2572, 2576, 2577, 2579, 2584, 2585, 2588, 2593, 2594, 2595, 2598, 2599, 2600, 2602, 2613, 2614, 2615, 2616, 2617, 2618, 2625, 2626, 2627, 2628, 2629, 2630, 2631, 2632, 2633, 2638, 2644, 2647, 2648, 2658, 2659, 2661, 2662, 2663, 2664, 2665, 2673, 2674, 2675, 2676, 2677, 2679, 2680, 2681, 2682, 2683, 2684, 2685, 2687, 2688, 2695, 2697, 2698, 2699, 2700, 2701, 2702, 2703, 2705, 2706, 2707, 2708, 2709, 2710, 2712, 2713, 2714, 2715, 2716, 2717, 2719, 2720, 2721, 2722, 2723, 2724, 2726, 2727, 2728, 2729, 2730, 2732, 2733, 2734, 2735, 2736, 2737, 2738, 2743, 2744, 2752, 2753, 2755, 2825, 2828, 2834, 2888, 2889, 2890, 2909, 2910, 2911, 2914, 2915, 2931, 2932, 2955, 2956, 2965, 2966, 2975, 2976, 2987, 2988, 2989, 2990, 3009, 3010, 3011, 3012, 3029, 3030, 3031, 3032, 3037, 3058, 3059, 3070, 3080, 3081, 3082, 3128, 3136, 3137, 3143, 3144, 3148, 3183, 3184, 3185, 3192, 3194, 3195, 3196, 3197, 3198, 3199, 3202, 3203, 3204, 3205, 3206, 3207, 3208, 3211, 3216, 3220, 3221, 3222, 3225, 3226, 3227, 3232, 3233, 3234, 3237, 3238, 3239, 3242, 3243, 3244, 3245, 3246, 3247, 3248, 3249, 3250, 3251, 3252, 3253, 3254, 3255, 3258, 3262, 3263, 3264, 3275, 3276, 3277, 3281, 3282, 3283, 3286, 3287, 3288, 3290, 3291, 3292, 3294, 3295, 3296, 3297, 3298, 3299, 3306, 3307, 3308, 3309, 3310, 3311, 3318, 3326, 3327, 3338, 3339, 3351, 3358, 3359, 3363, 3440, 3441, 3498, 3499, 3500, 3501, 3505, 3510, 3511, 3513, 3515, 3522, 3523, 3524, 3525, 3559, 3561, 3562, 3563, 3637, 3638, 3640, 3792, 3833, 3849, 3850, 3890, 3891, 3892, 3897, 3941, 3942, 3946, 3947, 3948, 3949, 3950, 3951, 3955, 3956, 3957, 3958, 3959, 3960, 3962, 3966, 3967, 3968, 3969, 3970, 4024, 4025, 4053, 4055, 4079, 4080, 4132, 4133, 4134, 4136, 4140, 4141, 4147, 4148, 4149, 4150, 4154, 4155, 4156, 4159, 4160, 4161, 4162, 4164, 4167, 4220, 4221, 4237, 4238, 4239, 4240, 4241, 4242, 4243, 4244, 4248, 4249, 4251, 4252, 4253, 4254, 4260, 4261, 4299, 4300, 4301, 4302, 4303, 4313, 4314, 4328, 4329, 4332, 4333, 4334, 4335, 4336, 4337, 4338, 4339, 4340, 4352, 4354, 4374, 4375, 4419, 4431, 4441, 4442, 4444, 4445, 4446, 4447, 4451, 4452, 4456, 4457, 4459, 4464, 4465, 4468, 4471, 4472, 4473, 4477, 4478, 4480, 4481, 4482, 4486, 4489, 4490, 4491, 4492, 4494, 4495, 4498, 4502, 4509, 4511, 4525, 4526, 4553, 4554, 4658, 4660, 4661, 4664, 4667, 4668, 4672, 4676, 4677, 4697, 4702, 4703, 4704, 4705, 4706, 4707, 4708, 4709, 4710, 4720, 4722, 4752, 4762, 4763, 4808, 4815, 4816, 4836, 4852, 4876, 4877, 4878, 4879, 4880, 4891, 4912, 4913, 4916, 4917, 5024, 5025, 5139, 5140, 5192, 5193, 5210, 5213, 5217, 5218, 5225, 5226, 5230, 5253, 5254, 5255, 5256, 5257, 5258, 5261, 5262, 5263, 5268, 5284, 5285, 5286, 5290, 5291, 5292, 5306, 5307, 5344, 5351, 5352, 5354, 5374, 5375, 5376, 5377, 5379, 5415, 5416, 5418, 5419, 5420, 5421, 5450, 5452, 5506, 5507, 5508, 5645, 5646, 5693, 5694, 5770, 5771, 5816, 5817, 5819, 5820, 5821, 5822, 5883, 5885, 6000, 6048, 6049, 6301, 6302, 6306, 6307, 6308, 6309, 6310, 6524, 6525, 6527, 6528, 6529, 6530, 6626, 6627, 6629, 6630, 6631, 6632, 6694, 6736, 6755, 6756, 6757, 6758, 6759, 6760, 6771, 6772, 6773, 6774, 6775, 6790, 6791, 6792, 6799, 6848, 6849, 6853, 6883, 6884, 6886, 6887, 6888, 6889, 6945], "excluded_lines": [24, 25, 26, 4108, 6850, 6851, 6852, 6909, 6920], "functions": {"_truncate_goal_for_display": {"executed_lines": [110, 111, 112, 113], "summary": {"covered_lines": 4, "num_statements": 4, "percent_covered": 100.0, "percent_covered_display": "100", "missing_lines": 0, "excluded_lines": 0, "percent_statements_covered": 100.0, "percent_statements_covered_display": "100"}, "missing_lines": [], "excluded_lines": [], "start_line": 108}, "alternate_screen": {"executed_lines": [143, 144, 145, 153, 177, 178, 180, 181, 185, 186, 187, 188, 190], "summary": {"covered_lines": 13, "num_statements": 30, "percent_covered": 43.333333333333336, "percent_covered_display": "43", "missing_lines": 17, "excluded_lines": 0, "percent_statements_covered": 43.333333333333336, "percent_statements_covered_display": "43"}, "missing_lines": [154, 155, 156, 158, 159, 160, 161, 162, 163, 164, 165, 166, 167, 173, 174, 191, 192], "excluded_lines": [], "start_line": 122}, "_setup_loguru": {"executed_lines": [202, 203], "summary": {"covered_lines": 2, "num_statements": 2, "percent_covered": 100.0, "percent_covered_display": "100", "missing_lines": 0, "excluded_lines": 0, "percent_statements_covered": 100.0, "percent_statements_covered_display": "100"}, "missing_lines": [], "excluded_lines": [], "start_line": 200}, "_provider_has_any_models": {"executed_lines": [224, 225, 227, 228, 229], "summary": {"covered_lines": 5, "num_statements": 5, "percent_covered": 100.0, "percent_covered_display": "100", "missing_lines": 0, "excluded_lines": 0, "percent_statements_covered": 100.0, "percent_statements_covered_display": "100"}, "missing_lines": [], "excluded_lines": [], "start_line": 216}, "_apply_persistent_mode": {"executed_lines": [238, 239, 241, 242, 243], "summary": {"covered_lines": 5, "num_statements": 5, "percent_covered": 100.0, "percent_covered_display": "100", "missing_lines": 0, "excluded_lines": 0, "percent_statements_covered": 100.0, "percent_statements_covered_display": "100"}, "missing_lines": [], "excluded_lines": [], "start_line": 236}, "_infinite_loop_active": {"executed_lines": [248], "summary": {"covered_lines": 1, "num_statements": 1, "percent_covered": 100.0, "percent_covered_display": "100", "missing_lines": 0, "excluded_lines": 0, "percent_statements_covered": 100.0, "percent_statements_covered_display": "100"}, "missing_lines": [], "excluded_lines": [], "start_line": 246}, "_apply_infinite_loop_mode": {"executed_lines": [256, 257, 258], "summary": {"covered_lines": 3, "num_statements": 3, "percent_covered": 100.0, "percent_covered_display": "100", "missing_lines": 0, "excluded_lines": 0, "percent_statements_covered": 100.0, "percent_statements_covered_display": "100"}, "missing_lines": [], "excluded_lines": [], "start_line": 254}, "_filter_and_set_status": {"executed_lines": [280, 281, 282, 283, 284, 285, 286, 290, 291, 292, 302], "summary": {"covered_lines": 11, "num_statements": 11, "percent_covered": 100.0, "percent_covered_display": "100", "missing_lines": 0, "excluded_lines": 0, "percent_statements_covered": 100.0, "percent_statements_covered_display": "100"}, "missing_lines": [], "excluded_lines": [], "start_line": 264}, "_infinite_loop_should_continue_after_exit": {"executed_lines": [312, 313, 314, 315], "summary": {"covered_lines": 4, "num_statements": 4, "percent_covered": 100.0, "percent_covered_display": "100", "missing_lines": 0, "excluded_lines": 0, "percent_statements_covered": 100.0, "percent_statements_covered_display": "100"}, "missing_lines": [], "excluded_lines": [], "start_line": 305}, "_infinite_loop_has_clean_exit_state": {"executed_lines": [327, 328, 329, 330, 332, 333, 334], "summary": {"covered_lines": 7, "num_statements": 8, "percent_covered": 87.5, "percent_covered_display": "88", "missing_lines": 1, "excluded_lines": 0, "percent_statements_covered": 87.5, "percent_statements_covered_display": "88"}, "missing_lines": [331], "excluded_lines": [], "start_line": 318}, "_infinite_loop_success_after_clean_failure": {"executed_lines": [345, 346, 347, 348, 349, 350, 351, 352, 353, 354, 358, 361], "summary": {"covered_lines": 12, "num_statements": 14, "percent_covered": 85.71428571428571, "percent_covered_display": "86", "missing_lines": 2, "excluded_lines": 0, "percent_statements_covered": 85.71428571428571, "percent_statements_covered_display": "86"}, "missing_lines": [359, 360], "excluded_lines": [], "start_line": 337}, "_monitor_state_needs_killed_finalizer": {"executed_lines": [366, 372], "summary": {"covered_lines": 2, "num_statements": 2, "percent_covered": 100.0, "percent_covered_display": "100", "missing_lines": 0, "excluded_lines": 0, "percent_statements_covered": 100.0, "percent_statements_covered_display": "100"}, "missing_lines": [], "excluded_lines": [], "start_line": 364}, "_task_is_terminal": {"executed_lines": [390], "summary": {"covered_lines": 1, "num_statements": 1, "percent_covered": 100.0, "percent_covered_display": "100", "missing_lines": 0, "excluded_lines": 0, "percent_statements_covered": 100.0, "percent_statements_covered_display": "100"}, "missing_lines": [], "excluded_lines": [], "start_line": 375}, "_task_needs_work": {"executed_lines": [399], "summary": {"covered_lines": 1, "num_statements": 1, "percent_covered": 100.0, "percent_covered_display": "100", "missing_lines": 0, "excluded_lines": 0, "percent_statements_covered": 100.0, "percent_statements_covered_display": "100"}, "missing_lines": [], "excluded_lines": [], "start_line": 393}, "_resolve_infinite_loop_goal": {"executed_lines": [408, 409, 410, 411, 414, 415, 417, 418, 419], "summary": {"covered_lines": 9, "num_statements": 10, "percent_covered": 90.0, "percent_covered_display": "90", "missing_lines": 1, "excluded_lines": 0, "percent_statements_covered": 90.0, "percent_statements_covered_display": "90"}, "missing_lines": [412], "excluded_lines": [], "start_line": 402}, "_validate_cycle": {"executed_lines": [424, 425, 426, 428, 429, 430, 432, 435, 436, 437, 438, 440, 441, 442, 443, 444, 445, 447, 449, 450, 452, 458, 464, 465, 470], "summary": {"covered_lines": 25, "num_statements": 31, "percent_covered": 80.64516129032258, "percent_covered_display": "81", "missing_lines": 6, "excluded_lines": 0, "percent_statements_covered": 80.64516129032258, "percent_statements_covered_display": "81"}, "missing_lines": [431, 433, 446, 448, 453, 459], "excluded_lines": [], "start_line": 422}, "_format_cycle_validation_feedback": {"executed_lines": [475, 477, 478, 479, 480, 481, 482], "summary": {"covered_lines": 7, "num_statements": 8, "percent_covered": 87.5, "percent_covered_display": "88", "missing_lines": 1, "excluded_lines": 0, "percent_statements_covered": 87.5, "percent_statements_covered_display": "88"}, "missing_lines": [476], "excluded_lines": [], "start_line": 473}, "_write_cycle_validation_to_progress": {"executed_lines": [491, 492, 493, 494, 498, 499, 505, 506, 507, 508, 509, 510, 511, 513, 514, 517, 518, 519, 521, 523, 524], "summary": {"covered_lines": 21, "num_statements": 26, "percent_covered": 80.76923076923077, "percent_covered_display": "81", "missing_lines": 5, "excluded_lines": 0, "percent_statements_covered": 80.76923076923077, "percent_statements_covered_display": "81"}, "missing_lines": [495, 496, 515, 525, 526], "excluded_lines": [], "start_line": 485}, "_recover_missing_summary_for_terminal_tasks": {"executed_lines": [536, 537, 539, 551, 552, 559], "summary": {"covered_lines": 6, "num_statements": 9, "percent_covered": 66.66666666666667, "percent_covered_display": "67", "missing_lines": 3, "excluded_lines": 0, "percent_statements_covered": 66.66666666666667, "percent_statements_covered_display": "67"}, "missing_lines": [538, 560, 561], "excluded_lines": [], "start_line": 529}, "_unsafe_retrospective_tasks": {"executed_lines": [575, 576, 577, 578, 579, 580, 581, 582, 583, 584, 585, 586, 587], "summary": {"covered_lines": 13, "num_statements": 13, "percent_covered": 100.0, "percent_covered_display": "100", "missing_lines": 0, "excluded_lines": 0, "percent_statements_covered": 100.0, "percent_statements_covered_display": "100"}, "missing_lines": [], "excluded_lines": [], "start_line": 573}, "_wait_for_keypress": {"executed_lines": [], "summary": {"covered_lines": 0, "num_statements": 11, "percent_covered": 0.0, "percent_covered_display": "0", "missing_lines": 11, "excluded_lines": 0, "percent_statements_covered": 0.0, "percent_statements_covered_display": "0"}, "missing_lines": [619, 620, 622, 624, 625, 627, 628, 629, 630, 631, 633], "excluded_lines": [], "start_line": 607}, "_padded_window": {"executed_lines": [638, 640], "summary": {"covered_lines": 2, "num_statements": 2, "percent_covered": 100.0, "percent_covered_display": "100", "missing_lines": 0, "excluded_lines": 0, "percent_statements_covered": 100.0, "percent_statements_covered_display": "100"}, "missing_lines": [], "excluded_lines": [], "start_line": 636}, "_get_prompt_toolkit_output": {"executed_lines": [662, 663, 665], "summary": {"covered_lines": 3, "num_statements": 6, "percent_covered": 50.0, "percent_covered_display": "50", "missing_lines": 3, "excluded_lines": 0, "percent_statements_covered": 50.0, "percent_statements_covered_display": "50"}, "missing_lines": [666, 667, 669], "excluded_lines": [], "start_line": 651}, "_prompt_text_input": {"executed_lines": [678, 679, 680, 681, 682, 684, 685, 686, 689, 691, 692, 697, 698, 701, 704, 706, 715, 723, 730, 732, 734], "summary": {"covered_lines": 21, "num_statements": 23, "percent_covered": 91.30434782608695, "percent_covered_display": "91", "missing_lines": 2, "excluded_lines": 0, "percent_statements_covered": 91.30434782608695, "percent_statements_covered_display": "91"}, "missing_lines": [687, 733], "excluded_lines": [], "start_line": 672}, "_prompt_text_input._": {"executed_lines": [], "summary": {"covered_lines": 0, "num_statements": 1, "percent_covered": 0.0, "percent_covered_display": "0", "missing_lines": 1, "excluded_lines": 0, "percent_statements_covered": 0.0, "percent_statements_covered_display": "0"}, "missing_lines": [699], "excluded_lines": [], "start_line": 698}, "_questionary_style": {"executed_lines": [755, 756, 758, 760, 781], "summary": {"covered_lines": 5, "num_statements": 5, "percent_covered": 100.0, "percent_covered_display": "100", "missing_lines": 0, "excluded_lines": 0, "percent_statements_covered": 100.0, "percent_statements_covered_display": "100"}, "missing_lines": [], "excluded_lines": [], "start_line": 737}, "_prompt_provider_selection": {"executed_lines": [], "summary": {"covered_lines": 0, "num_statements": 38, "percent_covered": 0.0, "percent_covered_display": "0", "missing_lines": 38, "excluded_lines": 0, "percent_statements_covered": 0.0, "percent_statements_covered_display": "0"}, "missing_lines": [805, 806, 807, 812, 820, 821, 825, 826, 827, 828, 829, 830, 832, 833, 834, 835, 837, 838, 839, 848, 850, 852, 853, 857, 858, 862, 863, 866, 867, 872, 899, 900, 902, 911, 918, 920, 921, 923], "excluded_lines": [], "start_line": 789}, "_prompt_provider_selection._": {"executed_lines": [], "summary": {"covered_lines": 0, "num_statements": 2, "percent_covered": 0.0, "percent_covered_display": "0", "missing_lines": 2, "excluded_lines": 0, "percent_statements_covered": 0.0, "percent_statements_covered_display": "0"}, "missing_lines": [869, 870], "excluded_lines": [], "start_line": 867}, "_prompt_provider_selection._render": {"executed_lines": [], "summary": {"covered_lines": 0, "num_statements": 18, "percent_covered": 0.0, "percent_covered_display": "0", "missing_lines": 18, "excluded_lines": 0, "percent_statements_covered": 0.0, "percent_statements_covered_display": "0"}, "missing_lines": [873, 874, 875, 876, 877, 879, 880, 881, 882, 884, 885, 890, 891, 892, 893, 895, 896, 897], "excluded_lines": [], "start_line": 872}, "_prompt_update_action": {"executed_lines": [], "summary": {"covered_lines": 0, "num_statements": 31, "percent_covered": 0.0, "percent_covered_display": "0", "missing_lines": 31, "excluded_lines": 0, "percent_statements_covered": 0.0, "percent_statements_covered_display": "0"}, "missing_lines": [947, 948, 949, 951, 952, 953, 955, 956, 957, 958, 960, 961, 963, 964, 965, 966, 971, 972, 973, 978, 979, 980, 981, 982, 987, 999, 1000, 1002, 1010, 1017, 1018], "excluded_lines": [], "start_line": 926}, "_prompt_update_action._": {"executed_lines": [], "summary": {"covered_lines": 0, "num_statements": 2, "percent_covered": 0.0, "percent_covered_display": "0", "missing_lines": 2, "excluded_lines": 0, "percent_statements_covered": 0.0, "percent_statements_covered_display": "0"}, "missing_lines": [984, 985], "excluded_lines": [], "start_line": 982}, "_prompt_update_action._render": {"executed_lines": [], "summary": {"covered_lines": 0, "num_statements": 1, "percent_covered": 0.0, "percent_covered_display": "0", "missing_lines": 1, "excluded_lines": 0, "percent_statements_covered": 0.0, "percent_statements_covered_display": "0"}, "missing_lines": [988], "excluded_lines": [], "start_line": 987}, "_check_provider_update_before_model_work": {"executed_lines": [1038, 1039, 1041, 1042, 1043, 1044, 1045, 1046, 1047, 1048, 1049, 1050, 1051, 1052, 1053, 1055, 1056, 1058, 1059, 1060, 1062, 1064, 1065, 1076, 1077, 1078, 1079, 1083], "summary": {"covered_lines": 28, "num_statements": 30, "percent_covered": 93.33333333333333, "percent_covered_display": "93", "missing_lines": 2, "excluded_lines": 0, "percent_statements_covered": 93.33333333333333, "percent_statements_covered_display": "93"}, "missing_lines": [1080, 1081], "excluded_lines": [], "start_line": 1021}, "_provider_update_command": {"executed_lines": [1088, 1089, 1090, 1092, 1093, 1094, 1095], "summary": {"covered_lines": 7, "num_statements": 10, "percent_covered": 70.0, "percent_covered_display": "70", "missing_lines": 3, "excluded_lines": 0, "percent_statements_covered": 70.0, "percent_statements_covered_display": "70"}, "missing_lines": [1091, 1096, 1097], "excluded_lines": [], "start_line": 1086}, "_run_provider_update": {"executed_lines": [1102, 1103, 1109, 1110, 1111, 1112, 1113], "summary": {"covered_lines": 7, "num_statements": 14, "percent_covered": 50.0, "percent_covered_display": "50", "missing_lines": 7, "excluded_lines": 0, "percent_statements_covered": 50.0, "percent_statements_covered_display": "50"}, "missing_lines": [1104, 1105, 1106, 1107, 1115, 1118, 1119], "excluded_lines": [], "start_line": 1100}, "_prompt_provider_issue_warning": {"executed_lines": [], "summary": {"covered_lines": 0, "num_statements": 19, "percent_covered": 0.0, "percent_covered_display": "0", "missing_lines": 19, "excluded_lines": 0, "percent_statements_covered": 0.0, "percent_statements_covered_display": "0"}, "missing_lines": [1124, 1125, 1126, 1127, 1128, 1129, 1130, 1132, 1133, 1134, 1135, 1137, 1139, 1140, 1141, 1142, 1145, 1157, 1170], "excluded_lines": [], "start_line": 1122}, "_prompt_provider_issue_warning._": {"executed_lines": [], "summary": {"covered_lines": 0, "num_statements": 1, "percent_covered": 0.0, "percent_covered_display": "0", "missing_lines": 1, "excluded_lines": 0, "percent_statements_covered": 0.0, "percent_statements_covered_display": "0"}, "missing_lines": [1143], "excluded_lines": [], "start_line": 1142}, "_prompt_provider_issue_warning._render": {"executed_lines": [], "summary": {"covered_lines": 0, "num_statements": 1, "percent_covered": 0.0, "percent_covered_display": "0", "missing_lines": 1, "excluded_lines": 0, "percent_statements_covered": 0.0, "percent_statements_covered_display": "0"}, "missing_lines": [1146], "excluded_lines": [], "start_line": 1145}, "_prompt_self_update_action": {"executed_lines": [], "summary": {"covered_lines": 0, "num_statements": 26, "percent_covered": 0.0, "percent_covered_display": "0", "missing_lines": 26, "excluded_lines": 0, "percent_statements_covered": 0.0, "percent_statements_covered_display": "0"}, "missing_lines": [1188, 1189, 1190, 1192, 1193, 1194, 1196, 1197, 1198, 1199, 1201, 1202, 1204, 1205, 1206, 1207, 1212, 1213, 1214, 1219, 1232, 1233, 1235, 1243, 1250, 1251], "excluded_lines": [], "start_line": 1173}, "_prompt_self_update_action._": {"executed_lines": [], "summary": {"covered_lines": 0, "num_statements": 2, "percent_covered": 0.0, "percent_covered_display": "0", "missing_lines": 2, "excluded_lines": 0, "percent_statements_covered": 0.0, "percent_statements_covered_display": "0"}, "missing_lines": [1216, 1217], "excluded_lines": [], "start_line": 1214}, "_prompt_self_update_action._render": {"executed_lines": [], "summary": {"covered_lines": 0, "num_statements": 1, "percent_covered": 0.0, "percent_covered_display": "0", "missing_lines": 1, "excluded_lines": 0, "percent_statements_covered": 0.0, "percent_statements_covered_display": "0"}, "missing_lines": [1220], "excluded_lines": [], "start_line": 1219}, "_tui_mode_enabled": {"executed_lines": [1256], "summary": {"covered_lines": 1, "num_statements": 1, "percent_covered": 100.0, "percent_covered_display": "100", "missing_lines": 0, "excluded_lines": 0, "percent_statements_covered": 100.0, "percent_statements_covered_display": "100"}, "missing_lines": [], "excluded_lines": [], "start_line": 1254}, "_is_dumb_terminal": {"executed_lines": [1269], "summary": {"covered_lines": 1, "num_statements": 1, "percent_covered": 100.0, "percent_covered_display": "100", "missing_lines": 0, "excluded_lines": 0, "percent_statements_covered": 100.0, "percent_statements_covered_display": "100"}, "missing_lines": [], "excluded_lines": [], "start_line": 1259}, "_resolve_tui_default": {"executed_lines": [1294, 1295, 1296, 1297, 1299, 1300, 1301, 1304, 1305, 1306, 1307, 1308], "summary": {"covered_lines": 12, "num_statements": 14, "percent_covered": 85.71428571428571, "percent_covered_display": "86", "missing_lines": 2, "excluded_lines": 0, "percent_statements_covered": 85.71428571428571, "percent_statements_covered_display": "86"}, "missing_lines": [1302, 1303], "excluded_lines": [], "start_line": 1272}, "_prompt_mode_selection": {"executed_lines": [], "summary": {"covered_lines": 0, "num_statements": 62, "percent_covered": 0.0, "percent_covered_display": "0", "missing_lines": 62, "excluded_lines": 0, "percent_statements_covered": 0.0, "percent_statements_covered_display": "0"}, "missing_lines": [1343, 1344, 1345, 1346, 1348, 1349, 1350, 1351, 1352, 1353, 1354, 1355, 1357, 1358, 1359, 1360, 1365, 1370, 1371, 1372, 1373, 1374, 1377, 1378, 1379, 1380, 1381, 1382, 1383, 1386, 1388, 1389, 1393, 1394, 1398, 1399, 1403, 1404, 1413, 1414, 1417, 1418, 1424, 1426, 1434, 1436, 1437, 1442, 1443, 1449, 1513, 1514, 1516, 1526, 1533, 1535, 1536, 1539, 1540, 1541, 1542, 1544], "excluded_lines": [], "start_line": 1311}, "_prompt_mode_selection._": {"executed_lines": [], "summary": {"covered_lines": 0, "num_statements": 2, "percent_covered": 0.0, "percent_covered_display": "0", "missing_lines": 2, "excluded_lines": 0, "percent_statements_covered": 0.0, "percent_statements_covered_display": "0"}, "missing_lines": [1445, 1446], "excluded_lines": [], "start_line": 1443}, "_prompt_mode_selection._make_handler": {"executed_lines": [], "summary": {"covered_lines": 0, "num_statements": 2, "percent_covered": 0.0, "percent_covered_display": "0", "missing_lines": 2, "excluded_lines": 0, "percent_statements_covered": 0.0, "percent_statements_covered_display": "0"}, "missing_lines": [1427, 1432], "excluded_lines": [], "start_line": 1426}, "_prompt_mode_selection._make_handler.handler": {"executed_lines": [], "summary": {"covered_lines": 0, "num_statements": 2, "percent_covered": 0.0, "percent_covered_display": "0", "missing_lines": 2, "excluded_lines": 0, "percent_statements_covered": 0.0, "percent_statements_covered_display": "0"}, "missing_lines": [1429, 1430], "excluded_lines": [], "start_line": 1427}, "_prompt_mode_selection._render": {"executed_lines": [], "summary": {"covered_lines": 0, "num_statements": 43, "percent_covered": 0.0, "percent_covered_display": "0", "missing_lines": 43, "excluded_lines": 0, "percent_statements_covered": 0.0, "percent_statements_covered_display": "0"}, "missing_lines": [1450, 1453, 1454, 1456, 1458, 1459, 1460, 1461, 1463, 1464, 1465, 1466, 1469, 1470, 1471, 1472, 1474, 1475, 1476, 1477, 1479, 1480, 1481, 1482, 1484, 1485, 1486, 1487, 1490, 1491, 1492, 1493, 1494, 1495, 1497, 1498, 1499, 1500, 1503, 1504, 1505, 1509, 1511], "excluded_lines": [], "start_line": 1449}, "_prompt_resume_screen": {"executed_lines": [1582, 1583, 1597, 1598, 1599, 1600, 1605, 1610, 1611, 1612, 1613, 1614, 1615, 1616, 1619, 1620, 1621, 1622, 1623, 1624, 1625, 1626, 1629, 1631, 1632, 1636, 1637, 1641, 1642, 1646, 1647, 1662, 1663, 1671, 1672, 1678, 1680, 1688, 1690, 1691, 1696, 1697, 1703, 1806, 1807, 1809, 1822, 1829], "summary": {"covered_lines": 48, "num_statements": 62, "percent_covered": 77.41935483870968, "percent_covered_display": "77", "missing_lines": 14, "excluded_lines": 0, "percent_statements_covered": 77.41935483870968, "percent_statements_covered_display": "77"}, "missing_lines": [1584, 1585, 1587, 1592, 1593, 1594, 1595, 1831, 1832, 1835, 1836, 1837, 1838, 1840], "excluded_lines": [], "start_line": 1552}, "_prompt_resume_screen._": {"executed_lines": [], "summary": {"covered_lines": 0, "num_statements": 2, "percent_covered": 0.0, "percent_covered_display": "0", "missing_lines": 2, "excluded_lines": 0, "percent_statements_covered": 0.0, "percent_statements_covered_display": "0"}, "missing_lines": [1699, 1700], "excluded_lines": [], "start_line": 1697}, "_prompt_resume_screen._make_handler": {"executed_lines": [1681, 1686], "summary": {"covered_lines": 2, "num_statements": 2, "percent_covered": 100.0, "percent_covered_display": "100", "missing_lines": 0, "excluded_lines": 0, "percent_statements_covered": 100.0, "percent_statements_covered_display": "100"}, "missing_lines": [], "excluded_lines": [], "start_line": 1680}, "_prompt_resume_screen._make_handler.handler": {"executed_lines": [], "summary": {"covered_lines": 0, "num_statements": 2, "percent_covered": 0.0, "percent_covered_display": "0", "missing_lines": 2, "excluded_lines": 0, "percent_statements_covered": 0.0, "percent_statements_covered_display": "0"}, "missing_lines": [1683, 1684], "excluded_lines": [], "start_line": 1681}, "_prompt_resume_screen._render": {"executed_lines": [1704, 1707, 1708, 1711, 1712, 1713, 1714, 1715, 1716, 1717, 1718, 1720, 1723, 1725, 1727, 1728, 1729, 1730, 1734, 1735, 1738, 1739, 1743, 1744, 1745, 1746, 1748, 1749, 1753, 1754, 1755, 1756, 1759, 1760, 1766, 1767, 1768, 1769, 1772, 1775, 1779, 1780, 1781, 1783, 1787, 1788, 1789, 1792, 1793, 1797, 1799, 1802, 1804], "summary": {"covered_lines": 53, "num_statements": 71, "percent_covered": 74.64788732394366, "percent_covered_display": "75", "missing_lines": 18, "excluded_lines": 0, "percent_statements_covered": 74.64788732394366, "percent_statements_covered_display": "75"}, "missing_lines": [1719, 1732, 1733, 1740, 1741, 1750, 1751, 1761, 1762, 1763, 1764, 1776, 1777, 1784, 1785, 1794, 1798, 1800], "excluded_lines": [], "start_line": 1703}, "_prompt_goal": {"executed_lines": [], "summary": {"covered_lines": 0, "num_statements": 11, "percent_covered": 0.0, "percent_covered_display": "0", "missing_lines": 11, "excluded_lines": 0, "percent_statements_covered": 0.0, "percent_statements_covered_display": "0"}, "missing_lines": [1860, 1861, 1865, 1867, 1872, 1873, 1874, 1875, 1876, 1877, 1879], "excluded_lines": [], "start_line": 1854}, "_prompt_scope": {"executed_lines": [], "summary": {"covered_lines": 0, "num_statements": 17, "percent_covered": 0.0, "percent_covered_display": "0", "missing_lines": 17, "excluded_lines": 0, "percent_statements_covered": 0.0, "percent_statements_covered_display": "0"}, "missing_lines": [1894, 1895, 1896, 1898, 1899, 1900, 1901, 1902, 1903, 1904, 1905, 1907, 1909, 1931, 1932, 1933, 1935], "excluded_lines": [], "start_line": 1882}, "_prompt_architect_model": {"executed_lines": [], "summary": {"covered_lines": 0, "num_statements": 46, "percent_covered": 0.0, "percent_covered_display": "0", "missing_lines": 46, "excluded_lines": 0, "percent_statements_covered": 0.0, "percent_statements_covered_display": "0"}, "missing_lines": [1954, 1956, 1957, 1959, 1964, 1972, 1974, 1976, 1980, 1985, 1986, 1987, 1989, 1994, 1995, 1997, 1998, 1999, 2000, 2001, 2002, 2003, 2011, 2013, 2015, 2016, 2017, 2018, 2019, 2020, 2022, 2023, 2024, 2025, 2026, 2027, 2028, 2031, 2032, 2034, 2041, 2042, 2043, 2047, 2048, 2050], "excluded_lines": [], "start_line": 1938}, "_prompt_architect_model._fetch": {"executed_lines": [], "summary": {"covered_lines": 0, "num_statements": 3, "percent_covered": 0.0, "percent_covered_display": "0", "missing_lines": 3, "excluded_lines": 0, "percent_statements_covered": 0.0, "percent_statements_covered_display": "0"}, "missing_lines": [1965, 1966, 1970], "excluded_lines": [], "start_line": 1964}, "_prompt_exec_agent": {"executed_lines": [], "summary": {"covered_lines": 0, "num_statements": 27, "percent_covered": 0.0, "percent_covered_display": "0", "missing_lines": 27, "excluded_lines": 0, "percent_statements_covered": 0.0, "percent_statements_covered_display": "0"}, "missing_lines": [2069, 2071, 2072, 2075, 2076, 2079, 2081, 2082, 2086, 2087, 2088, 2090, 2094, 2095, 2096, 2097, 2098, 2099, 2100, 2102, 2103, 2104, 2106, 2113, 2114, 2115, 2117], "excluded_lines": [], "start_line": 2053}, "run_planning_mode": {"executed_lines": [2156, 2157, 2163, 2164, 2165, 2166, 2167, 2227, 2228, 2229, 2230, 2232, 2233, 2235, 2236, 2237, 2239, 2240, 2241, 2243, 2256, 2257, 2258, 2262, 2263, 2268, 2277, 2278, 2279, 2280, 2293, 2295, 2296, 2297, 2302, 2304, 2305, 2309, 2313, 2314, 2319, 2321, 2325, 2326, 2327, 2330, 2333, 2334, 2335, 2336, 2339, 2340, 2343, 2348, 2349, 2350, 2353, 2357, 2362, 2365, 2366, 2369, 2370, 2371, 2372, 2373, 2375, 2378, 2379, 2380, 2381, 2386, 2388, 2389, 2407, 2421, 2422, 2426, 2437, 2438, 2457, 2460, 2461, 2462, 2466, 2467, 2468, 2469, 2470, 2471], "summary": {"covered_lines": 90, "num_statements": 150, "percent_covered": 60.0, "percent_covered_display": "60", "missing_lines": 60, "excluded_lines": 0, "percent_statements_covered": 60.0, "percent_statements_covered_display": "60"}, "missing_lines": [2168, 2170, 2178, 2179, 2180, 2184, 2185, 2186, 2187, 2188, 2189, 2192, 2194, 2195, 2196, 2199, 2200, 2201, 2202, 2206, 2210, 2211, 2213, 2218, 2219, 2223, 2234, 2244, 2246, 2247, 2248, 2249, 2251, 2254, 2260, 2282, 2283, 2285, 2286, 2300, 2301, 2307, 2315, 2316, 2320, 2337, 2338, 2344, 2390, 2392, 2393, 2394, 2395, 2417, 2418, 2439, 2441, 2442, 2443, 2444], "excluded_lines": [], "start_line": 2120}, "_collect_planning_prompts": {"executed_lines": [2530, 2531, 2533, 2536, 2537], "summary": {"covered_lines": 5, "num_statements": 125, "percent_covered": 4.0, "percent_covered_display": "4", "missing_lines": 120, "excluded_lines": 0, "percent_statements_covered": 4.0, "percent_statements_covered_display": "4"}, "missing_lines": [2539, 2540, 2543, 2544, 2545, 2546, 2548, 2549, 2550, 2554, 2555, 2556, 2557, 2558, 2559, 2561, 2563, 2564, 2565, 2566, 2567, 2568, 2569, 2572, 2576, 2577, 2579, 2584, 2585, 2588, 2593, 2594, 2595, 2598, 2599, 2600, 2602, 2613, 2614, 2615, 2616, 2617, 2618, 2625, 2626, 2627, 2628, 2629, 2630, 2631, 2632, 2633, 2638, 2644, 2647, 2648, 2658, 2659, 2661, 2662, 2663, 2664, 2665, 2673, 2674, 2675, 2676, 2677, 2679, 2680, 2681, 2682, 2683, 2684, 2685, 2687, 2688, 2695, 2697, 2698, 2699, 2700, 2701, 2702, 2703, 2705, 2706, 2707, 2708, 2709, 2710, 2712, 2713, 2714, 2715, 2716, 2717, 2719, 2720, 2721, 2722, 2723, 2724, 2726, 2727, 2728, 2729, 2730, 2732, 2733, 2734, 2735, 2736, 2737, 2738, 2743, 2744, 2752, 2753, 2755], "excluded_lines": [], "start_line": 2479}, "_ansi_supported": {"executed_lines": [2777, 2778, 2779, 2780, 2781, 2782, 2783], "summary": {"covered_lines": 7, "num_statements": 7, "percent_covered": 100.0, "percent_covered_display": "100", "missing_lines": 0, "excluded_lines": 0, "percent_statements_covered": 100.0, "percent_statements_covered_display": "100"}, "missing_lines": [], "excluded_lines": [], "start_line": 2763}, "_run_tasks_raw": {"executed_lines": [2823, 2824, 2836, 2837, 2838, 2840, 2842, 2843, 2849, 2851, 2920, 2934, 2958, 2978, 2992, 3014, 3034, 3066, 3067, 3068, 3069, 3077, 3079, 3084, 3086, 3089, 3095, 3096, 3097, 3098, 3100, 3109, 3119, 3122, 3125, 3182, 3210, 3241, 3257, 3274, 3329, 3381, 3382, 3383, 3384, 3385, 3386, 3387, 3388, 3389, 3390, 3392, 3393, 3394, 3395, 3396, 3397, 3399, 3417, 3419, 3420], "summary": {"covered_lines": 61, "num_statements": 65, "percent_covered": 93.84615384615384, "percent_covered_display": "94", "missing_lines": 4, "excluded_lines": 0, "percent_statements_covered": 93.84615384615384, "percent_statements_covered_display": "94"}, "missing_lines": [2825, 2828, 2834, 3070], "excluded_lines": [], "start_line": 2795}, "_run_tasks_raw.run_reassessment_if_needed": {"executed_lines": [2853, 2854, 2855, 2857, 2858, 2859, 2860, 2862, 2867, 2871, 2872, 2873, 2894, 2895, 2913], "summary": {"covered_lines": 15, "num_statements": 23, "percent_covered": 65.21739130434783, "percent_covered_display": "65", "missing_lines": 8, "excluded_lines": 0, "percent_statements_covered": 65.21739130434783, "percent_statements_covered_display": "65"}, "missing_lines": [2888, 2889, 2890, 2909, 2910, 2911, 2914, 2915], "excluded_lines": [], "start_line": 2851}, "_run_tasks_raw.on_task_start": {"executed_lines": [2921, 2922, 2923, 2926, 2927, 2928, 2929, 2930], "summary": {"covered_lines": 8, "num_statements": 10, "percent_covered": 80.0, "percent_covered_display": "80", "missing_lines": 2, "excluded_lines": 0, "percent_statements_covered": 80.0, "percent_statements_covered_display": "80"}, "missing_lines": [2931, 2932], "excluded_lines": [], "start_line": 2920}, "_run_tasks_raw.on_task_done": {"executed_lines": [2935, 2936, 2937, 2938, 2939, 2943, 2944, 2945, 2946], "summary": {"covered_lines": 9, "num_statements": 11, "percent_covered": 81.81818181818181, "percent_covered_display": "82", "missing_lines": 2, "excluded_lines": 0, "percent_statements_covered": 81.81818181818181, "percent_statements_covered_display": "82"}, "missing_lines": [2955, 2956], "excluded_lines": [], "start_line": 2934}, "_run_tasks_raw.on_task_failed": {"executed_lines": [2959, 2960, 2961, 2962, 2963, 2964], "summary": {"covered_lines": 6, "num_statements": 10, "percent_covered": 60.0, "percent_covered_display": "60", "missing_lines": 4, "excluded_lines": 0, "percent_statements_covered": 60.0, "percent_statements_covered_display": "60"}, "missing_lines": [2965, 2966, 2975, 2976], "excluded_lines": [], "start_line": 2958}, "_run_tasks_raw.on_attempt_start": {"executed_lines": [2979, 2980, 2981, 2982, 2985, 2986], "summary": {"covered_lines": 6, "num_statements": 10, "percent_covered": 60.0, "percent_covered_display": "60", "missing_lines": 4, "excluded_lines": 0, "percent_statements_covered": 60.0, "percent_statements_covered_display": "60"}, "missing_lines": [2987, 2988, 2989, 2990], "excluded_lines": [], "start_line": 2978}, "_run_tasks_raw.on_model_switched": {"executed_lines": [2994, 2995, 2996, 3000, 3002, 3003, 3007, 3008], "summary": {"covered_lines": 8, "num_statements": 12, "percent_covered": 66.66666666666667, "percent_covered_display": "67", "missing_lines": 4, "excluded_lines": 0, "percent_statements_covered": 66.66666666666667, "percent_statements_covered_display": "67"}, "missing_lines": [3009, 3010, 3011, 3012], "excluded_lines": [], "start_line": 2992}, "_run_tasks_raw.on_attempt_done": {"executed_lines": [3015, 3016, 3023, 3024, 3028], "summary": {"covered_lines": 5, "num_statements": 9, "percent_covered": 55.55555555555556, "percent_covered_display": "56", "missing_lines": 4, "excluded_lines": 0, "percent_statements_covered": 55.55555555555556, "percent_statements_covered_display": "56"}, "missing_lines": [3029, 3030, 3031, 3032], "excluded_lines": [], "start_line": 3014}, "_run_tasks_raw.on_circuit_event": {"executed_lines": [3036, 3038, 3039, 3040, 3047, 3048, 3052, 3053, 3054, 3055, 3056, 3057], "summary": {"covered_lines": 12, "num_statements": 15, "percent_covered": 80.0, "percent_covered_display": "80", "missing_lines": 3, "excluded_lines": 0, "percent_statements_covered": 80.0, "percent_statements_covered_display": "80"}, "missing_lines": [3037, 3058, 3059], "excluded_lines": [], "start_line": 3034}, "_run_tasks_raw._on_pause": {"executed_lines": [], "summary": {"covered_lines": 0, "num_statements": 3, "percent_covered": 0.0, "percent_covered_display": "0", "missing_lines": 3, "excluded_lines": 0, "percent_statements_covered": 0.0, "percent_statements_covered_display": "0"}, "missing_lines": [3080, 3081, 3082], "excluded_lines": [], "start_line": 3079}, "_run_tasks_raw._tui_progress_rows": {"executed_lines": [3110], "summary": {"covered_lines": 1, "num_statements": 1, "percent_covered": 100.0, "percent_covered_display": "100", "missing_lines": 0, "excluded_lines": 0, "percent_statements_covered": 100.0, "percent_statements_covered_display": "100"}, "missing_lines": [], "excluded_lines": [], "start_line": 3109}, "_run_tasks_raw._tui_publish_progress": {"executed_lines": [3120], "summary": {"covered_lines": 1, "num_statements": 1, "percent_covered": 100.0, "percent_covered_display": "100", "missing_lines": 0, "excluded_lines": 0, "percent_statements_covered": 100.0, "percent_statements_covered_display": "100"}, "missing_lines": [], "excluded_lines": [], "start_line": 3119}, "_run_tasks_raw._enabled": {"executed_lines": [3123], "summary": {"covered_lines": 1, "num_statements": 1, "percent_covered": 100.0, "percent_covered_display": "100", "missing_lines": 0, "excluded_lines": 0, "percent_statements_covered": 100.0, "percent_statements_covered_display": "100"}, "missing_lines": [], "excluded_lines": [], "start_line": 3122}, "_run_tasks_raw._tui_execution_settings": {"executed_lines": [3126, 3127, 3129, 3130, 3131, 3132, 3133, 3139, 3140, 3141, 3142, 3146, 3147, 3150], "summary": {"covered_lines": 14, "num_statements": 20, "percent_covered": 70.0, "percent_covered_display": "70", "missing_lines": 6, "excluded_lines": 0, "percent_statements_covered": 70.0, "percent_statements_covered_display": "70"}, "missing_lines": [3128, 3136, 3137, 3143, 3144, 3148], "excluded_lines": [], "start_line": 3125}, "_run_tasks_raw._tui_on_task_start": {"executed_lines": [], "summary": {"covered_lines": 0, "num_statements": 17, "percent_covered": 0.0, "percent_covered_display": "0", "missing_lines": 17, "excluded_lines": 0, "percent_statements_covered": 0.0, "percent_statements_covered_display": "0"}, "missing_lines": [3183, 3184, 3185, 3192, 3194, 3195, 3196, 3197, 3198, 3199, 3202, 3203, 3204, 3205, 3206, 3207, 3208], "excluded_lines": [], "start_line": 3182}, "_run_tasks_raw._tui_on_attempt_start": {"executed_lines": [], "summary": {"covered_lines": 0, "num_statements": 14, "percent_covered": 0.0, "percent_covered_display": "0", "missing_lines": 14, "excluded_lines": 0, "percent_statements_covered": 0.0, "percent_statements_covered_display": "0"}, "missing_lines": [3211, 3216, 3220, 3221, 3222, 3225, 3226, 3227, 3232, 3233, 3234, 3237, 3238, 3239], "excluded_lines": [], "start_line": 3210}, "_run_tasks_raw._tui_on_circuit_event": {"executed_lines": [], "summary": {"covered_lines": 0, "num_statements": 14, "percent_covered": 0.0, "percent_covered_display": "0", "missing_lines": 14, "excluded_lines": 0, "percent_statements_covered": 0.0, "percent_statements_covered_display": "0"}, "missing_lines": [3242, 3243, 3244, 3245, 3246, 3247, 3248, 3249, 3250, 3251, 3252, 3253, 3254, 3255], "excluded_lines": [], "start_line": 3241}, "_run_tasks_raw._tui_on_model_switched": {"executed_lines": [], "summary": {"covered_lines": 0, "num_statements": 4, "percent_covered": 0.0, "percent_covered_display": "0", "missing_lines": 4, "excluded_lines": 0, "percent_statements_covered": 0.0, "percent_statements_covered_display": "0"}, "missing_lines": [3258, 3262, 3263, 3264], "excluded_lines": [], "start_line": 3257}, "_run_tasks_raw._tui_on_task_done": {"executed_lines": [], "summary": {"covered_lines": 0, "num_statements": 27, "percent_covered": 0.0, "percent_covered_display": "0", "missing_lines": 27, "excluded_lines": 0, "percent_statements_covered": 0.0, "percent_statements_covered_display": "0"}, "missing_lines": [3275, 3276, 3277, 3281, 3282, 3283, 3286, 3287, 3288, 3290, 3291, 3292, 3294, 3295, 3296, 3297, 3298, 3299, 3306, 3307, 3308, 3309, 3310, 3311, 3318, 3326, 3327], "excluded_lines": [], "start_line": 3274}, "_run_tasks_raw._tui_on_task_failed": {"executed_lines": [3330, 3331, 3332, 3333, 3334, 3335, 3340, 3342, 3343, 3344, 3346, 3347, 3348, 3349, 3350, 3360, 3361, 3362, 3370, 3378, 3379], "summary": {"covered_lines": 21, "num_statements": 27, "percent_covered": 77.77777777777777, "percent_covered_display": "78", "missing_lines": 6, "excluded_lines": 0, "percent_statements_covered": 77.77777777777777, "percent_statements_covered_display": "78"}, "missing_lines": [3338, 3339, 3351, 3358, 3359, 3363], "excluded_lines": [], "start_line": 3329}, "_fmt_duration": {"executed_lines": [3425, 3426, 3427, 3428, 3429, 3430], "summary": {"covered_lines": 6, "num_statements": 6, "percent_covered": 100.0, "percent_covered_display": "100", "missing_lines": 0, "excluded_lines": 0, "percent_statements_covered": 100.0, "percent_statements_covered_display": "100"}, "missing_lines": [], "excluded_lines": [], "start_line": 3423}, "_read_goal_md": {"executed_lines": [3435, 3436, 3437, 3438, 3439, 3443, 3444, 3445, 3446], "summary": {"covered_lines": 9, "num_statements": 11, "percent_covered": 81.81818181818181, "percent_covered_display": "82", "missing_lines": 2, "excluded_lines": 0, "percent_statements_covered": 81.81818181818181, "percent_statements_covered_display": "82"}, "missing_lines": [3440, 3441], "excluded_lines": [], "start_line": 3433}, "_read_goal_from_instructions": {"executed_lines": [3460, 3461, 3462, 3464, 3465, 3466, 3467, 3468, 3471, 3473, 3478, 3479, 3484, 3485, 3486, 3487, 3488], "summary": {"covered_lines": 17, "num_statements": 17, "percent_covered": 100.0, "percent_covered_display": "100", "missing_lines": 0, "excluded_lines": 0, "percent_statements_covered": 100.0, "percent_statements_covered_display": "100"}, "missing_lines": [], "excluded_lines": [], "start_line": 3449}, "_record_task_outcome": {"executed_lines": [3493, 3494, 3495, 3496], "summary": {"covered_lines": 4, "num_statements": 17, "percent_covered": 23.529411764705884, "percent_covered_display": "24", "missing_lines": 13, "excluded_lines": 0, "percent_statements_covered": 23.529411764705884, "percent_statements_covered_display": "24"}, "missing_lines": [3498, 3499, 3500, 3501, 3505, 3510, 3511, 3513, 3515, 3522, 3523, 3524, 3525], "excluded_lines": [], "start_line": 3491}, "_task_results_needing_reassessment": {"executed_lines": [3530], "summary": {"covered_lines": 1, "num_statements": 1, "percent_covered": 100.0, "percent_covered_display": "100", "missing_lines": 0, "excluded_lines": 0, "percent_statements_covered": 100.0, "percent_statements_covered_display": "100"}, "missing_lines": [], "excluded_lines": [], "start_line": 3528}, "_result_needs_reassessment": {"executed_lines": [3535, 3536, 3537], "summary": {"covered_lines": 3, "num_statements": 3, "percent_covered": 100.0, "percent_covered_display": "100", "missing_lines": 0, "excluded_lines": 0, "percent_statements_covered": 100.0, "percent_statements_covered_display": "100"}, "missing_lines": [], "excluded_lines": [], "start_line": 3533}, "_run_reassessment_in_thread": {"executed_lines": [], "summary": {"covered_lines": 0, "num_statements": 4, "percent_covered": 0.0, "percent_covered_display": "0", "missing_lines": 4, "excluded_lines": 0, "percent_statements_covered": 0.0, "percent_statements_covered_display": "0"}, "missing_lines": [3559, 3561, 3562, 3563], "excluded_lines": [], "start_line": 3540}, "_maybe_kill_own_tmux_session": {"executed_lines": [3590, 3593, 3594, 3596, 3597, 3599, 3601, 3604, 3610, 3611, 3613, 3616, 3617, 3619, 3620, 3622, 3624], "summary": {"covered_lines": 17, "num_statements": 17, "percent_covered": 100.0, "percent_covered_display": "100", "missing_lines": 0, "excluded_lines": 0, "percent_statements_covered": 100.0, "percent_statements_covered_display": "100"}, "missing_lines": [], "excluded_lines": [], "start_line": 3571}, "_provider_install_hint": {"executed_lines": [3633, 3635, 3636], "summary": {"covered_lines": 3, "num_statements": 6, "percent_covered": 50.0, "percent_covered_display": "50", "missing_lines": 3, "excluded_lines": 0, "percent_statements_covered": 50.0, "percent_statements_covered_display": "50"}, "missing_lines": [3637, 3638, 3640], "excluded_lines": [], "start_line": 3627}, "main": {"executed_lines": [3778, 3780, 3781, 3786, 3787, 3791, 3794, 3795, 3797, 3800, 3801, 3804, 3805, 3808, 3809, 3812, 3813, 3814, 3815, 3818, 3819, 3822, 3823, 3830, 3832, 3839, 3840, 3841, 3842, 3844, 3845, 3847, 3848, 3851, 3852, 3853, 3856, 3857, 3861, 3862, 3864, 3874, 3875, 3877, 3878, 3880, 3881, 3883, 3886, 3887, 3888, 3889, 3899, 3900, 3901, 3902, 3903, 3906, 3907, 3909, 3911, 3912, 3913, 3918, 3919, 3920, 3921, 3922, 3925, 3926, 3927, 3931, 3934, 3935, 3936, 3937, 3938, 3939, 3940, 3971, 3977, 3978, 3979, 3980, 3983, 3984, 3985, 3986, 3987, 3988, 3989, 3990, 3991, 3992, 3993, 3994, 3995, 3996, 3997, 3998, 4000, 4001, 4002, 4007, 4008, 4009, 4015, 4019, 4020, 4021, 4023, 4035, 4036, 4044, 4052, 4054, 4056, 4058, 4086, 4100, 4106, 4128, 4129, 4130, 4131, 4135, 4137, 4138, 4142, 4143, 4146, 4171, 4173, 4181, 4506, 4508, 4513, 4514, 4521, 4522, 4524, 4534, 4535, 4541, 4542, 4543, 4544, 4569], "summary": {"covered_lines": 148, "num_statements": 207, "percent_covered": 71.4975845410628, "percent_covered_display": "71", "missing_lines": 59, "excluded_lines": 1, "percent_statements_covered": 71.4975845410628, "percent_statements_covered_display": "71"}, "missing_lines": [3792, 3833, 3849, 3850, 3890, 3891, 3892, 3897, 3941, 3942, 3946, 3947, 3948, 3949, 3950, 3951, 3955, 3956, 3957, 3958, 3959, 3960, 3962, 3966, 3967, 3968, 3969, 3970, 4024, 4025, 4053, 4055, 4079, 4080, 4132, 4133, 4134, 4136, 4140, 4141, 4147, 4148, 4149, 4150, 4154, 4155, 4156, 4159, 4160, 4161, 4162, 4164, 4167, 4509, 4511, 4525, 4526, 4553, 4554], "excluded_lines": [4108], "start_line": 3759}, "main._tui_flow": {"executed_lines": [4190, 4191, 4193, 4194, 4202, 4203, 4204, 4219, 4228, 4229, 4230, 4235, 4236, 4247, 4257, 4259, 4263, 4279, 4280, 4281, 4282, 4291, 4292, 4309, 4310, 4312, 4317, 4320, 4321, 4327, 4342, 4343, 4345, 4346, 4348, 4351, 4366, 4367, 4368, 4372, 4373, 4377, 4378, 4382, 4383, 4405, 4406, 4410, 4415, 4425, 4429, 4433, 4434, 4435, 4439], "summary": {"covered_lines": 55, "num_statements": 128, "percent_covered": 42.96875, "percent_covered_display": "43", "missing_lines": 73, "excluded_lines": 0, "percent_statements_covered": 42.96875, "percent_statements_covered_display": "43"}, "missing_lines": [4220, 4221, 4237, 4238, 4239, 4240, 4241, 4242, 4243, 4244, 4248, 4249, 4251, 4252, 4253, 4254, 4260, 4261, 4299, 4300, 4301, 4302, 4303, 4313, 4314, 4328, 4329, 4332, 4333, 4334, 4335, 4336, 4337, 4338, 4339, 4340, 4352, 4354, 4374, 4375, 4419, 4431, 4441, 4442, 4444, 4445, 4446, 4447, 4451, 4452, 4456, 4457, 4459, 4464, 4465, 4468, 4471, 4472, 4473, 4477, 4478, 4480, 4481, 4482, 4486, 4489, 4490, 4491, 4492, 4494, 4495, 4498, 4502], "excluded_lines": [], "start_line": 4181}, "_run_main": {"executed_lines": [4643, 4644, 4646, 4648, 4649, 4657, 4683, 4684, 4685, 4686, 4687, 4691, 4692, 4693, 4696, 4712, 4713, 4715, 4716, 4719, 4735, 4737, 4738, 4739, 4740, 4743, 4746, 4747, 4748, 4749, 4750, 4751, 4755, 4756, 4757, 4758, 4759, 4760, 4761, 4770, 4771, 4773, 4774, 4775, 4776, 4780, 4781, 4796, 4797, 4798, 4799, 4800, 4801, 4802, 4803, 4806, 4807, 4813, 4814, 4822, 4829, 4830, 4831, 4832, 4834, 4835, 4838, 4851, 4853, 4861, 4862, 4863, 4864, 4865, 4866, 4867, 4871, 4872, 4873, 4874, 4875, 4885, 4892, 4893, 4909, 4910, 4911, 4914, 4915, 4922, 4923, 4925, 4926, 4927, 4928, 4931, 4932, 4934, 4937, 4939, 4952, 4953, 4956, 4957, 4958, 4967, 4968, 4972, 4973, 4974, 4978, 4979, 4981, 4983, 4986, 4987, 4989, 4990, 4994, 4995, 4996, 4998, 5000, 5007, 5008, 5009, 5016, 5019, 5020, 5021, 5026, 5027, 5034, 5035, 5036, 5043, 5044, 5045, 5051, 5052, 5053, 5056, 5057, 5059, 5060, 5073, 5074, 5075, 5076, 5080, 5081, 5082, 5084, 5089, 5090, 5092, 5093, 5094, 5095, 5096, 5101, 5103, 5111, 5112, 5113, 5115, 5116, 5117, 5118, 5120, 5123, 5128, 5129, 5130, 5143, 5144, 5149, 5150, 5151, 5152, 5153, 5154, 5155, 5158, 5168, 5169, 5170, 5171, 5172, 5173, 5176, 5177, 5178, 5182, 5183, 5185, 5186, 5187, 5191, 5194, 5196, 5197, 5204, 5205, 5206, 5208, 5209, 5222, 5223, 5224, 5228, 5232, 5233, 5239, 5240, 5265, 5267, 5270, 5271, 5272, 5273, 5274, 5275, 5276, 5277, 5281, 5282, 5294, 5303, 5304, 5305, 5309, 5310, 5311, 5312, 5313, 5314, 5315, 5325, 5326, 5327, 5328, 5329, 5330, 5331, 5332, 5337, 5338, 5339, 5340, 5342, 5343, 5361, 5363, 5373, 5380, 5382, 5383, 5385, 5386, 5388], "summary": {"covered_lines": 261, "num_statements": 340, "percent_covered": 76.76470588235294, "percent_covered_display": "77", "missing_lines": 79, "excluded_lines": 0, "percent_statements_covered": 76.76470588235294, "percent_statements_covered_display": "77"}, "missing_lines": [4658, 4660, 4661, 4664, 4667, 4668, 4672, 4676, 4677, 4697, 4702, 4703, 4704, 4705, 4706, 4707, 4708, 4709, 4710, 4720, 4722, 4752, 4762, 4763, 4808, 4815, 4816, 4836, 4852, 4876, 4877, 4878, 4879, 4880, 4891, 4912, 4913, 4916, 4917, 5024, 5025, 5139, 5140, 5192, 5193, 5210, 5213, 5217, 5218, 5225, 5226, 5230, 5253, 5254, 5255, 5256, 5257, 5258, 5261, 5262, 5263, 5268, 5284, 5285, 5286, 5290, 5291, 5292, 5306, 5307, 5344, 5351, 5352, 5354, 5374, 5375, 5376, 5377, 5379], "excluded_lines": [], "start_line": 4572}, "list_cmd": {"executed_lines": [5411, 5412, 5414, 5423, 5424, 5426, 5427, 5428, 5430, 5431, 5433, 5434, 5435, 5437, 5438, 5440, 5441, 5442, 5443, 5445, 5446, 5447, 5448, 5449, 5451, 5454, 5455, 5457, 5458], "summary": {"covered_lines": 29, "num_statements": 37, "percent_covered": 78.37837837837837, "percent_covered_display": "78", "missing_lines": 8, "excluded_lines": 0, "percent_statements_covered": 78.37837837837837, "percent_statements_covered_display": "78"}, "missing_lines": [5415, 5416, 5418, 5419, 5420, 5421, 5450, 5452], "excluded_lines": [], "start_line": 5409}, "retry": {"executed_lines": [5478, 5479, 5480, 5481, 5483, 5484, 5488, 5489, 5490, 5491, 5492, 5494, 5495, 5496, 5498, 5499, 5500, 5502, 5504, 5505, 5509, 5510, 5511], "summary": {"covered_lines": 23, "num_statements": 26, "percent_covered": 88.46153846153847, "percent_covered_display": "88", "missing_lines": 3, "excluded_lines": 0, "percent_statements_covered": 88.46153846153847, "percent_statements_covered_display": "88"}, "missing_lines": [5506, 5507, 5508], "excluded_lines": [], "start_line": 5469}, "skip": {"executed_lines": [5524, 5525, 5526, 5527, 5529, 5530, 5531, 5532, 5534, 5535, 5536, 5537, 5538, 5539, 5540, 5542, 5543], "summary": {"covered_lines": 17, "num_statements": 17, "percent_covered": 100.0, "percent_covered_display": "100", "missing_lines": 0, "excluded_lines": 0, "percent_statements_covered": 100.0, "percent_statements_covered_display": "100"}, "missing_lines": [], "excluded_lines": [], "start_line": 5522}, "reset": {"executed_lines": [5555, 5556, 5558, 5559, 5560, 5562, 5563, 5564, 5565, 5567, 5568, 5575, 5576, 5578], "summary": {"covered_lines": 14, "num_statements": 14, "percent_covered": 100.0, "percent_covered_display": "100", "missing_lines": 0, "excluded_lines": 0, "percent_statements_covered": 100.0, "percent_statements_covered_display": "100"}, "missing_lines": [], "excluded_lines": [], "start_line": 5553}, "cancel": {"executed_lines": [5599, 5600, 5602, 5603, 5605, 5606, 5607, 5608, 5611, 5612, 5613, 5614, 5615, 5618, 5619, 5620, 5623, 5624, 5625, 5628, 5631, 5632, 5633, 5634, 5636, 5637, 5643, 5644, 5648, 5651, 5652, 5653, 5655, 5658, 5659, 5660, 5661, 5662, 5663, 5664], "summary": {"covered_lines": 40, "num_statements": 42, "percent_covered": 95.23809523809524, "percent_covered_display": "95", "missing_lines": 2, "excluded_lines": 0, "percent_statements_covered": 95.23809523809524, "percent_statements_covered_display": "95"}, "missing_lines": [5645, 5646], "excluded_lines": [], "start_line": 5588}, "_format_status_json": {"executed_lines": [5674, 5687, 5688, 5689, 5690, 5691, 5692, 5695, 5697, 5698, 5699, 5700, 5703, 5704, 5706, 5707, 5708, 5709, 5710, 5711, 5712, 5715, 5716, 5717, 5718, 5719, 5720, 5721, 5723, 5724, 5725, 5728, 5729, 5730, 5731, 5732, 5733, 5734, 5735, 5743, 5744, 5745, 5748, 5749, 5755, 5756, 5757, 5758, 5759, 5764, 5765, 5766, 5767, 5768, 5769, 5773], "summary": {"covered_lines": 56, "num_statements": 60, "percent_covered": 93.33333333333333, "percent_covered_display": "93", "missing_lines": 4, "excluded_lines": 0, "percent_statements_covered": 93.33333333333333, "percent_statements_covered_display": "93"}, "missing_lines": [5693, 5694, 5770, 5771], "excluded_lines": [], "start_line": 5667}, "status_cmd": {"executed_lines": [5805, 5807, 5810, 5811, 5812, 5813, 5815, 5824, 5826, 5827, 5830, 5833, 5834, 5835, 5836, 5837, 5840, 5841, 5842, 5845, 5848, 5849, 5851, 5853, 5856, 5857, 5859, 5860, 5864, 5865, 5866, 5868, 5869, 5871, 5872, 5873, 5874, 5876, 5877, 5878, 5879, 5880, 5881, 5882, 5884, 5887, 5888, 5890, 5891, 5893, 5896, 5897, 5898, 5899, 5900, 5905, 5906, 5907, 5908, 5909, 5910, 5911, 5915, 5916, 5917, 5920, 5921, 5925, 5928, 5929, 5930, 5931, 5932, 5933, 5934, 5935, 5936, 5937, 5938], "summary": {"covered_lines": 79, "num_statements": 87, "percent_covered": 90.80459770114942, "percent_covered_display": "91", "missing_lines": 8, "excluded_lines": 0, "percent_statements_covered": 90.80459770114942, "percent_statements_covered_display": "91"}, "missing_lines": [5816, 5817, 5819, 5820, 5821, 5822, 5883, 5885], "excluded_lines": [], "start_line": 5795}, "_fmt_cost": {"executed_lines": [5955], "summary": {"covered_lines": 1, "num_statements": 1, "percent_covered": 100.0, "percent_covered_display": "100", "missing_lines": 0, "excluded_lines": 0, "percent_statements_covered": 100.0, "percent_statements_covered_display": "100"}, "missing_lines": [], "excluded_lines": [], "start_line": 5946}, "_render_token_report_table": {"executed_lines": [5969, 5970, 5972, 5974, 5975, 5979, 5981, 5982, 5983, 5984, 5987, 5988, 5989, 5990, 5991, 5992, 5993, 5995, 5997, 5998, 5999, 6001, 6002, 6003, 6004, 6005, 6007, 6008, 6010, 6013, 6014, 6015, 6017, 6018, 6026, 6027, 6029, 6031, 6032, 6033, 6034, 6037, 6038, 6039, 6041, 6042, 6043, 6044, 6046, 6047, 6050, 6054], "summary": {"covered_lines": 52, "num_statements": 55, "percent_covered": 94.54545454545455, "percent_covered_display": "95", "missing_lines": 3, "excluded_lines": 0, "percent_statements_covered": 94.54545454545455, "percent_statements_covered_display": "95"}, "missing_lines": [6000, 6048, 6049], "excluded_lines": [], "start_line": 5958}, "_format_token_report_json": {"executed_lines": [6066, 6068, 6078, 6079, 6080, 6081, 6082, 6083, 6092, 6093, 6095], "summary": {"covered_lines": 11, "num_statements": 11, "percent_covered": 100.0, "percent_covered_display": "100", "missing_lines": 0, "excluded_lines": 0, "percent_statements_covered": 100.0, "percent_statements_covered_display": "100"}, "missing_lines": [], "excluded_lines": [], "start_line": 6057}, "token_report_cmd": {"executed_lines": [6136, 6138, 6140, 6143, 6144, 6146, 6147, 6148, 6150], "summary": {"covered_lines": 9, "num_statements": 9, "percent_covered": 100.0, "percent_covered_display": "100", "missing_lines": 0, "excluded_lines": 0, "percent_statements_covered": 100.0, "percent_statements_covered_display": "100"}, "missing_lines": [], "excluded_lines": [], "start_line": 6125}, "init_cmd": {"executed_lines": [6175, 6176, 6177, 6179, 6180, 6183, 6184, 6185, 6187, 6201, 6204, 6205, 6206, 6208, 6220, 6222, 6223, 6224, 6225, 6226, 6227, 6228, 6232, 6233, 6234, 6240, 6241], "summary": {"covered_lines": 27, "num_statements": 27, "percent_covered": 100.0, "percent_covered_display": "100", "missing_lines": 0, "excluded_lines": 0, "percent_statements_covered": 100.0, "percent_statements_covered_display": "100"}, "missing_lines": [], "excluded_lines": [], "start_line": 6166}, "logs_cmd": {"executed_lines": [6297, 6298, 6300, 6312, 6313, 6315, 6316, 6317, 6319, 6321, 6322, 6323, 6326, 6327, 6328, 6329, 6330, 6331, 6332, 6333, 6334, 6335, 6337, 6338, 6339, 6340, 6341, 6342, 6344, 6345, 6346, 6347, 6348, 6350, 6351, 6353, 6354, 6355, 6356, 6357, 6358, 6359, 6360, 6361, 6362, 6363, 6364, 6366, 6368, 6369, 6371, 6372, 6373, 6374, 6375, 6378, 6379, 6381, 6382, 6383, 6384, 6385, 6387, 6389, 6390, 6391, 6392, 6393, 6395, 6396, 6397], "summary": {"covered_lines": 71, "num_statements": 78, "percent_covered": 91.02564102564102, "percent_covered_display": "91", "missing_lines": 7, "excluded_lines": 0, "percent_statements_covered": 91.02564102564102, "percent_statements_covered_display": "91"}, "missing_lines": [6301, 6302, 6306, 6307, 6308, 6309, 6310], "excluded_lines": [], "start_line": 6278}, "config_cmd": {"executed_lines": [6464, 6465, 6466, 6467, 6469, 6471, 6472, 6473, 6474, 6475, 6476, 6477, 6478, 6481, 6482, 6483, 6484, 6487, 6490, 6491, 6492, 6493, 6494, 6495, 6496, 6498, 6499, 6500, 6502, 6503, 6504, 6505, 6507, 6508, 6509, 6510, 6511, 6513, 6514, 6515, 6516, 6519, 6523, 6532, 6533, 6537, 6540, 6557, 6558, 6560, 6561, 6562, 6564, 6565, 6566], "summary": {"covered_lines": 55, "num_statements": 61, "percent_covered": 90.1639344262295, "percent_covered_display": "90", "missing_lines": 6, "excluded_lines": 0, "percent_statements_covered": 90.1639344262295, "percent_statements_covered_display": "90"}, "missing_lines": [6524, 6525, 6527, 6528, 6529, 6530], "excluded_lines": [], "start_line": 6420}, "circuit_cmd": {"executed_lines": [6605, 6606, 6608, 6609, 6611, 6613, 6614, 6616, 6618, 6620, 6621, 6622, 6623, 6625, 6634, 6637, 6638, 6639, 6640, 6641, 6643, 6644, 6645, 6646, 6647, 6649, 6650, 6651, 6652, 6653, 6654, 6655, 6657, 6658, 6660, 6662, 6670, 6672, 6673, 6674, 6675, 6677, 6679, 6680, 6681, 6683, 6684, 6685, 6686, 6687, 6688, 6689, 6690, 6691, 6692, 6693, 6696, 6697, 6698, 6699, 6701, 6703, 6704, 6708, 6709, 6710, 6713], "summary": {"covered_lines": 67, "num_statements": 74, "percent_covered": 90.54054054054055, "percent_covered_display": "91", "missing_lines": 7, "excluded_lines": 0, "percent_statements_covered": 90.54054054054055, "percent_statements_covered_display": "91"}, "missing_lines": [6626, 6627, 6629, 6630, 6631, 6632, 6694], "excluded_lines": [], "start_line": 6589}, "version": {"executed_lines": [6719], "summary": {"covered_lines": 1, "num_statements": 1, "percent_covered": 100.0, "percent_covered_display": "100", "missing_lines": 0, "excluded_lines": 0, "percent_statements_covered": 100.0, "percent_statements_covered_display": "100"}, "missing_lines": [], "excluded_lines": [], "start_line": 6717}, "doctor_cmd": {"executed_lines": [6725, 6727, 6729, 6730, 6732, 6733, 6734, 6735, 6738, 6739, 6740, 6741, 6748, 6749, 6750, 6752, 6753, 6754, 6762, 6764, 6765, 6766, 6769, 6770, 6777, 6778, 6785, 6787, 6788, 6789, 6794, 6796, 6797, 6798, 6800, 6801, 6802, 6803, 6804, 6806, 6807, 6808, 6809, 6810, 6811, 6813, 6814, 6815, 6816, 6817, 6818, 6819, 6820, 6821, 6822, 6823, 6824, 6825, 6826, 6828, 6829, 6830, 6834, 6835, 6836], "summary": {"covered_lines": 65, "num_statements": 81, "percent_covered": 80.24691358024691, "percent_covered_display": "80", "missing_lines": 16, "excluded_lines": 0, "percent_statements_covered": 80.24691358024691, "percent_statements_covered_display": "80"}, "missing_lines": [6736, 6755, 6756, 6757, 6758, 6759, 6760, 6771, 6772, 6773, 6774, 6775, 6790, 6791, 6792, 6799], "excluded_lines": [], "start_line": 6723}, "tui_cmd": {"executed_lines": [], "summary": {"covered_lines": 0, "num_statements": 3, "percent_covered": 0.0, "percent_covered_display": "0", "missing_lines": 3, "excluded_lines": 3, "percent_statements_covered": 0.0, "percent_statements_covered_display": "0"}, "missing_lines": [6848, 6849, 6853], "excluded_lines": [6850, 6851, 6852], "start_line": 6840}, "monitor_cmd": {"executed_lines": [6879, 6880, 6882, 6891, 6899, 6901, 6902, 6903, 6904, 6906, 6907, 6908, 6912, 6913, 6918, 6919, 6921, 6922, 6925, 6926, 6927, 6928, 6929, 6930, 6931, 6933, 6936], "summary": {"covered_lines": 27, "num_statements": 33, "percent_covered": 81.81818181818181, "percent_covered_display": "82", "missing_lines": 6, "excluded_lines": 2, "percent_statements_covered": 81.81818181818181, "percent_statements_covered_display": "82"}, "missing_lines": [6883, 6884, 6886, 6887, 6888, 6889], "excluded_lines": [6909, 6920], "start_line": 6869}, "": {"executed_lines": [8, 10, 11, 12, 13, 14, 15, 16, 17, 18, 19, 20, 21, 22, 28, 30, 31, 32, 33, 35, 36, 37, 38, 45, 53, 60, 61, 66, 73, 74, 82, 83, 89, 91, 93, 94, 95, 96, 99, 100, 103, 104, 105, 108, 121, 122, 200, 216, 233, 236, 246, 254, 264, 305, 318, 337, 364, 375, 393, 402, 422, 473, 485, 529, 564, 573, 594, 599, 602, 603, 604, 607, 636, 651, 672, 737, 789, 926, 1021, 1086, 1100, 1122, 1173, 1254, 1259, 1272, 1311, 1552, 1854, 1882, 1938, 2053, 2120, 2479, 2763, 2795, 3423, 3433, 3449, 3491, 3528, 3533, 3540, 3571, 3627, 3644, 3652, 3653, 3659, 3660, 3667, 3668, 3674, 3681, 3688, 3693, 3699, 3705, 3710, 3717, 3725, 3733, 3740, 3747, 3759, 4572, 5396, 5397, 5403, 5409, 5461, 5462, 5463, 5469, 5514, 5515, 5516, 5522, 5546, 5547, 5553, 5581, 5582, 5588, 5667, 5776, 5777, 5783, 5789, 5795, 5946, 5958, 6057, 6098, 6099, 6106, 6112, 6118, 6125, 6153, 6154, 6161, 6166, 6244, 6245, 6251, 6258, 6266, 6272, 6278, 6400, 6401, 6407, 6414, 6420, 6569, 6570, 6576, 6583, 6589, 6716, 6717, 6722, 6723, 6839, 6840, 6856, 6857, 6863, 6869, 6944], "summary": {"covered_lines": 191, "num_statements": 192, "percent_covered": 99.47916666666667, "percent_covered_display": "99", "missing_lines": 1, "excluded_lines": 3, "percent_statements_covered": 99.47916666666667, "percent_statements_covered_display": "99"}, "missing_lines": [6945], "excluded_lines": [24, 25, 26], "start_line": 1}}, "classes": {"CycleValidationResult": {"executed_lines": [], "summary": {"covered_lines": 0, "num_statements": 0, "percent_covered": 100.0, "percent_covered_display": "100", "missing_lines": 0, "excluded_lines": 0, "percent_statements_covered": 100.0, "percent_statements_covered_display": "100"}, "missing_lines": [], "excluded_lines": [], "start_line": 100}, "": {"executed_lines": [8, 10, 11, 12, 13, 14, 15, 16, 17, 18, 19, 20, 21, 22, 28, 30, 31, 32, 33, 35, 36, 37, 38, 45, 53, 60, 61, 66, 73, 74, 82, 83, 89, 91, 93, 94, 95, 96, 99, 100, 103, 104, 105, 108, 110, 111, 112, 113, 121, 122, 143, 144, 145, 153, 177, 178, 180, 181, 185, 186, 187, 188, 190, 200, 202, 203, 216, 224, 225, 227, 228, 229, 233, 236, 238, 239, 241, 242, 243, 246, 248, 254, 256, 257, 258, 264, 280, 281, 282, 283, 284, 285, 286, 290, 291, 292, 302, 305, 312, 313, 314, 315, 318, 327, 328, 329, 330, 332, 333, 334, 337, 345, 346, 347, 348, 349, 350, 351, 352, 353, 354, 358, 361, 364, 366, 372, 375, 390, 393, 399, 402, 408, 409, 410, 411, 414, 415, 417, 418, 419, 422, 424, 425, 426, 428, 429, 430, 432, 435, 436, 437, 438, 440, 441, 442, 443, 444, 445, 447, 449, 450, 452, 458, 464, 465, 470, 473, 475, 477, 478, 479, 480, 481, 482, 485, 491, 492, 493, 494, 498, 499, 505, 506, 507, 508, 509, 510, 511, 513, 514, 517, 518, 519, 521, 523, 524, 529, 536, 537, 539, 551, 552, 559, 564, 573, 575, 576, 577, 578, 579, 580, 581, 582, 583, 584, 585, 586, 587, 594, 599, 602, 603, 604, 607, 636, 638, 640, 651, 662, 663, 665, 672, 678, 679, 680, 681, 682, 684, 685, 686, 689, 691, 692, 697, 698, 701, 704, 706, 715, 723, 730, 732, 734, 737, 755, 756, 758, 760, 781, 789, 926, 1021, 1038, 1039, 1041, 1042, 1043, 1044, 1045, 1046, 1047, 1048, 1049, 1050, 1051, 1052, 1053, 1055, 1056, 1058, 1059, 1060, 1062, 1064, 1065, 1076, 1077, 1078, 1079, 1083, 1086, 1088, 1089, 1090, 1092, 1093, 1094, 1095, 1100, 1102, 1103, 1109, 1110, 1111, 1112, 1113, 1122, 1173, 1254, 1256, 1259, 1269, 1272, 1294, 1295, 1296, 1297, 1299, 1300, 1301, 1304, 1305, 1306, 1307, 1308, 1311, 1552, 1582, 1583, 1597, 1598, 1599, 1600, 1605, 1610, 1611, 1612, 1613, 1614, 1615, 1616, 1619, 1620, 1621, 1622, 1623, 1624, 1625, 1626, 1629, 1631, 1632, 1636, 1637, 1641, 1642, 164
[...]
12, 131, 132, 133, 135, 136, 140, 141, 142, 146, 147, 151, 153, 154, 155, 157, 158, 161, 162, 163, 167, 171, 173, 174, 175, 177, 178, 179, 180, 182, 186, 187, 189, 193, 194, 195, 196, 197, 198, 200, 201, 204, 205, 206, 207, 209, 214, 224, 234, 248, 262, 292, 293, 311, 312, 313, 315, 316, 320, 321, 322, 330, 331, 332, 336, 337, 338, 341, 342, 343, 346, 347, 349, 350, 353, 356, 358, 359, 361, 362, 363, 364, 366, 370, 371, 373, 377, 378, 379, 380, 381, 382, 384, 385, 388, 389, 390, 391, 393], "summary": {"covered_lines": 114, "num_statements": 144, "percent_covered": 79.16666666666667, "percent_covered_display": "79", "missing_lines": 30, "excluded_lines": 4, "percent_statements_covered": 79.16666666666667, "percent_statements_covered_display": "79"}, "missing_lines": [137, 138, 148, 149, 159, 160, 183, 184, 190, 191, 202, 203, 210, 211, 317, 318, 333, 334, 344, 345, 351, 352, 367, 368, 374, 375, 386, 387, 394, 395], "excluded_lines": [26, 27, 29, 30], "start_line": 1}}}, "the_architect/tui/terminal.py": {"executed_lines": [3, 5, 6, 7, 9, 27, 30, 32, 33, 38, 40, 42, 43, 44, 49, 67, 68, 69, 70, 73, 74, 75, 76, 77, 78], "summary": {"covered_lines": 25, "num_statements": 30, "percent_covered": 83.33333333333333, "percent_covered_display": "83", "missing_lines": 5, "excluded_lines": 0, "percent_statements_covered": 83.33333333333333, "percent_statements_covered_display": "83"}, "missing_lines": [34, 35, 41, 45, 46], "excluded_lines": [], "functions": {"_stream_is_tty": {"executed_lines": [32, 33], "summary": {"covered_lines": 2, "num_statements": 4, "percent_covered": 50.0, "percent_covered_display": "50", "missing_lines": 2, "excluded_lines": 0, "percent_statements_covered": 50.0, "percent_statements_covered_display": "50"}, "missing_lines": [34, 35], "excluded_lines": [], "start_line": 30}, "_write_restore_sequence": {"executed_lines": [40, 42, 43, 44], "summary": {"covered_lines": 4, "num_statements": 7, "percent_covered": 57.142857142857146, "percent_covered_display": "57", "missing_lines": 3, "excluded_lines": 0, "percent_statements_covered": 57.142857142857146, "percent_statements_covered_display": "57"}, "missing_lines": [41, 45, 46], "excluded_lines": [], "start_line": 38}, "restore_terminal_input_modes": {"executed_lines": [67, 68, 69, 70, 73, 74, 75, 76, 77, 78], "summary": {"covered_lines": 10, "num_statements": 10, "percent_covered": 100.0, "percent_covered_display": "100", "missing_lines": 0, "excluded_lines": 0, "percent_statements_covered": 100.0, "percent_statements_covered_display": "100"}, "missing_lines": [], "excluded_lines": [], "start_line": 49}, "": {"executed_lines": [3, 5, 6, 7, 9, 27, 30, 38, 49], "summary": {"covered_lines": 9, "num_statements": 9, "percent_covered": 100.0, "percent_covered_display": "100", "missing_lines": 0, "excluded_lines": 0, "percent_statements_covered": 100.0, "percent_statements_covered_display": "100"}, "missing_lines": [], "excluded_lines": [], "start_line": 1}}, "classes": {"": {"executed_lines": [3, 5, 6, 7, 9, 27, 30, 32, 33, 38, 40, 42, 43, 44, 49, 67, 68, 69, 70, 73, 74, 75, 76, 77, 78], "summary": {"covered_lines": 25, "num_statements": 30, "percent_covered": 83.33333333333333, "percent_covered_display": "83", "missing_lines": 5, "excluded_lines": 0, "percent_statements_covered": 83.33333333333333, "percent_statements_covered_display": "83"}, "missing_lines": [34, 35, 41, 45, 46], "excluded_lines": [], "start_line": 1}}}, "the_architect/tui/widgets.py": {"executed_lines": [25, 27, 28, 30, 31, 32, 33, 34, 35, 36, 39, 48, 49, 55, 56, 60, 61, 68, 75, 76, 78, 79, 83, 84, 98, 166, 180, 181, 187, 209, 213, 214, 216, 229, 231, 232, 235, 236, 239, 241, 244, 245, 247, 250, 251, 252, 255, 256, 257, 258, 262, 263, 265, 279, 280, 281, 282, 283, 284, 285, 288, 300, 301, 302, 303, 305, 306, 308, 309, 310, 311, 315, 317, 318, 319, 320, 322, 348, 352, 353, 354, 355, 356, 359, 365, 394, 429, 434, 437, 438, 439, 441, 442, 447, 475, 476, 477, 478, 482, 484, 488, 489, 496, 498, 514, 526, 527, 528, 530, 532, 534, 535, 539, 541, 543, 545], "summary": {"covered_lines": 116, "num_statements": 130, "percent_covered": 89.23076923076923, "percent_covered_display": "89", "missing_lines": 14, "excluded_lines": 0, "percent_statements_covered": 89.23076923076923, "percent_statements_covered_display": "89"}, "missing_lines": [357, 358, 445, 483, 505, 506, 507, 509, 510, 542, 547, 548, 550, 551], "excluded_lines": [], "functions": {"BlankOffCheckbox._button": {"executed_lines": [55, 56, 60, 61], "summary": {"covered_lines": 4, "num_statements": 4, "percent_covered": 100.0, "percent_covered_display": "100", "missing_lines": 0, "excluded_lines": 0, "percent_statements_covered": 100.0, "percent_statements_covered_display": "100"}, "missing_lines": [], "excluded_lines": [], "start_line": 49}, "BlankOffRadioButton._button": {"executed_lines": [78, 79, 83, 84], "summary": {"covered_lines": 4, "num_statements": 4, "percent_covered": 100.0, "percent_covered_display": "100", "missing_lines": 0, "excluded_lines": 0, "percent_statements_covered": 100.0, "percent_statements_covered_display": "100"}, "missing_lines": [], "excluded_lines": [], "start_line": 76}, "next_matrix_frame": {"executed_lines": [180, 181], "summary": {"covered_lines": 2, "num_statements": 2, "percent_covered": 100.0, "percent_covered_display": "100", "missing_lines": 0, "excluded_lines": 0, "percent_statements_covered": 100.0, "percent_statements_covered_display": "100"}, "missing_lines": [], "excluded_lines": [], "start_line": 166}, "MatrixRain.__init__": {"executed_lines": [232, 235, 236, 239], "summary": {"covered_lines": 4, "num_statements": 4, "percent_covered": 100.0, "percent_covered_display": "100", "missing_lines": 0, "excluded_lines": 0, "percent_statements_covered": 100.0, "percent_statements_covered_display": "100"}, "missing_lines": [], "excluded_lines": [], "start_line": 231}, "MatrixRain.on_mount": {"executed_lines": [244, 245], "summary": {"covered_lines": 2, "num_statements": 2, "percent_covered": 100.0, "percent_covered_display": "100", "missing_lines": 0, "excluded_lines": 0, "percent_statements_covered": 100.0, "percent_statements_covered_display": "100"}, "missing_lines": [], "excluded_lines": [], "start_line": 241}, "MatrixRain._tick": {"executed_lines": [250, 251, 252, 255, 256, 257, 258], "summary": {"covered_lines": 7, "num_statements": 7, "percent_covered": 100.0, "percent_covered_display": "100", "missing_lines": 0, "excluded_lines": 0, "percent_statements_covered": 100.0, "percent_statements_covered_display": "100"}, "missing_lines": [], "excluded_lines": [], "start_line": 247}, "MatrixRain.render": {"executed_lines": [263], "summary": {"covered_lines": 1, "num_statements": 1, "percent_covered": 100.0, "percent_covered_display": "100", "missing_lines": 0, "excluded_lines": 0, "percent_statements_covered": 100.0, "percent_statements_covered_display": "100"}, "missing_lines": [], "excluded_lines": [], "start_line": 262}, "MatrixRain._build_frame": {"executed_lines": [279, 280, 281, 282, 283, 284, 285, 288, 300, 301, 302, 303, 305, 306, 308, 309, 310, 311, 315, 317, 318, 319, 320], "summary": {"covered_lines": 23, "num_statements": 23, "percent_covered": 100.0, "percent_covered_display": "100", "missing_lines": 0, "excluded_lines": 0, "percent_statements_covered": 100.0, "percent_statements_covered_display": "100"}, "missing_lines": [], "excluded_lines": [], "start_line": 265}, "MatrixRain._resolve_style": {"executed_lines": [348, 352, 353, 354, 355, 356, 359], "summary": {"covered_lines": 7, "num_statements": 9, "percent_covered": 77.77777777777777, "percent_covered_display": "78", "missing_lines": 2, "excluded_lines": 0, "percent_statements_covered": 77.77777777777777, "percent_statements_covered_display": "78"}, "missing_lines": [357, 358], "excluded_lines": [], "start_line": 322}, "MatrixButton.Pressed.__init__": {"executed_lines": [438, 439], "summary": {"covered_lines": 2, "num_statements": 2, "percent_covered": 100.0, "percent_covered_display": "100", "missing_lines": 0, "excluded_lines": 0, "percent_statements_covered": 100.0, "percent_statements_covered_display": "100"}, "missing_lines": [], "excluded_lines": [], "start_line": 437}, "MatrixButton.Pressed.control": {"executed_lines": [], "summary": {"covered_lines": 0, "num_statements": 1, "percent_covered": 0.0, "percent_covered_display": "0", "missing_lines": 1, "excluded_lines": 0, "percent_statements_covered": 0.0, "percent_statements_covered_display": "0"}, "missing_lines": [445], "excluded_lines": [], "start_line": 442}, "MatrixButton.__init__": {"executed_lines": [475, 476, 477, 478, 482, 484], "summary": {"covered_lines": 6, "num_statements": 7, "percent_covered": 85.71428571428571, "percent_covered_display": "86", "missing_lines": 1, "excluded_lines": 0, "percent_statements_covered": 85.71428571428571, "percent_statements_covered_display": "86"}, "missing_lines": [483], "excluded_lines": [], "start_line": 447}, "MatrixButton.is_disabled": {"executed_lines": [496], "summary": {"covered_lines": 1, "num_statements": 1, "percent_covered": 100.0, "percent_covered_display": "100", "missing_lines": 0, "excluded_lines": 0, "percent_statements_covered": 100.0, "percent_statements_covered_display": "100"}, "missing_lines": [], "excluded_lines": [], "start_line": 489}, "MatrixButton.set_disabled": {"executed_lines": [], "summary": {"covered_lines": 0, "num_statements": 5, "percent_covered": 0.0, "percent_covered_display": "0", "missing_lines": 5, "excluded_lines": 0, "percent_statements_covered": 0.0, "percent_statements_covered_display": "0"}, "missing_lines": [505, 506, 507, 509, 510], "excluded_lines": [], "start_line": 498}, "MatrixButton._refresh_content": {"executed_lines": [526, 527, 528], "summary": {"covered_lines": 3, "num_statements": 3, "percent_covered": 100.0, "percent_covered_display": "100", "missing_lines": 0, "excluded_lines": 0, "percent_statements_covered": 100.0, "percent_statements_covered_display": "100"}, "missing_lines": [], "excluded_lines": [], "start_line": 514}, "MatrixButton.on_focus": {"executed_lines": [532], "summary": {"covered_lines": 1, "num_statements": 1, "percent_covered": 100.0, "percent_covered_display": "100", "missing_lines": 0, "excluded_lines": 0, "percent_statements_covered": 100.0, "percent_statements_covered_display": "100"}, "missing_lines": [], "excluded_lines": [], "start_line": 530}, "MatrixButton.on_blur": {"executed_lines": [535], "summary": {"covered_lines": 1, "num_statements": 1, "percent_covered": 100.0, "percent_covered_display": "100", "missing_lines": 0, "excluded_lines": 0, "percent_statements_covered": 100.0, "percent_statements_covered_display": "100"}, "missing_lines": [], "excluded_lines": [], "start_line": 534}, "MatrixButton.action_press": {"executed_lines": [541, 543], "summary": {"covered_lines": 2, "num_statements": 3, "percent_covered": 66.66666666666667, "percent_covered_display": "67", "missing_lines": 1, "excluded_lines": 0, "percent_statements_covered": 66.66666666666667, "percent_statements_covered_display": "67"}, "missing_lines": [542], "excluded_lines": [], "start_line": 539}, "MatrixButton.on_click": {"executed_lines": [], "summary": {"covered_lines": 0, "num_statements": 4, "percent_covered": 0.0, "percent_covered_display": "0", "missing_lines": 4, "excluded_lines": 0, "percent_statements_covered": 0.0, "percent_statements_covered_display": "0"}, "missing_lines": [547, 548, 550, 551], "excluded_lines": [], "start_line": 545}, "": {"executed_lines": [25, 27, 28, 30, 31, 32, 33, 34, 35, 36, 39, 48, 49, 68, 75, 76, 98, 166, 187, 209, 213, 214, 216, 229, 231, 241, 247, 262, 265, 322, 365, 394, 429, 434, 437, 441, 442, 447, 488, 489, 498, 514, 530, 534, 539, 545], "summary": {"covered_lines": 46, "num_statements": 46, "percent_covered": 100.0, "percent_covered_display": "100", "missing_lines": 0, "excluded_lines": 0, "percent_statements_covered": 100.0, "percent_statements_covered_display": "100"}, "missing_lines": [], "excluded_lines": [], "start_line": 1}}, "classes": {"BlankOffCheckbox": {"executed_lines": [55, 56, 60, 61], "summary": {"covered_lines": 4, "num_statements": 4, "percent_covered": 100.0, "percent_covered_display": "100", "missing_lines": 0, "excluded_lines": 0, "percent_statements_covered": 100.0, "percent_statements_covered_display": "100"}, "missing_lines": [], "excluded_lines": [], "start_line": 39}, "BlankOffRadioButton": {"executed_lines": [78, 79, 83, 84], "summary": {"covered_lines": 4, "num_statements": 4, "percent_covered": 100.0, "percent_covered_display": "100", "missing_lines": 0, "excluded_lines": 0, "percent_statements_covered": 100.0, "percent_statements_covered_display": "100"}, "missing_lines": [], "excluded_lines": [], "start_line": 68}, "MatrixRain": {"executed_lines": [232, 235, 236, 239, 244, 245, 250, 251, 252, 255, 256, 257, 258, 263, 279, 280, 281, 282, 283, 284, 285, 288, 300, 301, 302, 303, 305, 306, 308, 309, 310, 311, 315, 317, 318, 319, 320, 348, 352, 353, 354, 355, 356, 359], "summary": {"covered_lines": 44, "num_statements": 46, "percent_covered": 95.65217391304348, "percent_covered_display": "96", "missing_lines": 2, "excluded_lines": 0, "percent_statements_covered": 95.65217391304348, "percent_statements_covered_display": "96"}, "missing_lines": [357, 358], "excluded_lines": [], "start_line": 187}, "MatrixButton": {"executed_lines": [475, 476, 477, 478, 482, 484, 496, 526, 527, 528, 532, 535, 541, 543], "summary": {"covered_lines": 14, "num_statements": 25, "percent_covered": 56.0, "percent_covered_display": "56", "missing_lines": 11, "excluded_lines": 0, "percent_statements_covered": 56.0, "percent_statements_covered_display": "56"}, "missing_lines": [483, 505, 506, 507, 509, 510, 542, 547, 548, 550, 551], "excluded_lines": [], "start_line": 365}, "MatrixButton.Pressed": {"executed_lines": [438, 439], "summary": {"covered_lines": 2, "num_statements": 3, "percent_covered": 66.66666666666667, "percent_covered_display": "67", "missing_lines": 1, "excluded_lines": 0, "percent_statements_covered": 66.66666666666667, "percent_statements_covered_display": "67"}, "missing_lines": [445], "excluded_lines": [], "start_line": 434}, "": {"executed_lines": [25, 27, 28, 30, 31, 32, 33, 34, 35, 36, 39, 48, 49, 68, 75, 76, 98, 166, 180, 181, 187, 209, 213, 214, 216, 229, 231, 241, 247, 262, 265, 322, 365, 394, 429, 434, 437, 441, 442, 447, 488, 489, 498, 514, 530, 534, 539, 545], "summary": {"covered_lines": 48, "num_statements": 48, "percent_covered": 100.0, "percent_covered_display": "100", "missing_lines": 0, "excluded_lines": 0, "percent_statements_covered": 100.0, "percent_statements_covered_display": "100"}, "missing_lines": [], "excluded_lines": [], "start_line": 1}}}, "the_architect/version.py": {"executed_lines": [7, 9, 10, 11, 14, 27, 28, 29, 32, 33, 34, 35, 38, 41, 51, 52, 54, 55, 56, 58, 59, 60, 61, 64, 67, 73, 74, 75, 79, 81, 82, 83, 84, 87, 88, 93, 104, 116, 117, 118, 119, 120, 121, 123, 124, 125, 126, 128, 129, 130, 131, 132, 135, 137, 138, 139, 140, 141, 142, 144, 145, 146, 147, 148, 152, 154, 156, 159, 160, 161, 162], "summary": {"covered_lines": 71, "num_statements": 84, "percent_covered": 84.52380952380952, "percent_covered_display": "85", "missing_lines": 13, "excluded_lines": 0, "percent_statements_covered": 84.52380952380952, "percent_statements_covered_display": "85"}, "missing_lines": [76, 85, 89, 90, 95, 96, 97, 98, 100, 101, 143, 149, 155], "excluded_lines": [], "functions": {"get_version": {"executed_lines": [27, 28, 29, 32, 33, 34, 35, 38], "summary": {"covered_lines": 8, "num_statements": 8, "percent_covered": 100.0, "percent_covered_display": "100", "missing_lines": 0, "excluded_lines": 0, "percent_statements_covered": 100.0, "percent_statements_covered_display": "100"}, "missing_lines": [], "excluded_lines": [], "start_line": 14}, "_read_version_from_pyproject": {"executed_lines": [51, 52, 54, 55, 56, 58, 59, 60, 61, 64], "summary": {"covered_lines": 10, "num_statements": 10, "percent_covered": 100.0, "percent_covered_display": "100", "missing_lines": 0, "excluded_lines": 0, "percent_statements_covered": 100.0, "percent_statements_covered_display": "100"}, "missing_lines": [], "excluded_lines": [], "start_line": 41}, "get_build": {"executed_lines": [73, 74, 75], "summary": {"covered_lines": 3, "num_statements": 4, "percent_covered": 75.0, "percent_covered_display": "75", "missing_lines": 1, "excluded_lines": 0, "percent_statements_covered": 75.0, "percent_statements_covered_display": "75"}, "missing_lines": [76], "excluded_lines": [], "start_line": 67}, "_read_build_from_root_version": {"executed_lines": [81, 82, 83, 84, 87, 88], "summary": {"covered_lines": 6, "num_statements": 9, "percent_covered": 66.66666666666667, "percent_covered_display": "67", "missing_lines": 3, "excluded_lines": 0, "percent_statements_covered": 66.66666666666667, "percent_statements_covered_display": "67"}, "missing_lines": [85, 89, 90], "excluded_lines": [], "start_line": 79}, "_read_build_from_packaged_snapshot": {"executed_lines": [], "summary": {"covered_lines": 0, "num_statements": 6, "percent_covered": 0.0, "percent_covered_display": "0", "missing_lines": 6, "excluded_lines": 0, "percent_statements_covered": 0.0, "percent_statements_covered_display": "0"}, "missing_lines": [95, 96, 97, 98, 100, 101], "excluded_lines": [], "start_line": 93}, "_extract_version_from_toml": {"executed_lines": [116, 117, 118, 119, 120, 121, 123, 124, 125, 126, 128, 129, 130, 131, 132], "summary": {"covered_lines": 15, "num_statements": 15, "percent_covered": 100.0, "percent_covered_display": "100", "missing_lines": 0, "excluded_lines": 0, "percent_statements_covered": 100.0, "percent_statements_covered_display": "100"}, "missing_lines": [], "excluded_lines": [], "start_line": 104}, "_extract_build_from_python": {"executed_lines": [137, 138, 139, 140, 141, 142, 144, 145, 146, 147, 148], "summary": {"covered_lines": 11, "num_statements": 13, "percent_covered": 84.61538461538461, "percent_covered_display": "85", "missing_lines": 2, "excluded_lines": 0, "percent_statements_covered": 84.61538461538461, "percent_statements_covered_display": "85"}, "missing_lines": [143, 149], "excluded_lines": [], "start_line": 135}, "get_full_version": {"executed_lines": [154, 156], "summary": {"covered_lines": 2, "num_statements": 3, "percent_covered": 66.66666666666667, "percent_covered_display": "67", "missing_lines": 1, "excluded_lines": 0, "percent_statements_covered": 66.66666666666667, "percent_statements_covered_display": "67"}, "missing_lines": [155], "excluded_lines": [], "start_line": 152}, "": {"executed_lines": [7, 9, 10, 11, 14, 41, 67, 79, 93, 104, 135, 152, 159, 160, 161, 162], "summary": {"covered_lines": 16, "num_statements": 16, "percent_covered": 100.0, "percent_covered_display": "100", "missing_lines": 0, "excluded_lines": 0, "percent_statements_covered": 100.0, "percent_statements_covered_display": "100"}, "missing_lines": [], "excluded_lines": [], "start_line": 1}}, "classes": {"": {"executed_lines": [7, 9, 10, 11, 14, 27, 28, 29, 32, 33, 34, 35, 38, 41, 51, 52, 54, 55, 56, 58, 59, 60, 61, 64, 67, 73, 74, 75, 79, 81, 82, 83, 84, 87, 88, 93, 104, 116, 117, 118, 119, 120, 121, 123, 124, 125, 126, 128, 129, 130, 131, 132, 135, 137, 138, 139, 140, 141, 142, 144, 145, 146, 147, 148, 152, 154, 156, 159, 160, 161, 162], "summary": {"covered_lines": 71, "num_statements": 84, "percent_covered": 84.52380952380952, "percent_covered_display": "85", "missing_lines": 13, "excluded_lines": 0, "percent_statements_covered": 84.52380952380952, "percent_statements_covered_display": "85"}, "missing_lines": [76, 85, 89, 90, 95, 96, 97, 98, 100, 101, 143, 149, 155], "excluded_lines": [], "start_line": 1}}}}, "totals": {"covered_lines": 12259, "num_statements": 14566, "percent_covered": 84.16174653302211, "percent_covered_display": "84", "missing_lines": 2307, "excluded_lines": 113, "percent_statements_covered": 84.16174653302211, "percent_statements_covered_display": "84"}}